#
# There is insufficient memory for the Java Runtime Environment to continue.
# Native memory allocation (mmap) failed to map 72351744 bytes for Failed to commit area from 0x00000000e6400000 to 0x00000000ea900000 of length 72351744.
# Possible reasons:
#   The system is out of physical RAM or swap space
#   The process is running with CompressedOops enabled, and the Java Heap may be blocking the growth of the native heap
# Possible solutions:
#   Reduce memory load on the system
#   Increase physical memory or swap space
#   Check if swap backing store is full
#   Decrease Java heap size (-Xmx/-Xms)
#   Decrease number of Java threads
#   Decrease Java thread stack sizes (-Xss)
#   Set larger code cache with -XX:ReservedCodeCacheSize=
#   JVM is running with Unscaled Compressed Oops mode in which the Java heap is
#     placed in the first 4GB address space. The Java Heap base address is the
#     maximum limit for the native heap growth. Please use -XX:HeapBaseMinAddress
#     to set the Java Heap base and to place the Java Heap above 4GB virtual address.
# This output file may be truncated or incomplete.
#
#  Out of Memory Error (./src/hotspot/os/windows/os_windows.cpp:3311), pid=6348, tid=11028
#
# JRE version: OpenJDK Runtime Environment Temurin-11.0.12+7 (11.0.12+7) (build 11.0.12+7)
# Java VM: OpenJDK 64-Bit Server VM Temurin-11.0.12+7 (11.0.12+7, mixed mode, tiered, compressed oops, g1 gc, windows-amd64)
# No core dump will be written. Minidumps are not enabled by default on client versions of Windows
#

---------------  S U M M A R Y ------------

Command Line: -Xms64m -Xmx512m -Dapp.name=ltex-ls -Dapp.repo=d:\estragio\.vscode\extensions\valentjn.vscode-ltex-13.1.0\lib\ltex-ls-15.2.0\lib -Dapp.home=d:\estragio\.vscode\extensions\valentjn.vscode-ltex-13.1.0\lib\ltex-ls-15.2.0 -Dbasedir=d:\estragio\.vscode\extensions\valentjn.vscode-ltex-13.1.0\lib\ltex-ls-15.2.0 org.bsplines.ltexls.LtexLanguageServerLauncher

Host: Intel(R) Core(TM) i5-9400H CPU @ 2.50GHz, 8 cores, 15G,  Windows 10 , 64 bit Build 18362 (10.0.18362.1500)
Time: Thu Nov  9 17:52:34 2023 Paris, Madrid elapsed time: 2.771226 seconds (0d 0h 0m 2s)

---------------  T H R E A D  ---------------

Current thread (0x0000016836283800):  VMThread "VM Thread" [stack: 0x000000206bc00000,0x000000206bd00000] [id=11028]

Stack: [0x000000206bc00000,0x000000206bd00000]
[error occurred during error reporting (printing stack bounds), id 0xc0000005, EXCEPTION_ACCESS_VIOLATION (0xc0000005) at pc=0x0000016822a9112d]

Native frames: (J=compiled Java code, j=interpreted, Vv=VM code, C=native code)
V  [jvm.dll+0x601d0a]
V  [jvm.dll+0x78ab6e]
V  [jvm.dll+0x78c23f]
V  [jvm.dll+0x78c865]
V  [jvm.dll+0x78c81b]
V  [jvm.dll+0x6011f3]
V  [jvm.dll+0x601908]
C  [ntdll.dll+0xa1fff]
C  [ntdll.dll+0x6aad9]
C  [ntdll.dll+0xa0c6e]
C  0x0000016822a9112d

VM_Operation (0x000000206b6fd060): G1CollectForAllocation, mode: safepoint, requested by thread 0x000001681d51d000


---------------  P R O C E S S  ---------------

Threads class SMR info:
_java_thread_list=0x0000016839011050, length=12, elements={
0x000001681d51d000, 0x0000016836286800, 0x0000016836a92800, 0x0000016836aa3000,
0x0000016836aa7000, 0x0000016836aa8800, 0x0000016836ab7800, 0x0000016836abc000,
0x0000016836abd000, 0x0000016836ba1800, 0x00000168375e6800, 0x000001683810c800
}

Java Threads: ( => current thread )
  0x000001681d51d000 JavaThread "main" [_thread_blocked, id=26012, stack(0x000000206b600000,0x000000206b700000)]
  0x0000016836286800 JavaThread "Reference Handler" daemon [_thread_blocked, id=25208, stack(0x000000206bd00000,0x000000206be00000)]
  0x0000016836a92800 JavaThread "Finalizer" daemon [_thread_blocked, id=28588, stack(0x000000206be00000,0x000000206bf00000)]
  0x0000016836aa3000 JavaThread "Signal Dispatcher" daemon [_thread_blocked, id=25996, stack(0x000000206bf00000,0x000000206c000000)]
  0x0000016836aa7000 JavaThread "Attach Listener" daemon [_thread_blocked, id=25828, stack(0x000000206c000000,0x000000206c100000)]
  0x0000016836aa8800 JavaThread "Service Thread" daemon [_thread_blocked, id=16048, stack(0x000000206c100000,0x000000206c200000)]
  0x0000016836ab7800 JavaThread "C2 CompilerThread0" daemon [_thread_in_native, id=14572, stack(0x000000206c200000,0x000000206c300000)]
  0x0000016836abc000 JavaThread "C1 CompilerThread0" daemon [_thread_blocked, id=26660, stack(0x000000206c300000,0x000000206c400000)]
  0x0000016836abd000 JavaThread "Sweeper thread" daemon [_thread_blocked, id=11432, stack(0x000000206c400000,0x000000206c500000)]
  0x0000016836ba1800 JavaThread "Common-Cleaner" daemon [_thread_blocked, id=27352, stack(0x000000206c600000,0x000000206c700000)]
  0x00000168375e6800 JavaThread "C2 CompilerThread1" daemon [_thread_blocked, id=15316, stack(0x000000206c700000,0x000000206c800000)]
  0x000001683810c800 JavaThread "C2 CompilerThread2" daemon [_thread_blocked, id=24156, stack(0x000000206c900000,0x000000206ca00000)]

Other Threads:
=>0x0000016836283800 VMThread "VM Thread" [stack: 0x000000206bc00000,0x000000206bd00000] [id=11028]
  0x0000016836c68000 WatcherThread [stack: 0x000000206c500000,0x000000206c600000] [id=28520]
  0x000001681d536800 GCTaskThread "GC Thread#0" [stack: 0x000000206b700000,0x000000206b800000] [id=17784]
  0x0000016837af6800 GCTaskThread "GC Thread#1" [stack: 0x000000206c800000,0x000000206c900000] [id=1648]
  0x000001681d54a800 ConcurrentGCThread "G1 Main Marker" [stack: 0x000000206b800000,0x000000206b900000] [id=252]
  0x000001681d54d000 ConcurrentGCThread "G1 Conc#0" [stack: 0x000000206b900000,0x000000206ba00000] [id=20868]
  0x0000016839194800 ConcurrentGCThread "G1 Conc#1" [stack: 0x000000206ca00000,0x000000206cb00000] [id=24752]
  0x00000168360c9800 ConcurrentGCThread "G1 Refine#0" [stack: 0x000000206ba00000,0x000000206bb00000] [id=1120]
  0x000001683a3a0800 ConcurrentGCThread "G1 Refine#1" [stack: 0x000000206cb00000,0x000000206cc00000] [id=18652]
  0x0000016839a3f000 ConcurrentGCThread "G1 Refine#2" [stack: 0x000000206cc00000,0x000000206cd00000] [id=22048]
  0x00000168360ca800 ConcurrentGCThread "G1 Young RemSet Sampling" [stack: 0x000000206bb00000,0x000000206bc00000] [id=27856]

Threads with active compile tasks:
C2 CompilerThread0   2785 2732 % !   4       com.optimaize.langdetect.frma.LangProfileReader::read @ 203 (372 bytes)
C2 CompilerThread1   2785 2336       4       org.languagetool.rules.patterns.PatternRuleHandler::startElement (2843 bytes)
C2 CompilerThread2   2785 2731 % !   4       com.optimaize.langdetect.profiles.OldLangProfileConverter::convert @ 47 (103 bytes)

VM state:at safepoint (normal execution)

VM Mutex/Monitor currently owned by a thread:  ([mutex/lock_event])
[0x000001681d51a0b0] Threads_lock - owner thread: 0x0000016836283800
[0x000001681d51a890] Heap_lock - owner thread: 0x000001681d51d000

Heap address: 0x00000000e0000000, size: 512 MB, Compressed Oops mode: 32-bit
Narrow klass base: 0x0000000000000000, Narrow klass shift: 3
Compressed class space size: 1073741824 Address: 0x0000000100000000

Heap:
 garbage-first heap   total 173056K, used 66048K [0x00000000e0000000, 0x0000000100000000)
  region size 1024K, 3 young (3072K), 3 survivors (3072K)
 Metaspace       used 21584K, capacity 21886K, committed 22144K, reserved 1069056K
  class space    used 2207K, capacity 2351K, committed 2432K, reserved 1048576K
Heap Regions: E=young(eden), S=young(survivor), O=old, HS=humongous(starts), HC=humongous(continues), CS=collection set, F=free, A=archive, TAMS=top-at-mark-start (previous, next)
|   0|0x00000000e0000000, 0x00000000e0100000, 0x00000000e0100000|100%| O|  |TAMS 0x00000000e0100000, 0x00000000e0100000| Untracked 
|   1|0x00000000e0100000, 0x00000000e0200000, 0x00000000e0200000|100%| O|  |TAMS 0x00000000e0200000, 0x00000000e0200000| Untracked 
|   2|0x00000000e0200000, 0x00000000e0300000, 0x00000000e0300000|100%| O|  |TAMS 0x00000000e0300000, 0x00000000e0300000| Untracked 
|   3|0x00000000e0300000, 0x00000000e0400000, 0x00000000e0400000|100%| O|  |TAMS 0x00000000e0400000, 0x00000000e0400000| Untracked 
|   4|0x00000000e0400000, 0x00000000e0500000, 0x00000000e0500000|100%| O|  |TAMS 0x00000000e0500000, 0x00000000e0500000| Untracked 
|   5|0x00000000e0500000, 0x00000000e0600000, 0x00000000e0600000|100%| O|  |TAMS 0x00000000e0600000, 0x00000000e0600000| Untracked 
|   6|0x00000000e0600000, 0x00000000e0700000, 0x00000000e0700000|100%| O|  |TAMS 0x00000000e0700000, 0x00000000e0700000| Untracked 
|   7|0x00000000e0700000, 0x00000000e0800000, 0x00000000e0800000|100%| O|  |TAMS 0x00000000e0800000, 0x00000000e0800000| Untracked 
|   8|0x00000000e0800000, 0x00000000e0900000, 0x00000000e0900000|100%| O|  |TAMS 0x00000000e0900000, 0x00000000e0900000| Untracked 
|   9|0x00000000e0900000, 0x00000000e0a00000, 0x00000000e0a00000|100%| O|  |TAMS 0x00000000e0a00000, 0x00000000e0a00000| Untracked 
|  10|0x00000000e0a00000, 0x00000000e0b00000, 0x00000000e0b00000|100%| O|  |TAMS 0x00000000e0b00000, 0x00000000e0b00000| Untracked 
|  11|0x00000000e0b00000, 0x00000000e0c00000, 0x00000000e0c00000|100%| O|  |TAMS 0x00000000e0c00000, 0x00000000e0c00000| Untracked 
|  12|0x00000000e0c00000, 0x00000000e0d00000, 0x00000000e0d00000|100%| O|  |TAMS 0x00000000e0d00000, 0x00000000e0d00000| Untracked 
|  13|0x00000000e0d00000, 0x00000000e0e00000, 0x00000000e0e00000|100%| O|  |TAMS 0x00000000e0e00000, 0x00000000e0e00000| Untracked 
|  14|0x00000000e0e00000, 0x00000000e0f00000, 0x00000000e0f00000|100%| O|  |TAMS 0x00000000e0f00000, 0x00000000e0f00000| Untracked 
|  15|0x00000000e0f00000, 0x00000000e1000000, 0x00000000e1000000|100%| O|  |TAMS 0x00000000e1000000, 0x00000000e1000000| Untracked 
|  16|0x00000000e1000000, 0x00000000e1100000, 0x00000000e1100000|100%| O|  |TAMS 0x00000000e1100000, 0x00000000e1100000| Untracked 
|  17|0x00000000e1100000, 0x00000000e1200000, 0x00000000e1200000|100%| O|  |TAMS 0x00000000e1200000, 0x00000000e1200000| Untracked 
|  18|0x00000000e1200000, 0x00000000e1300000, 0x00000000e1300000|100%| O|  |TAMS 0x00000000e1300000, 0x00000000e1300000| Untracked 
|  19|0x00000000e1300000, 0x00000000e1400000, 0x00000000e1400000|100%| O|  |TAMS 0x00000000e1400000, 0x00000000e1400000| Untracked 
|  20|0x00000000e1400000, 0x00000000e1500000, 0x00000000e1500000|100%| O|  |TAMS 0x00000000e1500000, 0x00000000e1500000| Untracked 
|  21|0x00000000e1500000, 0x00000000e1600000, 0x00000000e1600000|100%| O|  |TAMS 0x00000000e1600000, 0x00000000e1600000| Untracked 
|  22|0x00000000e1600000, 0x00000000e1700000, 0x00000000e1700000|100%|HS|  |TAMS 0x00000000e1700000, 0x00000000e1700000| Complete 
|  23|0x00000000e1700000, 0x00000000e1800000, 0x00000000e1800000|100%| O|  |TAMS 0x00000000e1800000, 0x00000000e1800000| Untracked 
|  24|0x00000000e1800000, 0x00000000e1900000, 0x00000000e1900000|100%| O|  |TAMS 0x00000000e1900000, 0x00000000e1900000| Untracked 
|  25|0x00000000e1900000, 0x00000000e1a00000, 0x00000000e1a00000|100%| O|  |TAMS 0x00000000e1a00000, 0x00000000e1a00000| Untracked 
|  26|0x00000000e1a00000, 0x00000000e1b00000, 0x00000000e1b00000|100%| O|  |TAMS 0x00000000e1b00000, 0x00000000e1b00000| Untracked 
|  27|0x00000000e1b00000, 0x00000000e1c00000, 0x00000000e1c00000|100%| O|  |TAMS 0x00000000e1c00000, 0x00000000e1c00000| Untracked 
|  28|0x00000000e1c00000, 0x00000000e1d00000, 0x00000000e1d00000|100%| O|  |TAMS 0x00000000e1d00000, 0x00000000e1d00000| Untracked 
|  29|0x00000000e1d00000, 0x00000000e1e00000, 0x00000000e1e00000|100%| O|  |TAMS 0x00000000e1e00000, 0x00000000e1e00000| Untracked 
|  30|0x00000000e1e00000, 0x00000000e1f00000, 0x00000000e1f00000|100%| O|  |TAMS 0x00000000e1f00000, 0x00000000e1f00000| Untracked 
|  31|0x00000000e1f00000, 0x00000000e2000000, 0x00000000e2000000|100%| O|  |TAMS 0x00000000e1fe4000, 0x00000000e2000000| Untracked 
|  32|0x00000000e2000000, 0x00000000e2100000, 0x00000000e2100000|100%| O|  |TAMS 0x00000000e2000000, 0x00000000e2100000| Untracked 
|  33|0x00000000e2100000, 0x00000000e2200000, 0x00000000e2200000|100%| O|  |TAMS 0x00000000e2100000, 0x00000000e2200000| Untracked 
|  34|0x00000000e2200000, 0x00000000e2300000, 0x00000000e2300000|100%| O|  |TAMS 0x00000000e2200000, 0x00000000e2300000| Untracked 
|  35|0x00000000e2300000, 0x00000000e2400000, 0x00000000e2400000|100%| O|  |TAMS 0x00000000e2300000, 0x00000000e2400000| Untracked 
|  36|0x00000000e2400000, 0x00000000e2500000, 0x00000000e2500000|100%| O|  |TAMS 0x00000000e2400000, 0x00000000e2500000| Untracked 
|  37|0x00000000e2500000, 0x00000000e2600000, 0x00000000e2600000|100%| O|  |TAMS 0x00000000e2500000, 0x00000000e2600000| Untracked 
|  38|0x00000000e2600000, 0x00000000e2700000, 0x00000000e2700000|100%| O|  |TAMS 0x00000000e2600000, 0x00000000e2700000| Untracked 
|  39|0x00000000e2700000, 0x00000000e2800000, 0x00000000e2800000|100%| O|  |TAMS 0x00000000e2700000, 0x00000000e2800000| Untracked 
|  40|0x00000000e2800000, 0x00000000e2900000, 0x00000000e2900000|100%| O|  |TAMS 0x00000000e2800000, 0x00000000e2900000| Untracked 
|  41|0x00000000e2900000, 0x00000000e2a00000, 0x00000000e2a00000|100%| O|  |TAMS 0x00000000e2900000, 0x00000000e2a00000| Untracked 
|  42|0x00000000e2a00000, 0x00000000e2b00000, 0x00000000e2b00000|100%| O|  |TAMS 0x00000000e2a00000, 0x00000000e2b00000| Untracked 
|  43|0x00000000e2b00000, 0x00000000e2c00000, 0x00000000e2c00000|100%| O|  |TAMS 0x00000000e2b00000, 0x00000000e2c00000| Untracked 
|  44|0x00000000e2c00000, 0x00000000e2d00000, 0x00000000e2d00000|100%| O|  |TAMS 0x00000000e2c00000, 0x00000000e2d00000| Untracked 
|  45|0x00000000e2d00000, 0x00000000e2e00000, 0x00000000e2e00000|100%| O|  |TAMS 0x00000000e2d00000, 0x00000000e2e00000| Untracked 
|  46|0x00000000e2e00000, 0x00000000e2f00000, 0x00000000e2f00000|100%| O|  |TAMS 0x00000000e2e00000, 0x00000000e2f00000| Untracked 
|  47|0x00000000e2f00000, 0x00000000e3000000, 0x00000000e3000000|100%| O|  |TAMS 0x00000000e2f00000, 0x00000000e3000000| Untracked 
|  48|0x00000000e3000000, 0x00000000e3100000, 0x00000000e3100000|100%| O|  |TAMS 0x00000000e3000000, 0x00000000e3100000| Untracked 
|  49|0x00000000e3100000, 0x00000000e3200000, 0x00000000e3200000|100%| O|  |TAMS 0x00000000e3100000, 0x00000000e3200000| Untracked 
|  50|0x00000000e3200000, 0x00000000e3300000, 0x00000000e3300000|100%| O|  |TAMS 0x00000000e3200000, 0x00000000e3300000| Untracked 
|  51|0x00000000e3300000, 0x00000000e3400000, 0x00000000e3400000|100%| O|  |TAMS 0x00000000e3300000, 0x00000000e3400000| Untracked 
|  52|0x00000000e3400000, 0x00000000e3500000, 0x00000000e3500000|100%| O|  |TAMS 0x00000000e3400000, 0x00000000e3500000| Untracked 
|  53|0x00000000e3500000, 0x00000000e3600000, 0x00000000e3600000|100%| O|  |TAMS 0x00000000e3500000, 0x00000000e3600000| Untracked 
|  54|0x00000000e3600000, 0x00000000e3700000, 0x00000000e3700000|100%| O|  |TAMS 0x00000000e3600000, 0x00000000e3700000| Untracked 
|  55|0x00000000e3700000, 0x00000000e3800000, 0x00000000e3800000|100%| O|  |TAMS 0x00000000e3700000, 0x00000000e3800000| Untracked 
|  56|0x00000000e3800000, 0x00000000e3900000, 0x00000000e3900000|100%| O|  |TAMS 0x00000000e3800000, 0x00000000e3900000| Untracked 
|  57|0x00000000e3900000, 0x00000000e3a00000, 0x00000000e3a00000|100%| O|  |TAMS 0x00000000e3900000, 0x00000000e3a00000| Untracked 
|  58|0x00000000e3a00000, 0x00000000e3b00000, 0x00000000e3b00000|100%| O|  |TAMS 0x00000000e3a00000, 0x00000000e3a00000| Untracked 
|  59|0x00000000e3b00000, 0x00000000e3c00000, 0x00000000e3c00000|100%| O|  |TAMS 0x00000000e3b00000, 0x00000000e3b00000| Untracked 
|  60|0x00000000e3c00000, 0x00000000e3d00000, 0x00000000e3d00000|100%| O|  |TAMS 0x00000000e3c00000, 0x00000000e3c00000| Untracked 
|  61|0x00000000e3d00000, 0x00000000e3d80000, 0x00000000e3e00000| 50%| O|  |TAMS 0x00000000e3d00000, 0x00000000e3d00000| Untracked 
|  62|0x00000000e3e00000, 0x00000000e3e00000, 0x00000000e3f00000|  0%| F|  |TAMS 0x00000000e3e00000, 0x00000000e3e00000| Untracked 
|  63|0x00000000e3f00000, 0x00000000e3f00000, 0x00000000e4000000|  0%| F|  |TAMS 0x00000000e3f00000, 0x00000000e3f00000| Untracked 
|  64|0x00000000e4000000, 0x00000000e4000000, 0x00000000e4100000|  0%| F|  |TAMS 0x00000000e4000000, 0x00000000e4000000| Untracked 
|  65|0x00000000e4100000, 0x00000000e4100000, 0x00000000e4200000|  0%| F|  |TAMS 0x00000000e4100000, 0x00000000e4100000| Untracked 
|  66|0x00000000e4200000, 0x00000000e4200000, 0x00000000e4300000|  0%| F|  |TAMS 0x00000000e4200000, 0x00000000e4200000| Untracked 
|  67|0x00000000e4300000, 0x00000000e4300000, 0x00000000e4400000|  0%| F|  |TAMS 0x00000000e4300000, 0x00000000e4300000| Untracked 
|  68|0x00000000e4400000, 0x00000000e4400000, 0x00000000e4500000|  0%| F|  |TAMS 0x00000000e4400000, 0x00000000e4400000| Untracked 
|  69|0x00000000e4500000, 0x00000000e4500000, 0x00000000e4600000|  0%| F|  |TAMS 0x00000000e4500000, 0x00000000e4500000| Untracked 
|  70|0x00000000e4600000, 0x00000000e4600000, 0x00000000e4700000|  0%| F|  |TAMS 0x00000000e4600000, 0x00000000e4600000| Untracked 
|  71|0x00000000e4700000, 0x00000000e4700000, 0x00000000e4800000|  0%| F|  |TAMS 0x00000000e4700000, 0x00000000e4700000| Untracked 
|  72|0x00000000e4800000, 0x00000000e4800000, 0x00000000e4900000|  0%| F|  |TAMS 0x00000000e4800000, 0x00000000e4800000| Untracked 
|  73|0x00000000e4900000, 0x00000000e4900000, 0x00000000e4a00000|  0%| F|  |TAMS 0x00000000e4900000, 0x00000000e4900000| Untracked 
|  74|0x00000000e4a00000, 0x00000000e4a00000, 0x00000000e4b00000|  0%| F|  |TAMS 0x00000000e4a00000, 0x00000000e4a00000| Untracked 
|  75|0x00000000e4b00000, 0x00000000e4b00000, 0x00000000e4c00000|  0%| F|  |TAMS 0x00000000e4b00000, 0x00000000e4b00000| Untracked 
|  76|0x00000000e4c00000, 0x00000000e4c00000, 0x00000000e4d00000|  0%| F|  |TAMS 0x00000000e4c00000, 0x00000000e4c00000| Untracked 
|  77|0x00000000e4d00000, 0x00000000e4d00000, 0x00000000e4e00000|  0%| F|  |TAMS 0x00000000e4d00000, 0x00000000e4d00000| Untracked 
|  78|0x00000000e4e00000, 0x00000000e4e00000, 0x00000000e4f00000|  0%| F|  |TAMS 0x00000000e4e00000, 0x00000000e4e00000| Untracked 
|  79|0x00000000e4f00000, 0x00000000e4f00000, 0x00000000e5000000|  0%| F|  |TAMS 0x00000000e4f00000, 0x00000000e4f00000| Untracked 
|  80|0x00000000e5000000, 0x00000000e5000000, 0x00000000e5100000|  0%| F|  |TAMS 0x00000000e5000000, 0x00000000e5000000| Untracked 
|  81|0x00000000e5100000, 0x00000000e5100000, 0x00000000e5200000|  0%| F|  |TAMS 0x00000000e5100000, 0x00000000e5100000| Untracked 
|  82|0x00000000e5200000, 0x00000000e5300000, 0x00000000e5300000|100%| S|CS|TAMS 0x00000000e5200000, 0x00000000e5200000| Complete 
|  83|0x00000000e5300000, 0x00000000e5400000, 0x00000000e5400000|100%| S|CS|TAMS 0x00000000e5300000, 0x00000000e5300000| Complete 
|  84|0x00000000e5400000, 0x00000000e5500000, 0x00000000e5500000|100%| S|CS|TAMS 0x00000000e5400000, 0x00000000e5400000| Complete 
|  85|0x00000000e5500000, 0x00000000e5500000, 0x00000000e5600000|  0%| F|  |TAMS 0x00000000e5500000, 0x00000000e5500000| Untracked 
|  86|0x00000000e5600000, 0x00000000e5600000, 0x00000000e5700000|  0%| F|  |TAMS 0x00000000e5600000, 0x00000000e5600000| Untracked 
|  87|0x00000000e5700000, 0x00000000e5700000, 0x00000000e5800000|  0%| F|  |TAMS 0x00000000e5700000, 0x00000000e5700000| Untracked 
|  88|0x00000000e5800000, 0x00000000e5800000, 0x00000000e5900000|  0%| F|  |TAMS 0x00000000e5800000, 0x00000000e5800000| Untracked 
|  89|0x00000000e5900000, 0x00000000e5900000, 0x00000000e5a00000|  0%| F|  |TAMS 0x00000000e5900000, 0x00000000e5900000| Untracked 
|  90|0x00000000e5a00000, 0x00000000e5a00000, 0x00000000e5b00000|  0%| F|  |TAMS 0x00000000e5a00000, 0x00000000e5a00000| Untracked 
|  91|0x00000000e5b00000, 0x00000000e5b00000, 0x00000000e5c00000|  0%| F|  |TAMS 0x00000000e5b00000, 0x00000000e5b00000| Untracked 
|  92|0x00000000e5c00000, 0x00000000e5c00000, 0x00000000e5d00000|  0%| F|  |TAMS 0x00000000e5c00000, 0x00000000e5c00000| Untracked 
|  93|0x00000000e5d00000, 0x00000000e5d00000, 0x00000000e5e00000|  0%| F|  |TAMS 0x00000000e5d00000, 0x00000000e5d00000| Untracked 
|  94|0x00000000e5e00000, 0x00000000e5e00000, 0x00000000e5f00000|  0%| F|  |TAMS 0x00000000e5e00000, 0x00000000e5e00000| Untracked 
|  95|0x00000000e5f00000, 0x00000000e5f00000, 0x00000000e6000000|  0%| F|  |TAMS 0x00000000e5f00000, 0x00000000e5f00000| Untracked 
|  96|0x00000000e6000000, 0x00000000e6000000, 0x00000000e6100000|  0%| F|  |TAMS 0x00000000e6000000, 0x00000000e6000000| Untracked 
|  97|0x00000000e6100000, 0x00000000e6100000, 0x00000000e6200000|  0%| F|  |TAMS 0x00000000e6100000, 0x00000000e6100000| Untracked 
|  98|0x00000000e6200000, 0x00000000e6200000, 0x00000000e6300000|  0%| F|  |TAMS 0x00000000e6200000, 0x00000000e6200000| Untracked 
|  99|0x00000000e6300000, 0x00000000e6300000, 0x00000000e6400000|  0%| F|  |TAMS 0x00000000e6300000, 0x00000000e6300000| Untracked 

Card table byte_map: [0x0000016832610000,0x0000016832710000] _byte_map_base: 0x0000016831f10000

Marking Bits (Prev, Next): (CMBitMap*) 0x000001681d547e10, (CMBitMap*) 0x000001681d547dd8
 Prev Bits: [0x0000016833010000, 0x0000016833810000)
 Next Bits: [0x0000016832810000, 0x0000016833010000)

Polling page: 0x000001681bc60000

Metaspace:

Usage:
  Non-class:     19.08 MB capacity,    18.92 MB (>99%) used,   120.16 KB ( <1%) free+waste,    37.63 KB ( <1%) overhead. 
      Class:      2.30 MB capacity,     2.16 MB ( 94%) used,   127.69 KB (  5%) free+waste,    15.69 KB ( <1%) overhead. 
       Both:     21.37 MB capacity,    21.08 MB ( 99%) used,   247.84 KB (  1%) free+waste,    53.31 KB ( <1%) overhead. 

Virtual space:
  Non-class space:       20.00 MB reserved,      19.25 MB ( 96%) committed 
      Class space:        1.00 GB reserved,       2.38 MB ( <1%) committed 
             Both:        1.02 GB reserved,      21.63 MB (  2%) committed 

Chunk freelists:
   Non-Class:  49.00 KB
       Class:  17.00 KB
        Both:  66.00 KB

MaxMetaspaceSize: 17179869184.00 GB
CompressedClassSpaceSize: 1.00 GB
Initial GC threshold: 20.80 MB
Current GC threshold: 35.00 MB
CDS: off

CodeHeap 'non-profiled nmethods': size=120000Kb used=1870Kb max_used=1870Kb free=118130Kb
 bounds [0x000001682a560000, 0x000001682a7d0000, 0x0000016831a90000]
CodeHeap 'profiled nmethods': size=120000Kb used=5974Kb max_used=5974Kb free=114025Kb
 bounds [0x0000016823030000, 0x0000016823610000, 0x000001682a560000]
CodeHeap 'non-nmethods': size=5760Kb used=1220Kb max_used=1287Kb free=4540Kb
 bounds [0x0000016822a90000, 0x0000016822d00000, 0x0000016823030000]
 total_blobs=3200 nmethods=2717 adapters=395
 compilation: enabled
              stopped_count=0, restarted_count=0
 full_count=0

Compilation events (20 events):
Event: 2.685 Thread 0x0000016836abc000 2736       3       com.google.common.collect.ImmutableMapEntry::<init> (12 bytes)
Event: 2.685 Thread 0x0000016836abc000 nmethod 2736 0x00000168235fcf10 code [0x00000168235fd0e0, 0x00000168235fd3e8]
Event: 2.685 Thread 0x0000016836abc000 2737       3       com.google.common.collect.ImmutableEntry::<init> (15 bytes)
Event: 2.685 Thread 0x0000016836abc000 nmethod 2737 0x00000168235fd510 code [0x00000168235fd6e0, 0x00000168235fd958]
Event: 2.685 Thread 0x0000016836abc000 2738       3       com.google.common.collect.AbstractMapEntry::<init> (5 bytes)
Event: 2.685 Thread 0x0000016836abc000 nmethod 2738 0x00000168235fda90 code [0x00000168235fdc40, 0x00000168235fdd98]
Event: 2.685 Thread 0x0000016836abc000 2739       3       com.google.common.collect.RegularImmutableMap::checkNoConflictInKeyBucket (42 bytes)
Event: 2.686 Thread 0x0000016836abc000 nmethod 2739 0x00000168235fde90 code [0x00000168235fe080, 0x00000168235fe528]
Event: 2.739 Thread 0x0000016836abc000 2742   !   3       jdk.internal.loader.BuiltinClassLoader::findResource (154 bytes)
Event: 2.740 Thread 0x0000016836abc000 nmethod 2742 0x00000168235fe710 code [0x00000168235fea80, 0x00000168235ffe68]
Event: 2.740 Thread 0x0000016836abc000 2743       3       java.nio.ByteBuffer::limit (6 bytes)
Event: 2.741 Thread 0x0000016836abc000 nmethod 2743 0x0000016823600690 code [0x0000016823600840, 0x00000168236009e8]
Event: 2.745 Thread 0x0000016836abc000 2744       3       com.google.common.base.Preconditions::checkPositionIndex (8 bytes)
Event: 2.746 Thread 0x0000016836abc000 nmethod 2744 0x0000016823600a90 code [0x0000016823600c60, 0x0000016823600f18]
Event: 2.746 Thread 0x0000016836abc000 2745  s    3       sun.net.www.protocol.file.Handler::openConnection (7 bytes)
Event: 2.746 Thread 0x0000016836abc000 nmethod 2745 0x0000016823601090 code [0x0000016823601260, 0x0000016823601528]
Event: 2.746 Thread 0x0000016836abc000 2746  s!   3       sun.net.www.protocol.file.Handler::openConnection (273 bytes)
Event: 2.749 Thread 0x0000016836abc000 nmethod 2746 0x0000016823601610 code [0x0000016823601bc0, 0x00000168236045a8]
Event: 2.749 Thread 0x0000016836abc000 2747       3       sun.net.www.protocol.file.Handler::createFileURLConnection (10 bytes)
Event: 2.749 Thread 0x0000016836abc000 nmethod 2747 0x0000016823605690 code [0x0000016823605840, 0x00000168236059e8]

GC Heap History (20 events):
Event: 1.363 GC heap after
{Heap after GC invocations=4 (full 0):
 garbage-first heap   total 65536K, used 19456K [0x00000000e0000000, 0x0000000100000000)
  region size 1024K, 3 young (3072K), 3 survivors (3072K)
 Metaspace       used 20417K, capacity 20711K, committed 20992K, reserved 1069056K
  class space    used 2054K, capacity 2217K, committed 2304K, reserved 1048576K
}
Event: 1.492 GC heap before
{Heap before GC invocations=4 (full 0):
 garbage-first heap   total 65536K, used 43008K [0x00000000e0000000, 0x0000000100000000)
  region size 1024K, 26 young (26624K), 3 survivors (3072K)
 Metaspace       used 20544K, capacity 20904K, committed 20992K, reserved 1069056K
  class space    used 2069K, capacity 2217K, committed 2304K, reserved 1048576K
}
Event: 1.501 GC heap after
{Heap after GC invocations=5 (full 0):
 garbage-first heap   total 65536K, used 22528K [0x00000000e0000000, 0x0000000100000000)
  region size 1024K, 3 young (3072K), 3 survivors (3072K)
 Metaspace       used 20544K, capacity 20904K, committed 20992K, reserved 1069056K
  class space    used 2069K, capacity 2217K, committed 2304K, reserved 1048576K
}
Event: 1.612 GC heap before
{Heap before GC invocations=5 (full 0):
 garbage-first heap   total 65536K, used 49152K [0x00000000e0000000, 0x0000000100000000)
  region size 1024K, 25 young (25600K), 3 survivors (3072K)
 Metaspace       used 20731K, capacity 21067K, committed 21248K, reserved 1069056K
  class space    used 2091K, capacity 2250K, committed 2304K, reserved 1048576K
}
Event: 1.621 GC heap after
{Heap after GC invocations=6 (full 0):
 garbage-first heap   total 78848K, used 26510K [0x00000000e0000000, 0x0000000100000000)
  region size 1024K, 3 young (3072K), 3 survivors (3072K)
 Metaspace       used 20731K, capacity 21067K, committed 21248K, reserved 1069056K
  class space    used 2091K, capacity 2250K, committed 2304K, reserved 1048576K
}
Event: 1.743 GC heap before
{Heap before GC invocations=6 (full 0):
 garbage-first heap   total 78848K, used 52110K [0x00000000e0000000, 0x0000000100000000)
  region size 1024K, 28 young (28672K), 3 survivors (3072K)
 Metaspace       used 20733K, capacity 21067K, committed 21248K, reserved 1069056K
  class space    used 2091K, capacity 2250K, committed 2304K, reserved 1048576K
}
Event: 1.751 GC heap after
{Heap after GC invocations=7 (full 0):
 garbage-first heap   total 78848K, used 29745K [0x00000000e0000000, 0x0000000100000000)
  region size 1024K, 4 young (4096K), 4 survivors (4096K)
 Metaspace       used 20733K, capacity 21067K, committed 21248K, reserved 1069056K
  class space    used 2091K, capacity 2250K, committed 2304K, reserved 1048576K
}
Event: 1.870 GC heap before
{Heap before GC invocations=7 (full 0):
 garbage-first heap   total 78848K, used 55345K [0x00000000e0000000, 0x0000000100000000)
  region size 1024K, 29 young (29696K), 4 survivors (4096K)
 Metaspace       used 20735K, capacity 21067K, committed 21248K, reserved 1069056K
  class space    used 2091K, capacity 2250K, committed 2304K, reserved 1048576K
}
Event: 1.881 GC heap after
{Heap after GC invocations=8 (full 0):
 garbage-first heap   total 78848K, used 32847K [0x00000000e0000000, 0x0000000100000000)
  region size 1024K, 4 young (4096K), 4 survivors (4096K)
 Metaspace       used 20735K, capacity 21067K, committed 21248K, reserved 1069056K
  class space    used 2091K, capacity 2250K, committed 2304K, reserved 1048576K
}
Event: 2.019 GC heap before
{Heap before GC invocations=8 (full 0):
 garbage-first heap   total 78848K, used 50255K [0x00000000e0000000, 0x0000000100000000)
  region size 1024K, 22 young (22528K), 4 survivors (4096K)
 Metaspace       used 20811K, capacity 21137K, committed 21248K, reserved 1069056K
  class space    used 2101K, capacity 2251K, committed 2304K, reserved 1048576K
}
Event: 2.031 GC heap after
{Heap after GC invocations=9 (full 0):
 garbage-first heap   total 78848K, used 35273K [0x00000000e0000000, 0x0000000100000000)
  region size 1024K, 3 young (3072K), 3 survivors (3072K)
 Metaspace       used 20811K, capacity 21137K, committed 21248K, reserved 1069056K
  class space    used 2101K, capacity 2251K, committed 2304K, reserved 1048576K
}
Event: 2.243 GC heap before
{Heap before GC invocations=10 (full 0):
 garbage-first heap   total 78848K, used 58825K [0x00000000e0000000, 0x0000000100000000)
  region size 1024K, 27 young (27648K), 3 survivors (3072K)
 Metaspace       used 21315K, capacity 21662K, committed 21888K, reserved 1069056K
  class space    used 2173K, capacity 2319K, committed 2432K, reserved 1048576K
}
Event: 2.255 GC heap after
{Heap after GC invocations=11 (full 0):
 garbage-first heap   total 102400K, used 39226K [0x00000000e0000000, 0x0000000100000000)
  region size 1024K, 4 young (4096K), 4 survivors (4096K)
 Metaspace       used 21315K, capacity 21662K, committed 21888K, reserved 1069056K
  class space    used 2173K, capacity 2319K, committed 2432K, reserved 1048576K
}
Event: 2.408 GC heap before
{Heap before GC invocations=11 (full 0):
 garbage-first heap   total 102400K, used 70970K [0x00000000e0000000, 0x0000000100000000)
  region size 1024K, 36 young (36864K), 4 survivors (4096K)
 Metaspace       used 21329K, capacity 21662K, committed 21888K, reserved 1069056K
  class space    used 2173K, capacity 2319K, committed 2432K, reserved 1048576K
}
Event: 2.423 GC heap after
{Heap after GC invocations=12 (full 0):
 garbage-first heap   total 102400K, used 43940K [0x00000000e0000000, 0x0000000100000000)
  region size 1024K, 5 young (5120K), 5 survivors (5120K)
 Metaspace       used 21329K, capacity 21662K, committed 21888K, reserved 1069056K
  class space    used 2173K, capacity 2319K, committed 2432K, reserved 1048576K
}
Event: 2.616 GC heap before
{Heap before GC invocations=12 (full 0):
 garbage-first heap   total 102400K, used 75684K [0x00000000e0000000, 0x0000000100000000)
  region size 1024K, 36 young (36864K), 5 survivors (5120K)
 Metaspace       used 21504K, capacity 21822K, committed 22144K, reserved 1069056K
  class space    used 2201K, capacity 2351K, committed 2432K, reserved 1048576K
}
Event: 2.638 GC heap after
{Heap after GC invocations=13 (full 0):
 garbage-first heap   total 102400K, used 57070K [0x00000000e0000000, 0x0000000100000000)
  region size 1024K, 5 young (5120K), 5 survivors (5120K)
 Metaspace       used 21504K, capacity 21822K, committed 22144K, reserved 1069056K
  class space    used 2201K, capacity 2351K, committed 2432K, reserved 1048576K
}
Event: 2.692 GC heap before
{Heap before GC invocations=13 (full 0):
 garbage-first heap   total 102400K, used 74478K [0x00000000e0000000, 0x0000000100000000)
  region size 1024K, 23 young (23552K), 5 survivors (5120K)
 Metaspace       used 21574K, capacity 21886K, committed 22144K, reserved 1069056K
  class space    used 2207K, capacity 2351K, committed 2432K, reserved 1048576K
}
Event: 2.709 GC heap after
{Heap after GC invocations=14 (full 0):
 garbage-first heap   total 102400K, used 62464K [0x00000000e0000000, 0x0000000100000000)
  region size 1024K, 3 young (3072K), 3 survivors (3072K)
 Metaspace       used 21574K, capacity 21886K, committed 22144K, reserved 1069056K
  class space    used 2207K, capacity 2351K, committed 2432K, reserved 1048576K
}
Event: 2.756 GC heap before
{Heap before GC invocations=14 (full 0):
 garbage-first heap   total 102400K, used 76800K [0x00000000e0000000, 0x0000000100000000)
  region size 1024K, 18 young (18432K), 3 survivors (3072K)
 Metaspace       used 21584K, capacity 21886K, committed 22144K, reserved 1069056K
  class space    used 2207K, capacity 2351K, committed 2432K, reserved 1048576K
}

Deoptimization events (20 events):
Event: 2.456 Thread 0x000001681d51d000 DEOPT PACKING pc=0x00000168235b3a85 sp=0x000000206b6fe6b0
Event: 2.456 Thread 0x000001681d51d000 DEOPT UNPACKING pc=0x0000016822ada95e sp=0x000000206b6fdb60 mode 0
Event: 2.458 Thread 0x000001681d51d000 DEOPT PACKING pc=0x00000168235a73b7 sp=0x000000206b6fe1f0
Event: 2.458 Thread 0x000001681d51d000 DEOPT UNPACKING pc=0x0000016822ada95e sp=0x000000206b6fd778 mode 0
Event: 2.458 Thread 0x000001681d51d000 DEOPT PACKING pc=0x00000168235a73b7 sp=0x000000206b6fe1f0
Event: 2.458 Thread 0x000001681d51d000 DEOPT UNPACKING pc=0x0000016822ada95e sp=0x000000206b6fd778 mode 0
Event: 2.462 Thread 0x000001681d51d000 DEOPT PACKING pc=0x00000168235a73b7 sp=0x000000206b6fe1f0
Event: 2.462 Thread 0x000001681d51d000 DEOPT UNPACKING pc=0x0000016822ada95e sp=0x000000206b6fd778 mode 0
Event: 2.462 Thread 0x000001681d51d000 DEOPT PACKING pc=0x00000168235a73b7 sp=0x000000206b6fe1f0
Event: 2.462 Thread 0x000001681d51d000 DEOPT UNPACKING pc=0x0000016822ada95e sp=0x000000206b6fd778 mode 0
Event: 2.462 Thread 0x000001681d51d000 DEOPT PACKING pc=0x00000168235a73b7 sp=0x000000206b6fe1f0
Event: 2.462 Thread 0x000001681d51d000 DEOPT UNPACKING pc=0x0000016822ada95e sp=0x000000206b6fd778 mode 0
Event: 2.465 Thread 0x000001681d51d000 DEOPT PACKING pc=0x00000168235b3a85 sp=0x000000206b6fe6b0
Event: 2.465 Thread 0x000001681d51d000 DEOPT UNPACKING pc=0x0000016822ada95e sp=0x000000206b6fdb60 mode 0
Event: 2.467 Thread 0x000001681d51d000 DEOPT PACKING pc=0x00000168235a73b7 sp=0x000000206b6fe1f0
Event: 2.467 Thread 0x000001681d51d000 DEOPT UNPACKING pc=0x0000016822ada95e sp=0x000000206b6fd778 mode 0
Event: 2.467 Thread 0x000001681d51d000 DEOPT PACKING pc=0x00000168235a73b7 sp=0x000000206b6fe1f0
Event: 2.467 Thread 0x000001681d51d000 DEOPT UNPACKING pc=0x0000016822ada95e sp=0x000000206b6fd778 mode 0
Event: 2.657 Thread 0x000001681d51d000 DEOPT PACKING pc=0x00000168232017f7 sp=0x000000206b6fe650
Event: 2.657 Thread 0x000001681d51d000 DEOPT UNPACKING pc=0x0000016822ada95e sp=0x000000206b6fda60 mode 0

Classes redefined (0 events):
No events

Internal exceptions (20 events):
Event: 0.216 Thread 0x000001681d51d000 Exception <a 'java/lang/NullPointerException'{0x00000000e3accbc0}> (0x00000000e3accbc0) thrown at [./src/hotspot/share/interpreter/linkResolver.cpp, line 1358]
Event: 0.240 Thread 0x000001681d51d000 Exception <a 'java/lang/NoSuchMethodError'{0x00000000e3911510}: 'int java.lang.invoke.DirectMethodHandle$Holder.invokeSpecialIFC(java.lang.Object, java.lang.Object, int)'> (0x00000000e3911510) thrown at [./src/hotspot/share/interpreter/linkResolver.cpp, line 773]
Event: 0.331 Thread 0x000001681d51d000 Exception <a 'java/lang/NullPointerException'{0x00000000e39ce158}> (0x00000000e39ce158) thrown at [./src/hotspot/share/interpreter/linkResolver.cpp, line 1358]
Event: 0.331 Thread 0x000001681d51d000 Exception <a 'java/lang/NullPointerException'{0x00000000e39ce428}> (0x00000000e39ce428) thrown at [./src/hotspot/share/interpreter/linkResolver.cpp, line 1358]
Event: 0.331 Thread 0x000001681d51d000 Exception <a 'java/lang/NullPointerException'{0x00000000e39ce6f8}> (0x00000000e39ce6f8) thrown at [./src/hotspot/share/interpreter/linkResolver.cpp, line 1358]
Event: 0.331 Thread 0x000001681d51d000 Exception <a 'java/lang/NullPointerException'{0x00000000e39d7438}> (0x00000000e39d7438) thrown at [./src/hotspot/share/interpreter/linkResolver.cpp, line 1358]
Event: 0.332 Thread 0x000001681d51d000 Exception <a 'java/lang/NullPointerException'{0x00000000e39f09f0}> (0x00000000e39f09f0) thrown at [./src/hotspot/share/interpreter/linkResolver.cpp, line 1358]
Event: 0.332 Thread 0x000001681d51d000 Exception <a 'java/lang/NullPointerException'{0x00000000e39f0cc0}> (0x00000000e39f0cc0) thrown at [./src/hotspot/share/interpreter/linkResolver.cpp, line 1358]
Event: 0.332 Thread 0x000001681d51d000 Exception <a 'java/lang/NullPointerException'{0x00000000e39f0f90}> (0x00000000e39f0f90) thrown at [./src/hotspot/share/interpreter/linkResolver.cpp, line 1358]
Event: 0.332 Thread 0x000001681d51d000 Exception <a 'java/lang/NullPointerException'{0x00000000e39f1260}> (0x00000000e39f1260) thrown at [./src/hotspot/share/interpreter/linkResolver.cpp, line 1358]
Event: 0.622 Thread 0x000001681d51d000 Exception <a 'java/lang/NoClassDefFoundError'{0x00000000e3c531c0}: org/apache/log4j/Priority> (0x00000000e3c531c0) thrown at [./src/hotspot/share/classfile/systemDictionary.cpp, line 220]
Event: 0.634 Thread 0x000001681d51d000 Exception <a 'java/lang/NoSuchMethodError'{0x00000000e3cf61b8}: 'java.lang.Object java.lang.invoke.DirectMethodHandle$Holder.invokeStatic(java.lang.Object, java.lang.Object, java.lang.Object, java.lang.Object, java.lang.Object, java.lang.Object, java.lang.Object, java.lang.Object, java.lang.Object, java.lang.Object, java.lang.Object, java.lang.Object, java.lang.Object, java.lang.Object, java.lang.Object)'> (0x00000000e3cf61b8) thrown at [./src/hotspot/share/interpreter/linkResolver.cpp, line 773]
Event: 0.635 Thread 0x000001681d51d000 Exception <a 'java/lang/NoSuchMethodError'{0x00000000e3b04488}: 'java.lang.Object java.lang.invoke.DirectMethodHandle$Holder.invokeStatic(java.lang.Object, java.lang.Object, java.lang.Object, java.lang.Object, java.lang.Object, java.lang.Object, java.lang.Object, java.lang.Object, java.lang.Object, java.lang.Object, java.lang.Object, java.lang.Object, java.lang.Object, java.lang.Object, java.lang.Object, java.lang.Object)'> (0x00000000e3b04488) thrown at [./src/hotspot/share/interpreter/linkResolver.cpp, l
Event: 0.636 Thread 0x000001681d51d000 Exception <a 'java/lang/NoSuchMethodError'{0x00000000e3b120f8}: 'java.lang.Object java.lang.invoke.DirectMethodHandle$Holder.invokeSpecial(java.lang.Object, java.lang.Object, int, int, java.lang.Object, java.lang.Object, java.lang.Object)'> (0x00000000e3b120f8) thrown at [./src/hotspot/share/interpreter/linkResolver.cpp, line 773]
Event: 0.636 Thread 0x000001681d51d000 Exception <a 'java/lang/NoSuchMethodError'{0x00000000e3b15688}: 'java.lang.Object java.lang.invoke.DelegatingMethodHandle$Holder.reinvoke_L(java.lang.Object, int, int, java.lang.Object, java.lang.Object, java.lang.Object)'> (0x00000000e3b15688) thrown at [./src/hotspot/share/interpreter/linkResolver.cpp, line 773]
Event: 0.636 Thread 0x000001681d51d000 Exception <a 'java/lang/NoSuchMethodError'{0x00000000e3b19a10}: 'java.lang.Object java.lang.invoke.DirectMethodHandle$Holder.invokeStatic(java.lang.Object, java.lang.Object, java.lang.Object, java.lang.Object, int)'> (0x00000000e3b19a10) thrown at [./src/hotspot/share/interpreter/linkResolver.cpp, line 773]
Event: 0.674 Thread 0x000001681d51d000 Exception <a 'java/lang/ClassNotFoundException'{0x00000000e3a54148}: com/sun/org/apache/xerces/internal/impl/xpath/regex/spi/messageProvider> (0x00000000e3a54148) thrown at [./src/hotspot/share/classfile/systemDictionary.cpp, line 231]
Event: 0.841 Thread 0x000001681d51d000 Exception <a 'java/lang/NoSuchMethodError'{0x00000000e2c82a68}: 'java.lang.Object java.lang.invoke.DirectMethodHandle$Holder.invokeVirtual(java.lang.Object, java.lang.Object, java.lang.Object, java.lang.Object)'> (0x00000000e2c82a68) thrown at [./src/hotspot/share/interpreter/linkResolver.cpp, line 773]
Event: 0.969 Thread 0x000001681d51d000 Exception <a 'java/lang/NoSuchMethodError'{0x00000000e38db088}: 'int java.lang.invoke.DirectMethodHandle$Holder.invokeVirtual(java.lang.Object, java.lang.Object, java.lang.Object)'> (0x00000000e38db088) thrown at [./src/hotspot/share/interpreter/linkResolver.cpp, line 773]
Event: 0.970 Thread 0x000001681d51d000 Exception <a 'java/lang/NoSuchMethodError'{0x00000000e38e0ff0}: 'java.lang.Object java.lang.invoke.DirectMethodHandle$Holder.invokeVirtual(java.lang.Object, java.lang.Object, java.lang.Object)'> (0x00000000e38e0ff0) thrown at [./src/hotspot/share/interpreter/linkResolver.cpp, line 773]

Events (20 events):
Event: 2.648 loading class org/languagetool/language/LanguageIdentifier$RemoveMentionFilter done
Event: 2.649 loading class org/languagetool/language/LanguageIdentifier$RemoveNonBreakingSpaces
Event: 2.649 loading class org/languagetool/language/LanguageIdentifier$RemoveNonBreakingSpaces done
Event: 2.649 loading class com/optimaize/langdetect/text/TextObjectFactory
Event: 2.649 loading class com/optimaize/langdetect/text/TextObjectFactory done
Event: 2.649 loading class com/optimaize/langdetect/text/MultiTextFilter
Event: 2.649 loading class com/optimaize/langdetect/text/MultiTextFilter done
Event: 2.649 loading class org/bsplines/ltexls/server/CodeActionProvider
Event: 2.649 loading class org/bsplines/ltexls/server/CodeActionProvider done
Event: 2.649 Executing VM operation: RevokeBias
Event: 2.649 Executing VM operation: RevokeBias done
Event: 2.651 loading class org/bsplines/ltexls/server/CodeActionProvider$Companion
Event: 2.651 loading class org/bsplines/ltexls/server/CodeActionProvider$Companion done
Event: 2.651 loading class org/bsplines/ltexls/server/CompletionListProvider
Event: 2.651 loading class org/bsplines/ltexls/server/CompletionListProvider done
Event: 2.652 loading class org/bsplines/ltexls/server/CompletionListProvider$Companion
Event: 2.652 loading class org/bsplines/ltexls/server/CompletionListProvider$Companion done
Event: 2.692 Executing VM operation: G1CollectForAllocation
Event: 2.709 Executing VM operation: G1CollectForAllocation done
Event: 2.756 Executing VM operation: G1CollectForAllocation


Dynamic libraries:
0x00007ff7b08b0000 - 0x00007ff7b08bd000 	d:\estragio\.vscode\extensions\valentjn.vscode-ltex-13.1.0\lib\ltex-ls-15.2.0\jdk-11.0.12+7\bin\java.exe
0x00007ffe4e4a0000 - 0x00007ffe4e690000 	C:\windows\SYSTEM32\ntdll.dll
0x00007ffe4c5d0000 - 0x00007ffe4c682000 	C:\windows\System32\KERNEL32.DLL
0x00007ffe4bb90000 - 0x00007ffe4be35000 	C:\windows\System32\KERNELBASE.dll
0x00007ffe4be60000 - 0x00007ffe4bf5a000 	C:\windows\System32\ucrtbase.dll
0x00007ffe2ff70000 - 0x00007ffe2ff87000 	d:\estragio\.vscode\extensions\valentjn.vscode-ltex-13.1.0\lib\ltex-ls-15.2.0\jdk-11.0.12+7\bin\jli.dll
0x00007ffe2ff50000 - 0x00007ffe2ff65000 	d:\estragio\.vscode\extensions\valentjn.vscode-ltex-13.1.0\lib\ltex-ls-15.2.0\jdk-11.0.12+7\bin\VCRUNTIME140.dll
0x00007ffe4dd20000 - 0x00007ffe4deb4000 	C:\windows\System32\USER32.dll
0x00007ffe34800000 - 0x00007ffe34a84000 	C:\windows\WinSxS\amd64_microsoft.windows.common-controls_6595b64144ccf1df_6.0.18362.1556_none_9e7e372fe45e41d5\COMCTL32.dll
0x00007ffe4c220000 - 0x00007ffe4c241000 	C:\windows\System32\win32u.dll
0x00007ffe4e160000 - 0x00007ffe4e1fe000 	C:\windows\System32\msvcrt.dll
0x00007ffe4e410000 - 0x00007ffe4e436000 	C:\windows\System32\GDI32.dll
0x00007ffe4d910000 - 0x00007ffe4dc46000 	C:\windows\System32\combase.dll
0x00007ffe4c050000 - 0x00007ffe4c1e8000 	C:\windows\System32\gdi32full.dll
0x00007ffe4dfe0000 - 0x00007ffe4e0ff000 	C:\windows\System32\RPCRT4.dll
0x00007ffe4c3b0000 - 0x00007ffe4c44e000 	C:\windows\System32\msvcp_win.dll
0x00007ffe4bfc0000 - 0x00007ffe4c041000 	C:\windows\System32\bcryptPrimitives.dll
0x00007ffe4d5c0000 - 0x00007ffe4d5ee000 	C:\windows\System32\IMM32.DLL
0x00007ffe1d560000 - 0x00007ffe1d604000 	C:\Program Files\McAfee\Endpoint Security\Threat Prevention\Ips\EpMPApi.dll
0x00007ffe4c8c0000 - 0x00007ffe4c963000 	C:\windows\System32\ADVAPI32.dll
0x00007ffe4d5f0000 - 0x00007ffe4d687000 	C:\windows\System32\sechost.dll
0x00007ffe4bf60000 - 0x00007ffe4bfbc000 	C:\windows\System32\WINTRUST.dll
0x00007ffe4b3d0000 - 0x00007ffe4b3e2000 	C:\windows\System32\MSASN1.dll
0x00007ffe4c250000 - 0x00007ffe4c3a1000 	C:\windows\System32\CRYPT32.dll
0x0000000069070000 - 0x000000006907c000 	C:\Program Files\McAfee\Endpoint Security\Threat Prevention\Ips\EpMPThe.dll
0x00007ffe1d340000 - 0x00007ffe1d39b000 	C:\Program Files\McAfee\Endpoint Security\Threat Prevention\Ips\HIPHandlers64.dll
0x00007ffe4ce40000 - 0x00007ffe4d527000 	C:\windows\System32\SHELL32.dll
0x00007ffe4c500000 - 0x00007ffe4c54a000 	C:\windows\System32\cfgmgr32.dll
0x00007ffe4dec0000 - 0x00007ffe4df68000 	C:\windows\System32\shcore.dll
0x00007ffe4b410000 - 0x00007ffe4bb8b000 	C:\windows\System32\windows.storage.dll
0x00007ffe4b360000 - 0x00007ffe4b37e000 	C:\windows\System32\profapi.dll
0x00007ffe4b380000 - 0x00007ffe4b3ca000 	C:\windows\System32\powrprof.dll
0x00007ffe4b350000 - 0x00007ffe4b360000 	C:\windows\System32\UMPDC.dll
0x00007ffe4cde0000 - 0x00007ffe4ce32000 	C:\windows\System32\shlwapi.dll
0x00007ffe4b3f0000 - 0x00007ffe4b401000 	C:\windows\System32\kernel.appcore.dll
0x00007ffe4be40000 - 0x00007ffe4be57000 	C:\windows\System32\cryptsp.dll
0x00007ffe46ab0000 - 0x00007ffe46ca4000 	C:\windows\SYSTEM32\dbghelp.dll
0x00007ffddbe30000 - 0x00007ffddbecb000 	d:\estragio\.vscode\extensions\valentjn.vscode-ltex-13.1.0\lib\ltex-ls-15.2.0\jdk-11.0.12+7\bin\msvcp140.dll
0x00007ffddb2d0000 - 0x00007ffddbe29000 	d:\estragio\.vscode\extensions\valentjn.vscode-ltex-13.1.0\lib\ltex-ls-15.2.0\jdk-11.0.12+7\bin\server\jvm.dll
0x00007ffe4e450000 - 0x00007ffe4e458000 	C:\windows\System32\PSAPI.DLL
0x00007ffe3e590000 - 0x00007ffe3e59a000 	C:\windows\SYSTEM32\VERSION.dll
0x00007ffe444e0000 - 0x00007ffe44504000 	C:\windows\SYSTEM32\WINMM.dll
0x00007ffe2cb40000 - 0x00007ffe2cb49000 	C:\windows\SYSTEM32\WSOCK32.dll
0x00007ffe4d6f0000 - 0x00007ffe4d75f000 	C:\windows\System32\WS2_32.dll
0x00007ffe44400000 - 0x00007ffe4442d000 	C:\windows\SYSTEM32\winmmbase.dll
0x00007ffe31220000 - 0x00007ffe31230000 	d:\estragio\.vscode\extensions\valentjn.vscode-ltex-13.1.0\lib\ltex-ls-15.2.0\jdk-11.0.12+7\bin\verify.dll
0x00007ffe1c170000 - 0x00007ffe1c19a000 	C:\windows\SYSTEM32\dbgcore.DLL
0x00007ffe311f0000 - 0x00007ffe31218000 	d:\estragio\.vscode\extensions\valentjn.vscode-ltex-13.1.0\lib\ltex-ls-15.2.0\jdk-11.0.12+7\bin\java.dll
0x00007ffe311e0000 - 0x00007ffe311ea000 	d:\estragio\.vscode\extensions\valentjn.vscode-ltex-13.1.0\lib\ltex-ls-15.2.0\jdk-11.0.12+7\bin\jimage.dll
0x00007ffe311c0000 - 0x00007ffe311d7000 	d:\estragio\.vscode\extensions\valentjn.vscode-ltex-13.1.0\lib\ltex-ls-15.2.0\jdk-11.0.12+7\bin\zip.dll
0x00007ffdd9100000 - 0x00007ffdd9119000 	D:\estragio\.vscode\extensions\valentjn.vscode-ltex-13.1.0\lib\ltex-ls-15.2.0\jdk-11.0.12+7\bin\net.dll
0x00007ffe38b10000 - 0x00007ffe38c0a000 	C:\windows\SYSTEM32\WINHTTP.dll
0x00007ffe4ab90000 - 0x00007ffe4abf7000 	C:\windows\system32\mswsock.dll
0x00007ffdd90e0000 - 0x00007ffdd90f2000 	D:\estragio\.vscode\extensions\valentjn.vscode-ltex-13.1.0\lib\ltex-ls-15.2.0\jdk-11.0.12+7\bin\nio.dll
0x0000000069ac0000 - 0x0000000069ae4000 	D:\estragio\AppData\Local\Temp\jansi-2.4.0-e3dabe928ef07045-jansi.dll

dbghelp: loaded successfully - version: 4.0.5 - missing functions: none
symbol engine: initialized successfully - sym options: 0x614 - pdb path: .;d:\estragio\.vscode\extensions\valentjn.vscode-ltex-13.1.0\lib\ltex-ls-15.2.0\jdk-11.0.12+7\bin;C:\windows\SYSTEM32;C:\windows\WinSxS\amd64_microsoft.windows.common-controls_6595b64144ccf1df_6.0.18362.1556_none_9e7e372fe45e41d5;C:\Program Files\McAfee\Endpoint Security\Threat Prevention\Ips;d:\estragio\.vscode\extensions\valentjn.vscode-ltex-13.1.0\lib\ltex-ls-15.2.0\jdk-11.0.12+7\bin\server;D:\estragio\AppData\Local\Temp

VM Arguments:
jvm_args: -Xms64m -Xmx512m -Dapp.name=ltex-ls -Dapp.repo=d:\estragio\.vscode\extensions\valentjn.vscode-ltex-13.1.0\lib\ltex-ls-15.2.0\lib -Dapp.home=d:\estragio\.vscode\extensions\valentjn.vscode-ltex-13.1.0\lib\ltex-ls-15.2.0 -Dbasedir=d:\estragio\.vscode\extensions\valentjn.vscode-ltex-13.1.0\lib\ltex-ls-15.2.0 
java_command: org.bsplines.ltexls.LtexLanguageServerLauncher
java_class_path (initial): d:\estragio\.vscode\extensions\valentjn.vscode-ltex-13.1.0\lib\ltex-ls-15.2.0\etc;d:\estragio\.vscode\extensions\valentjn.vscode-ltex-13.1.0\lib\ltex-ls-15.2.0\lib\aho-corasick-double-array-trie-1.2.2.jar;d:\estragio\.vscode\extensions\valentjn.vscode-ltex-13.1.0\lib\ltex-ls-15.2.0\lib\animal-sniffer-annotations-1.17.jar;d:\estragio\.vscode\extensions\valentjn.vscode-ltex-13.1.0\lib\ltex-ls-15.2.0\lib\annotations-12.0.jar;d:\estragio\.vscode\extensions\valentjn.vscode-ltex-13.1.0\lib\ltex-ls-15.2.0\lib\annotations-13.0.jar;d:\estragio\.vscode\extensions\valentjn.vscode-ltex-13.1.0\lib\ltex-ls-15.2.0\lib\annotations-20.1.0.jar;d:\estragio\.vscode\extensions\valentjn.vscode-ltex-13.1.0\lib\ltex-ls-15.2.0\lib\annotations-4.1.1.4.jar;d:\estragio\.vscode\extensions\valentjn.vscode-ltex-13.1.0\lib\ltex-ls-15.2.0\lib\bridj-0.7.0.jar;d:\estragio\.vscode\extensions\valentjn.vscode-ltex-13.1.0\lib\ltex-ls-15.2.0\lib\catalan-pos-dict-2.16.jar;d:\estragio\.vscode\extensions\valentjn.vscode-ltex-13.1.0\lib\ltex-ls-15.2.0\lib\checker-qual-2.5.2.jar;d:\estragio\.vscode\extensions\valentjn.vscode-ltex-13.1.0\lib\ltex-ls-15.2.0\lib\checker-qual-3.5.0.jar;d:\estragio\.vscode\extensions\valentjn.vscode-ltex-13.1.0\lib\ltex-ls-15.2.0\lib\cjftransform-1.0.1.jar;d:\estragio\.vscode\extensions\valentjn.vscode-ltex-13.1.0\lib\ltex-ls-15.2.0\lib\commons-lang3-3.11.jar;d:\estragio\.vscode\extensions\valentjn.vscode-ltex-13.1.0\lib\ltex-ls-15.2.0\lib\commons-logging-1.2.jar;d:\estragio\.vscode\extensions\valentjn.vscode-ltex-13.1.0\lib\ltex-ls-15.2.0\lib\commons-pool2-2.9.0.jar;d:\estragio\.vscode\extensions\valentjn.vscode-ltex-13.1.0\lib\ltex-ls-15.2.0\lib\commons-text-1.9.jar;d:\estragio\.vscode\extensions\valentjn.vscode-ltex-13.1.0\lib\ltex-ls-15.2.0\lib\dx-1.7.jar;d:\estragio\.vscode\extensions\valentjn.vscode-ltex-13.1.0\lib\ltex-ls-15.2.0\lib\emoji-java-5.1.1.jar;d:\estragio\.vscode\extensions\valentjn.vscode-ltex-13.1.0\lib\ltex-ls-15.2.0\lib\error_prone_
Launcher Type: SUN_STANDARD

[Global flags]
     intx CICompilerCount                          = 4                                         {product} {ergonomic}
     uint ConcGCThreads                            = 2                                         {product} {ergonomic}
     uint G1ConcRefinementThreads                  = 8                                         {product} {ergonomic}
   size_t G1HeapRegionSize                         = 1048576                                   {product} {ergonomic}
    uintx GCDrainStackTargetSize                   = 64                                        {product} {ergonomic}
   size_t InitialHeapSize                          = 67108864                                  {product} {command line}
   size_t MarkStackSize                            = 4194304                                   {product} {ergonomic}
   size_t MaxHeapSize                              = 536870912                                 {product} {command line}
   size_t MaxNewSize                               = 321912832                                 {product} {ergonomic}
   size_t MinHeapDeltaBytes                        = 1048576                                   {product} {ergonomic}
    uintx NonNMethodCodeHeapSize                   = 5836300                                {pd product} {ergonomic}
    uintx NonProfiledCodeHeapSize                  = 122910970                              {pd product} {ergonomic}
    uintx ProfiledCodeHeapSize                     = 122910970                              {pd product} {ergonomic}
    uintx ReservedCodeCacheSize                    = 251658240                              {pd product} {ergonomic}
     bool SegmentedCodeCache                       = true                                      {product} {ergonomic}
     bool UseCompressedClassPointers               = true                                 {lp64_product} {ergonomic}
     bool UseCompressedOops                        = true                                 {lp64_product} {ergonomic}
     bool UseG1GC                                  = true                                      {product} {ergonomic}
     bool UseLargePagesIndividualAllocation        = false                                  {pd product} {ergonomic}

Logging:
Log output configuration:
 #0: stdout all=warning uptime,level,tags
 #1: stderr all=off uptime,level,tags

Environment Variables:
JAVA_HOME=d:\estragio\.vscode\extensions\valentjn.vscode-ltex-13.1.0\lib\ltex-ls-15.2.0\jdk-11.0.12+7
CLASSPATH="d:\estragio\.vscode\extensions\valentjn.vscode-ltex-13.1.0\lib\ltex-ls-15.2.0"\etc;"d:\estragio\.vscode\extensions\valentjn.vscode-ltex-13.1.0\lib\ltex-ls-15.2.0\lib"\*
PATH=C:\windows\system32;C:\windows;C:\windows\System32\Wbem;C:\windows\System32\WindowsPowerShell\v1.0\;C:\windows\System32\OpenSSH\;C:\Users\Administrateur\AppData\Local\Microsoft\WindowsApps;C:\Program Files\CMake\bin;C:\Program Files (x86)\FreeFem++;C:\Program Files\TortoiseGit\bin;C:\Program Files\TortoiseSVN\bin;C:\Program Files\Git\cmd;C:\Program Files\MiKTeX\miktex\bin\x64\;C:\Program Files (x86)\PuTTY\;C:\Program Files\PuTTY\;C:\Program Files\OpenJDK\bin;D:\estragio\AppData\Local\Microsoft\WindowsApps;D:\estragio\AppData\Local\Programs\Microsoft VS Code\bin;D:\estragio\AppData\Local\GitHubDesktop\bin;D:\estragio\PhD\98_Portable-Software\strawberry-perl-5.32.1.1-64bit\c\bin;D:\estragio\PhD\98_Portable-Software\strawberry-perl-5.32.1.1-64bit\perl\site\bin;D:\estragio\PhD\98_Portable-Software\strawberry-perl-5.32.1.1-64bit\perl\bin
USERNAME=estragio
OS=Windows_NT
PROCESSOR_IDENTIFIER=Intel64 Family 6 Model 158 Stepping 13, GenuineIntel



---------------  S Y S T E M  ---------------

OS: Windows 10 , 64 bit Build 18362 (10.0.18362.1500)
OS uptime: 8 days 1:46 hours

CPU:total 8 (initial active 8) (4 cores per cpu, 2 threads per core) family 6 model 158 stepping 13 microcode 0xd6, cmov, cx8, fxsr, mmx, sse, sse2, sse3, ssse3, sse4.1, sse4.2, popcnt, avx, avx2, aes, clmul, erms, 3dnowpref, lzcnt, ht, tsc, tscinvbit, bmi1, bmi2, adx, fma

Memory: 4k page, system-wide physical 16166M (4152M free)
TotalPageFile size 31166M (AvailPageFile size 42M)
current process WorkingSet (physical memory assigned to process): 232M, peak: 232M
current process commit charge ("private bytes"): 271M, peak: 340M

vm_info: OpenJDK 64-Bit Server VM (11.0.12+7) for windows-amd64 JRE (11.0.12+7), built on Jul 21 2021 16:23:49 by "" with unknown MS VC++:1916

END.
