#
# There is insufficient memory for the Java Runtime Environment to continue.
# Native memory allocation (mmap) failed to map 47185920 bytes for Failed to commit area from 0x00000000e6e00000 to 0x00000000e9b00000 of length 47185920.
# Possible reasons:
#   The system is out of physical RAM or swap space
#   The process is running with CompressedOops enabled, and the Java Heap may be blocking the growth of the native heap
# Possible solutions:
#   Reduce memory load on the system
#   Increase physical memory or swap space
#   Check if swap backing store is full
#   Decrease Java heap size (-Xmx/-Xms)
#   Decrease number of Java threads
#   Decrease Java thread stack sizes (-Xss)
#   Set larger code cache with -XX:ReservedCodeCacheSize=
#   JVM is running with Unscaled Compressed Oops mode in which the Java heap is
#     placed in the first 4GB address space. The Java Heap base address is the
#     maximum limit for the native heap growth. Please use -XX:HeapBaseMinAddress
#     to set the Java Heap base and to place the Java Heap above 4GB virtual address.
# This output file may be truncated or incomplete.
#
#  Out of Memory Error (./src/hotspot/os/windows/os_windows.cpp:3311), pid=28036, tid=27220
#
# JRE version: OpenJDK Runtime Environment Temurin-11.0.12+7 (11.0.12+7) (build 11.0.12+7)
# Java VM: OpenJDK 64-Bit Server VM Temurin-11.0.12+7 (11.0.12+7, mixed mode, tiered, compressed oops, g1 gc, windows-amd64)
# No core dump will be written. Minidumps are not enabled by default on client versions of Windows
#

---------------  S U M M A R Y ------------

Command Line: -Xms64m -Xmx512m -Dapp.name=ltex-ls -Dapp.repo=d:\estragio\.vscode\extensions\valentjn.vscode-ltex-13.1.0\lib\ltex-ls-15.2.0\lib -Dapp.home=d:\estragio\.vscode\extensions\valentjn.vscode-ltex-13.1.0\lib\ltex-ls-15.2.0 -Dbasedir=d:\estragio\.vscode\extensions\valentjn.vscode-ltex-13.1.0\lib\ltex-ls-15.2.0 org.bsplines.ltexls.LtexLanguageServerLauncher

Host: Intel(R) Core(TM) i5-9400H CPU @ 2.50GHz, 8 cores, 15G,  Windows 10 , 64 bit Build 18362 (10.0.18362.1500)
Time: Thu Nov  9 17:52:37 2023 Paris, Madrid elapsed time: 2.577118 seconds (0d 0h 0m 2s)

---------------  T H R E A D  ---------------

Current thread (0x0000021744912800):  VMThread "VM Thread" [stack: 0x0000002539400000,0x0000002539500000] [id=27220]

Stack: [0x0000002539400000,0x0000002539500000]
[error occurred during error reporting (printing stack bounds), id 0xc0000005, EXCEPTION_ACCESS_VIOLATION (0xc0000005) at pc=0x00000217310f112d]

Native frames: (J=compiled Java code, j=interpreted, Vv=VM code, C=native code)
V  [jvm.dll+0x601d0a]
V  [jvm.dll+0x78ab6e]
V  [jvm.dll+0x78c23f]
V  [jvm.dll+0x78c865]
V  [jvm.dll+0x78c81b]
V  [jvm.dll+0x6011f3]
V  [jvm.dll+0x601908]
C  [ntdll.dll+0xa1fff]
C  [ntdll.dll+0x6aad9]
C  [ntdll.dll+0xa0c6e]
C  0x00000217310f112d

VM_Operation (0x0000002538efdba0): G1CollectForAllocation, mode: safepoint, requested by thread 0x000002172bbfd000


---------------  P R O C E S S  ---------------

Threads class SMR info:
_java_thread_list=0x0000021745c1dfa0, length=12, elements={
0x000002172bbfd000, 0x0000021744915800, 0x0000021744916800, 0x0000021745138800,
0x000002174513c800, 0x000002174513d800, 0x0000021745142000, 0x000002174491c800,
0x000002174514e000, 0x000002174531a000, 0x0000021745b83000, 0x0000021745b83800
}

Java Threads: ( => current thread )
  0x000002172bbfd000 JavaThread "main" [_thread_blocked, id=952, stack(0x0000002538e00000,0x0000002538f00000)]
  0x0000021744915800 JavaThread "Reference Handler" daemon [_thread_blocked, id=18028, stack(0x0000002539500000,0x0000002539600000)]
  0x0000021744916800 JavaThread "Finalizer" daemon [_thread_blocked, id=13272, stack(0x0000002539600000,0x0000002539700000)]
  0x0000021745138800 JavaThread "Signal Dispatcher" daemon [_thread_blocked, id=7276, stack(0x0000002539700000,0x0000002539800000)]
  0x000002174513c800 JavaThread "Attach Listener" daemon [_thread_blocked, id=22644, stack(0x0000002539800000,0x0000002539900000)]
  0x000002174513d800 JavaThread "Service Thread" daemon [_thread_blocked, id=21000, stack(0x0000002539900000,0x0000002539a00000)]
  0x0000021745142000 JavaThread "C2 CompilerThread0" daemon [_thread_blocked, id=17184, stack(0x0000002539a00000,0x0000002539b00000)]
  0x000002174491c800 JavaThread "C1 CompilerThread0" daemon [_thread_blocked, id=22900, stack(0x0000002539b00000,0x0000002539c00000)]
  0x000002174514e000 JavaThread "Sweeper thread" daemon [_thread_blocked, id=27060, stack(0x0000002539c00000,0x0000002539d00000)]
  0x000002174531a000 JavaThread "Common-Cleaner" daemon [_thread_blocked, id=920, stack(0x0000002539e00000,0x0000002539f00000)]
  0x0000021745b83000 JavaThread "C2 CompilerThread1" daemon [_thread_blocked, id=23480, stack(0x0000002539f00000,0x000000253a000000)]
  0x0000021745b83800 JavaThread "C2 CompilerThread2" daemon [_thread_in_native, id=25788, stack(0x000000253a000000,0x000000253a100000)]

Other Threads:
=>0x0000021744912800 VMThread "VM Thread" [stack: 0x0000002539400000,0x0000002539500000] [id=27220]
  0x0000021745351800 WatcherThread [stack: 0x0000002539d00000,0x0000002539e00000] [id=25860]
  0x000002172bc16800 GCTaskThread "GC Thread#0" [stack: 0x0000002538f00000,0x0000002539000000] [id=14992]
  0x0000021746562000 GCTaskThread "GC Thread#1" [stack: 0x000000253a100000,0x000000253a200000] [id=27952]
  0x000002172bc2a800 ConcurrentGCThread "G1 Main Marker" [stack: 0x0000002539000000,0x0000002539100000] [id=2736]
  0x000002172bc2d000 ConcurrentGCThread "G1 Conc#0" [stack: 0x0000002539100000,0x0000002539200000] [id=652]
  0x000002174a0e7800 ConcurrentGCThread "G1 Conc#1" [stack: 0x000000253a200000,0x000000253a300000] [id=11216]
  0x0000021744758000 ConcurrentGCThread "G1 Refine#0" [stack: 0x0000002539200000,0x0000002539300000] [id=20252]
  0x0000021744759000 ConcurrentGCThread "G1 Young RemSet Sampling" [stack: 0x0000002539300000,0x0000002539400000] [id=17044]

Threads with active compile tasks:
C2 CompilerThread0   2590 2703 % !   4       com.optimaize.langdetect.profiles.OldLangProfileConverter::convert @ 47 (103 bytes)
C2 CompilerThread1   2590 2708   !   4       com.optimaize.langdetect.frma.LangProfileReader::read (372 bytes)
C2 CompilerThread2   2590 2705 %     4       com.optimaize.langdetect.profiles.LanguageProfileImpl::makeStats @ 96 (259 bytes)

VM state:at safepoint (normal execution)

VM Mutex/Monitor currently owned by a thread:  ([mutex/lock_event])
[0x000002172bbf8fd0] Threads_lock - owner thread: 0x0000021744912800
[0x000002172bbfa770] Heap_lock - owner thread: 0x000002172bbfd000

Heap address: 0x00000000e0000000, size: 512 MB, Compressed Oops mode: 32-bit
Narrow klass base: 0x0000000000000000, Narrow klass shift: 3
Compressed class space size: 1073741824 Address: 0x0000000100000000

Heap:
 garbage-first heap   total 158720K, used 66560K [0x00000000e0000000, 0x0000000100000000)
  region size 1024K, 4 young (4096K), 4 survivors (4096K)
 Metaspace       used 21572K, capacity 21886K, committed 22144K, reserved 1069056K
  class space    used 2206K, capacity 2351K, committed 2432K, reserved 1048576K
Heap Regions: E=young(eden), S=young(survivor), O=old, HS=humongous(starts), HC=humongous(continues), CS=collection set, F=free, A=archive, TAMS=top-at-mark-start (previous, next)
|   0|0x00000000e0000000, 0x00000000e0100000, 0x00000000e0100000|100%| O|  |TAMS 0x00000000e0100000, 0x00000000e0100000| Untracked 
|   1|0x00000000e0100000, 0x00000000e0200000, 0x00000000e0200000|100%| O|  |TAMS 0x00000000e0200000, 0x00000000e0200000| Untracked 
|   2|0x00000000e0200000, 0x00000000e0300000, 0x00000000e0300000|100%| O|  |TAMS 0x00000000e0300000, 0x00000000e0300000| Untracked 
|   3|0x00000000e0300000, 0x00000000e0400000, 0x00000000e0400000|100%| O|  |TAMS 0x00000000e0400000, 0x00000000e0400000| Untracked 
|   4|0x00000000e0400000, 0x00000000e0500000, 0x00000000e0500000|100%| O|  |TAMS 0x00000000e0500000, 0x00000000e0500000| Untracked 
|   5|0x00000000e0500000, 0x00000000e0600000, 0x00000000e0600000|100%| O|  |TAMS 0x00000000e0600000, 0x00000000e0600000| Untracked 
|   6|0x00000000e0600000, 0x00000000e0700000, 0x00000000e0700000|100%| O|  |TAMS 0x00000000e0700000, 0x00000000e0700000| Untracked 
|   7|0x00000000e0700000, 0x00000000e0800000, 0x00000000e0800000|100%| O|  |TAMS 0x00000000e0800000, 0x00000000e0800000| Untracked 
|   8|0x00000000e0800000, 0x00000000e0900000, 0x00000000e0900000|100%| O|  |TAMS 0x00000000e0900000, 0x00000000e0900000| Untracked 
|   9|0x00000000e0900000, 0x00000000e0a00000, 0x00000000e0a00000|100%| O|  |TAMS 0x00000000e0a00000, 0x00000000e0a00000| Untracked 
|  10|0x00000000e0a00000, 0x00000000e0b00000, 0x00000000e0b00000|100%| O|  |TAMS 0x00000000e0b00000, 0x00000000e0b00000| Untracked 
|  11|0x00000000e0b00000, 0x00000000e0c00000, 0x00000000e0c00000|100%| O|  |TAMS 0x00000000e0c00000, 0x00000000e0c00000| Untracked 
|  12|0x00000000e0c00000, 0x00000000e0d00000, 0x00000000e0d00000|100%| O|  |TAMS 0x00000000e0d00000, 0x00000000e0d00000| Untracked 
|  13|0x00000000e0d00000, 0x00000000e0e00000, 0x00000000e0e00000|100%| O|  |TAMS 0x00000000e0e00000, 0x00000000e0e00000| Untracked 
|  14|0x00000000e0e00000, 0x00000000e0f00000, 0x00000000e0f00000|100%| O|  |TAMS 0x00000000e0f00000, 0x00000000e0f00000| Untracked 
|  15|0x00000000e0f00000, 0x00000000e1000000, 0x00000000e1000000|100%| O|  |TAMS 0x00000000e1000000, 0x00000000e1000000| Untracked 
|  16|0x00000000e1000000, 0x00000000e1100000, 0x00000000e1100000|100%| O|  |TAMS 0x00000000e1100000, 0x00000000e1100000| Untracked 
|  17|0x00000000e1100000, 0x00000000e1200000, 0x00000000e1200000|100%| O|  |TAMS 0x00000000e1200000, 0x00000000e1200000| Untracked 
|  18|0x00000000e1200000, 0x00000000e1300000, 0x00000000e1300000|100%| O|  |TAMS 0x00000000e1300000, 0x00000000e1300000| Untracked 
|  19|0x00000000e1300000, 0x00000000e1400000, 0x00000000e1400000|100%| O|  |TAMS 0x00000000e1400000, 0x00000000e1400000| Untracked 
|  20|0x00000000e1400000, 0x00000000e1500000, 0x00000000e1500000|100%| O|  |TAMS 0x00000000e1500000, 0x00000000e1500000| Untracked 
|  21|0x00000000e1500000, 0x00000000e1600000, 0x00000000e1600000|100%| O|  |TAMS 0x00000000e1600000, 0x00000000e1600000| Untracked 
|  22|0x00000000e1600000, 0x00000000e1700000, 0x00000000e1700000|100%|HS|  |TAMS 0x00000000e1700000, 0x00000000e1700000| Complete 
|  23|0x00000000e1700000, 0x00000000e1800000, 0x00000000e1800000|100%| O|  |TAMS 0x00000000e1800000, 0x00000000e1800000| Untracked 
|  24|0x00000000e1800000, 0x00000000e1900000, 0x00000000e1900000|100%| O|  |TAMS 0x00000000e1900000, 0x00000000e1900000| Untracked 
|  25|0x00000000e1900000, 0x00000000e1a00000, 0x00000000e1a00000|100%| O|  |TAMS 0x00000000e1a00000, 0x00000000e1a00000| Untracked 
|  26|0x00000000e1a00000, 0x00000000e1b00000, 0x00000000e1b00000|100%| O|  |TAMS 0x00000000e1b00000, 0x00000000e1b00000| Untracked 
|  27|0x00000000e1b00000, 0x00000000e1c00000, 0x00000000e1c00000|100%| O|  |TAMS 0x00000000e1c00000, 0x00000000e1c00000| Untracked 
|  28|0x00000000e1c00000, 0x00000000e1d00000, 0x00000000e1d00000|100%| O|  |TAMS 0x00000000e1d00000, 0x00000000e1d00000| Untracked 
|  29|0x00000000e1d00000, 0x00000000e1e00000, 0x00000000e1e00000|100%| O|  |TAMS 0x00000000e1e00000, 0x00000000e1e00000| Untracked 
|  30|0x00000000e1e00000, 0x00000000e1f00000, 0x00000000e1f00000|100%| O|  |TAMS 0x00000000e1f00000, 0x00000000e1f00000| Untracked 
|  31|0x00000000e1f00000, 0x00000000e2000000, 0x00000000e2000000|100%| O|  |TAMS 0x00000000e2000000, 0x00000000e2000000| Untracked 
|  32|0x00000000e2000000, 0x00000000e2100000, 0x00000000e2100000|100%| O|  |TAMS 0x00000000e2100000, 0x00000000e2100000| Untracked 
|  33|0x00000000e2100000, 0x00000000e2200000, 0x00000000e2200000|100%| O|  |TAMS 0x00000000e21eb200, 0x00000000e2200000| Untracked 
|  34|0x00000000e2200000, 0x00000000e2300000, 0x00000000e2300000|100%| O|  |TAMS 0x00000000e2200000, 0x00000000e2300000| Untracked 
|  35|0x00000000e2300000, 0x00000000e2400000, 0x00000000e2400000|100%| O|  |TAMS 0x00000000e2300000, 0x00000000e2400000| Untracked 
|  36|0x00000000e2400000, 0x00000000e2500000, 0x00000000e2500000|100%| O|  |TAMS 0x00000000e2400000, 0x00000000e2500000| Untracked 
|  37|0x00000000e2500000, 0x00000000e2600000, 0x00000000e2600000|100%| O|  |TAMS 0x00000000e2500000, 0x00000000e2600000| Untracked 
|  38|0x00000000e2600000, 0x00000000e2700000, 0x00000000e2700000|100%| O|  |TAMS 0x00000000e2600000, 0x00000000e2700000| Untracked 
|  39|0x00000000e2700000, 0x00000000e2800000, 0x00000000e2800000|100%| O|  |TAMS 0x00000000e2700000, 0x00000000e2800000| Untracked 
|  40|0x00000000e2800000, 0x00000000e2900000, 0x00000000e2900000|100%| O|  |TAMS 0x00000000e2800000, 0x00000000e2900000| Untracked 
|  41|0x00000000e2900000, 0x00000000e2a00000, 0x00000000e2a00000|100%| O|  |TAMS 0x00000000e2900000, 0x00000000e2a00000| Untracked 
|  42|0x00000000e2a00000, 0x00000000e2b00000, 0x00000000e2b00000|100%| O|  |TAMS 0x00000000e2a00000, 0x00000000e2b00000| Untracked 
|  43|0x00000000e2b00000, 0x00000000e2c00000, 0x00000000e2c00000|100%| O|  |TAMS 0x00000000e2b00000, 0x00000000e2c00000| Untracked 
|  44|0x00000000e2c00000, 0x00000000e2d00000, 0x00000000e2d00000|100%| O|  |TAMS 0x00000000e2c00000, 0x00000000e2d00000| Untracked 
|  45|0x00000000e2d00000, 0x00000000e2e00000, 0x00000000e2e00000|100%| O|  |TAMS 0x00000000e2d00000, 0x00000000e2e00000| Untracked 
|  46|0x00000000e2e00000, 0x00000000e2f00000, 0x00000000e2f00000|100%| O|  |TAMS 0x00000000e2e00000, 0x00000000e2f00000| Untracked 
|  47|0x00000000e2f00000, 0x00000000e3000000, 0x00000000e3000000|100%| O|  |TAMS 0x00000000e2f00000, 0x00000000e3000000| Untracked 
|  48|0x00000000e3000000, 0x00000000e3100000, 0x00000000e3100000|100%| O|  |TAMS 0x00000000e3000000, 0x00000000e3100000| Untracked 
|  49|0x00000000e3100000, 0x00000000e3200000, 0x00000000e3200000|100%| O|  |TAMS 0x00000000e3100000, 0x00000000e3200000| Untracked 
|  50|0x00000000e3200000, 0x00000000e3300000, 0x00000000e3300000|100%| O|  |TAMS 0x00000000e3200000, 0x00000000e3300000| Untracked 
|  51|0x00000000e3300000, 0x00000000e3400000, 0x00000000e3400000|100%| O|  |TAMS 0x00000000e3300000, 0x00000000e3400000| Untracked 
|  52|0x00000000e3400000, 0x00000000e3500000, 0x00000000e3500000|100%| O|  |TAMS 0x00000000e3400000, 0x00000000e3500000| Untracked 
|  53|0x00000000e3500000, 0x00000000e3600000, 0x00000000e3600000|100%| O|  |TAMS 0x00000000e3500000, 0x00000000e3600000| Untracked 
|  54|0x00000000e3600000, 0x00000000e3700000, 0x00000000e3700000|100%| O|  |TAMS 0x00000000e3600000, 0x00000000e3700000| Untracked 
|  55|0x00000000e3700000, 0x00000000e3800000, 0x00000000e3800000|100%| O|  |TAMS 0x00000000e3700000, 0x00000000e3800000| Untracked 
|  56|0x00000000e3800000, 0x00000000e3900000, 0x00000000e3900000|100%| O|  |TAMS 0x00000000e3800000, 0x00000000e3900000| Untracked 
|  57|0x00000000e3900000, 0x00000000e3a00000, 0x00000000e3a00000|100%| O|  |TAMS 0x00000000e3900000, 0x00000000e3a00000| Untracked 
|  58|0x00000000e3a00000, 0x00000000e3b00000, 0x00000000e3b00000|100%| O|  |TAMS 0x00000000e3a00000, 0x00000000e3b00000| Untracked 
|  59|0x00000000e3b00000, 0x00000000e3c00000, 0x00000000e3c00000|100%| O|  |TAMS 0x00000000e3b00000, 0x00000000e3c00000| Untracked 
|  60|0x00000000e3c00000, 0x00000000e3d00000, 0x00000000e3d00000|100%| O|  |TAMS 0x00000000e3c00000, 0x00000000e3d00000| Untracked 
|  61|0x00000000e3d00000, 0x00000000e3d00000, 0x00000000e3e00000|  0%| F|  |TAMS 0x00000000e3d00000, 0x00000000e3d00000| Untracked 
|  62|0x00000000e3e00000, 0x00000000e3e00000, 0x00000000e3f00000|  0%| F|  |TAMS 0x00000000e3e00000, 0x00000000e3e00000| Untracked 
|  63|0x00000000e3f00000, 0x00000000e3f00000, 0x00000000e4000000|  0%| F|  |TAMS 0x00000000e3f00000, 0x00000000e3f00000| Untracked 
|  64|0x00000000e4000000, 0x00000000e4000000, 0x00000000e4100000|  0%| F|  |TAMS 0x00000000e4000000, 0x00000000e4000000| Untracked 
|  65|0x00000000e4100000, 0x00000000e4100000, 0x00000000e4200000|  0%| F|  |TAMS 0x00000000e4100000, 0x00000000e4100000| Untracked 
|  66|0x00000000e4200000, 0x00000000e4200000, 0x00000000e4300000|  0%| F|  |TAMS 0x00000000e4200000, 0x00000000e4200000| Untracked 
|  67|0x00000000e4300000, 0x00000000e4300000, 0x00000000e4400000|  0%| F|  |TAMS 0x00000000e4300000, 0x00000000e4300000| Untracked 
|  68|0x00000000e4400000, 0x00000000e4400000, 0x00000000e4500000|  0%| F|  |TAMS 0x00000000e4400000, 0x00000000e4400000| Untracked 
|  69|0x00000000e4500000, 0x00000000e4500000, 0x00000000e4600000|  0%| F|  |TAMS 0x00000000e4500000, 0x00000000e4500000| Untracked 
|  70|0x00000000e4600000, 0x00000000e4600000, 0x00000000e4700000|  0%| F|  |TAMS 0x00000000e4600000, 0x00000000e4600000| Untracked 
|  71|0x00000000e4700000, 0x00000000e4700000, 0x00000000e4800000|  0%| F|  |TAMS 0x00000000e4700000, 0x00000000e4700000| Untracked 
|  72|0x00000000e4800000, 0x00000000e4800000, 0x00000000e4900000|  0%| F|  |TAMS 0x00000000e4800000, 0x00000000e4800000| Untracked 
|  73|0x00000000e4900000, 0x00000000e4900000, 0x00000000e4a00000|  0%| F|  |TAMS 0x00000000e4900000, 0x00000000e4900000| Untracked 
|  74|0x00000000e4a00000, 0x00000000e4a00000, 0x00000000e4b00000|  0%| F|  |TAMS 0x00000000e4a00000, 0x00000000e4a00000| Untracked 
|  75|0x00000000e4b00000, 0x00000000e4b00000, 0x00000000e4c00000|  0%| F|  |TAMS 0x00000000e4b00000, 0x00000000e4b00000| Untracked 
|  76|0x00000000e4c00000, 0x00000000e4c00000, 0x00000000e4d00000|  0%| F|  |TAMS 0x00000000e4c00000, 0x00000000e4c00000| Untracked 
|  77|0x00000000e4d00000, 0x00000000e4d00000, 0x00000000e4e00000|  0%| F|  |TAMS 0x00000000e4d00000, 0x00000000e4d00000| Untracked 
|  78|0x00000000e4e00000, 0x00000000e4e00000, 0x00000000e4f00000|  0%| F|  |TAMS 0x00000000e4e00000, 0x00000000e4e00000| Untracked 
|  79|0x00000000e4f00000, 0x00000000e4f00000, 0x00000000e5000000|  0%| F|  |TAMS 0x00000000e4f00000, 0x00000000e4f00000| Untracked 
|  80|0x00000000e5000000, 0x00000000e5000000, 0x00000000e5100000|  0%| F|  |TAMS 0x00000000e5000000, 0x00000000e5000000| Untracked 
|  81|0x00000000e5100000, 0x00000000e5100000, 0x00000000e5200000|  0%| F|  |TAMS 0x00000000e5100000, 0x00000000e5100000| Untracked 
|  82|0x00000000e5200000, 0x00000000e5200000, 0x00000000e5300000|  0%| F|  |TAMS 0x00000000e5200000, 0x00000000e5200000| Untracked 
|  83|0x00000000e5300000, 0x00000000e5400000, 0x00000000e5400000|100%| S|CS|TAMS 0x00000000e5300000, 0x00000000e5300000| Complete 
|  84|0x00000000e5400000, 0x00000000e5500000, 0x00000000e5500000|100%| S|CS|TAMS 0x00000000e5400000, 0x00000000e5400000| Complete 
|  85|0x00000000e5500000, 0x00000000e5600000, 0x00000000e5600000|100%| S|CS|TAMS 0x00000000e5500000, 0x00000000e5500000| Complete 
|  86|0x00000000e5600000, 0x00000000e5700000, 0x00000000e5700000|100%| S|CS|TAMS 0x00000000e5600000, 0x00000000e5600000| Complete 
|  87|0x00000000e5700000, 0x00000000e5700000, 0x00000000e5800000|  0%| F|  |TAMS 0x00000000e5700000, 0x00000000e5700000| Untracked 
|  88|0x00000000e5800000, 0x00000000e5800000, 0x00000000e5900000|  0%| F|  |TAMS 0x00000000e5800000, 0x00000000e5800000| Untracked 
|  89|0x00000000e5900000, 0x00000000e5900000, 0x00000000e5a00000|  0%| F|  |TAMS 0x00000000e5900000, 0x00000000e5900000| Untracked 
|  90|0x00000000e5a00000, 0x00000000e5a00000, 0x00000000e5b00000|  0%| F|  |TAMS 0x00000000e5a00000, 0x00000000e5a00000| Untracked 
|  91|0x00000000e5b00000, 0x00000000e5b00000, 0x00000000e5c00000|  0%| F|  |TAMS 0x00000000e5b00000, 0x00000000e5b00000| Untracked 
|  92|0x00000000e5c00000, 0x00000000e5c00000, 0x00000000e5d00000|  0%| F|  |TAMS 0x00000000e5c00000, 0x00000000e5c00000| Untracked 
|  93|0x00000000e5d00000, 0x00000000e5d00000, 0x00000000e5e00000|  0%| F|  |TAMS 0x00000000e5d00000, 0x00000000e5d00000| Untracked 
|  94|0x00000000e5e00000, 0x00000000e5e00000, 0x00000000e5f00000|  0%| F|  |TAMS 0x00000000e5e00000, 0x00000000e5e00000| Untracked 
|  95|0x00000000e5f00000, 0x00000000e5f00000, 0x00000000e6000000|  0%| F|  |TAMS 0x00000000e5f00000, 0x00000000e5f00000| Untracked 
|  96|0x00000000e6000000, 0x00000000e6000000, 0x00000000e6100000|  0%| F|  |TAMS 0x00000000e6000000, 0x00000000e6000000| Untracked 
|  97|0x00000000e6100000, 0x00000000e6100000, 0x00000000e6200000|  0%| F|  |TAMS 0x00000000e6100000, 0x00000000e6100000| Untracked 
|  98|0x00000000e6200000, 0x00000000e6200000, 0x00000000e6300000|  0%| F|  |TAMS 0x00000000e6200000, 0x00000000e6200000| Untracked 
|  99|0x00000000e6300000, 0x00000000e6300000, 0x00000000e6400000|  0%| F|  |TAMS 0x00000000e6300000, 0x00000000e6300000| Untracked 
| 100|0x00000000e6400000, 0x00000000e6400000, 0x00000000e6500000|  0%| F|  |TAMS 0x00000000e6400000, 0x00000000e6400000| Untracked 
| 101|0x00000000e6500000, 0x00000000e6500000, 0x00000000e6600000|  0%| F|  |TAMS 0x00000000e6500000, 0x00000000e6500000| Untracked 
| 102|0x00000000e6600000, 0x00000000e6600000, 0x00000000e6700000|  0%| F|  |TAMS 0x00000000e6600000, 0x00000000e6600000| Untracked 
| 103|0x00000000e6700000, 0x00000000e6700000, 0x00000000e6800000|  0%| F|  |TAMS 0x00000000e6700000, 0x00000000e6700000| Untracked 
| 104|0x00000000e6800000, 0x00000000e6800000, 0x00000000e6900000|  0%| F|  |TAMS 0x00000000e6800000, 0x00000000e6800000| Untracked 
| 105|0x00000000e6900000, 0x00000000e6900000, 0x00000000e6a00000|  0%| F|  |TAMS 0x00000000e6900000, 0x00000000e6900000| Untracked 
| 106|0x00000000e6a00000, 0x00000000e6a00000, 0x00000000e6b00000|  0%| F|  |TAMS 0x00000000e6a00000, 0x00000000e6a00000| Untracked 
| 107|0x00000000e6b00000, 0x00000000e6b00000, 0x00000000e6c00000|  0%| F|  |TAMS 0x00000000e6b00000, 0x00000000e6b00000| Untracked 
| 108|0x00000000e6c00000, 0x00000000e6c00000, 0x00000000e6d00000|  0%| F|  |TAMS 0x00000000e6c00000, 0x00000000e6c00000| Untracked 
| 109|0x00000000e6d00000, 0x00000000e6d00000, 0x00000000e6e00000|  0%| F|  |TAMS 0x00000000e6d00000, 0x00000000e6d00000| Untracked 

Card table byte_map: [0x0000021740c60000,0x0000021740d60000] _byte_map_base: 0x0000021740560000

Marking Bits (Prev, Next): (CMBitMap*) 0x000002172bc27c50, (CMBitMap*) 0x000002172bc27c18
 Prev Bits: [0x0000021741660000, 0x0000021741e60000)
 Next Bits: [0x0000021740e60000, 0x0000021741660000)

Polling page: 0x000002172bc60000

Metaspace:

Usage:
  Non-class:     19.08 MB capacity,    18.91 MB (>99%) used,   131.59 KB ( <1%) free+waste,    37.63 KB ( <1%) overhead. 
      Class:      2.30 MB capacity,     2.15 MB ( 94%) used,   128.67 KB (  5%) free+waste,    15.69 KB ( <1%) overhead. 
       Both:     21.37 MB capacity,    21.07 MB ( 99%) used,   260.26 KB (  1%) free+waste,    53.31 KB ( <1%) overhead. 

Virtual space:
  Non-class space:       20.00 MB reserved,      19.25 MB ( 96%) committed 
      Class space:        1.00 GB reserved,       2.38 MB ( <1%) committed 
             Both:        1.02 GB reserved,      21.63 MB (  2%) committed 

Chunk freelists:
   Non-Class:  49.00 KB
       Class:  17.00 KB
        Both:  66.00 KB

MaxMetaspaceSize: 17179869184.00 GB
CompressedClassSpaceSize: 1.00 GB
Initial GC threshold: 20.80 MB
Current GC threshold: 35.00 MB
CDS: off

CodeHeap 'non-profiled nmethods': size=120000Kb used=1975Kb max_used=1975Kb free=118024Kb
 bounds [0x0000021738bc0000, 0x0000021738e30000, 0x00000217400f0000]
CodeHeap 'profiled nmethods': size=120000Kb used=5989Kb max_used=5989Kb free=114010Kb
 bounds [0x0000021731690000, 0x0000021731c70000, 0x0000021738bc0000]
CodeHeap 'non-nmethods': size=5760Kb used=1220Kb max_used=1271Kb free=4539Kb
 bounds [0x00000217310f0000, 0x0000021731360000, 0x0000021731690000]
 total_blobs=3176 nmethods=2693 adapters=395
 compilation: enabled
              stopped_count=0, restarted_count=0
 full_count=0

Compilation events (20 events):
Event: 2.530 Thread 0x000002174491c800 2709       3       java.util.regex.Matcher::group (112 bytes)
Event: 2.531 Thread 0x000002174491c800 nmethod 2709 0x0000021731c5f510 code [0x0000021731c5f7e0, 0x0000021731c604c8]
Event: 2.531 Thread 0x000002174491c800 2710   !   3       jdk.internal.loader.BuiltinClassLoader::findResource (154 bytes)
Event: 2.532 Thread 0x0000021745b83000 nmethod 2349 0x0000021738da0f90 code [0x0000021738da1b20, 0x0000021738daa0c8]
Event: 2.533 Thread 0x000002174491c800 nmethod 2710 0x0000021731c60990 code [0x0000021731c60d00, 0x0000021731c620e8]
Event: 2.533 Thread 0x000002174491c800 2711       3       jdk.internal.loader.BuiltinClassLoader::findResourceOnClassPath (41 bytes)
Event: 2.533 Thread 0x0000021745b83000 2707 %     4       java.lang.AbstractStringBuilder::appendChars @ 26 (130 bytes)
Event: 2.533 Thread 0x000002174491c800 nmethod 2711 0x0000021731c62910 code [0x0000021731c62b20, 0x0000021731c63088]
Event: 2.533 Thread 0x000002174491c800 2712       3       java.nio.ByteBuffer::limit (6 bytes)
Event: 2.533 Thread 0x000002174491c800 nmethod 2712 0x0000021731c63210 code [0x0000021731c633c0, 0x0000021731c63568]
Event: 2.533 Thread 0x000002174491c800 2713       3       com.google.common.base.Preconditions::checkPositionIndex (8 bytes)
Event: 2.533 Thread 0x000002174491c800 nmethod 2713 0x0000021731c63610 code [0x0000021731c637e0, 0x0000021731c63a98]
Event: 2.533 Thread 0x000002174491c800 2714  s    3       sun.net.www.protocol.file.Handler::openConnection (7 bytes)
Event: 2.533 Thread 0x000002174491c800 nmethod 2714 0x0000021731c63c10 code [0x0000021731c63de0, 0x0000021731c640a8]
Event: 2.533 Thread 0x000002174491c800 2715  s!   3       sun.net.www.protocol.file.Handler::openConnection (273 bytes)
Event: 2.535 Thread 0x000002174491c800 nmethod 2715 0x0000021731c64190 code [0x0000021731c64740, 0x0000021731c67128]
Event: 2.538 Thread 0x0000021745b83000 nmethod 2707% 0x0000021738dad390 code [0x0000021738dad560, 0x0000021738dada98]
Event: 2.538 Thread 0x0000021745b83000 2708   !   4       com.optimaize.langdetect.frma.LangProfileReader::read (372 bytes)
Event: 2.545 Thread 0x000002174491c800 2719       3       java.util.regex.Pattern$Ques::match (196 bytes)
Event: 2.545 Thread 0x000002174491c800 nmethod 2719 0x0000021731c68210 code [0x0000021731c684a0, 0x0000021731c691b8]

GC Heap History (20 events):
Event: 1.081 GC heap after
{Heap after GC invocations=3 (full 0):
 garbage-first heap   total 65536K, used 15780K [0x00000000e0000000, 0x0000000100000000)
  region size 1024K, 4 young (4096K), 4 survivors (4096K)
 Metaspace       used 20284K, capacity 20635K, committed 20736K, reserved 1067008K
  class space    used 2049K, capacity 2215K, committed 2304K, reserved 1048576K
}
Event: 1.232 GC heap before
{Heap before GC invocations=3 (full 0):
 garbage-first heap   total 65536K, used 39332K [0x00000000e0000000, 0x0000000100000000)
  region size 1024K, 27 young (27648K), 4 survivors (4096K)
 Metaspace       used 20405K, capacity 20711K, committed 20992K, reserved 1069056K
  class space    used 2054K, capacity 2217K, committed 2304K, reserved 1048576K
}
Event: 1.246 GC heap after
{Heap after GC invocations=4 (full 0):
 garbage-first heap   total 65536K, used 19174K [0x00000000e0000000, 0x0000000100000000)
  region size 1024K, 3 young (3072K), 3 survivors (3072K)
 Metaspace       used 20405K, capacity 20711K, committed 20992K, reserved 1069056K
  class space    used 2054K, capacity 2217K, committed 2304K, reserved 1048576K
}
Event: 1.368 GC heap before
{Heap before GC invocations=4 (full 0):
 garbage-first heap   total 65536K, used 42726K [0x00000000e0000000, 0x0000000100000000)
  region size 1024K, 26 young (26624K), 3 survivors (3072K)
 Metaspace       used 20461K, capacity 20776K, committed 20992K, reserved 1069056K
  class space    used 2057K, capacity 2217K, committed 2304K, reserved 1048576K
}
Event: 1.379 GC heap after
{Heap after GC invocations=5 (full 0):
 garbage-first heap   total 84992K, used 22437K [0x00000000e0000000, 0x0000000100000000)
  region size 1024K, 3 young (3072K), 3 survivors (3072K)
 Metaspace       used 20461K, capacity 20776K, committed 20992K, reserved 1069056K
  class space    used 2057K, capacity 2217K, committed 2304K, reserved 1048576K
}
Event: 1.557 GC heap before
{Heap before GC invocations=5 (full 0):
 garbage-first heap   total 84992K, used 55205K [0x00000000e0000000, 0x0000000100000000)
  region size 1024K, 31 young (31744K), 3 survivors (3072K)
 Metaspace       used 20735K, capacity 21067K, committed 21248K, reserved 1069056K
  class space    used 2091K, capacity 2250K, committed 2304K, reserved 1048576K
}
Event: 1.567 GC heap after
{Heap after GC invocations=6 (full 0):
 garbage-first heap   total 84992K, used 27063K [0x00000000e0000000, 0x0000000100000000)
  region size 1024K, 4 young (4096K), 4 survivors (4096K)
 Metaspace       used 20735K, capacity 21067K, committed 21248K, reserved 1069056K
  class space    used 2091K, capacity 2250K, committed 2304K, reserved 1048576K
}
Event: 1.713 GC heap before
{Heap before GC invocations=6 (full 0):
 garbage-first heap   total 84992K, used 55735K [0x00000000e0000000, 0x0000000100000000)
  region size 1024K, 32 young (32768K), 4 survivors (4096K)
 Metaspace       used 20738K, capacity 21067K, committed 21248K, reserved 1069056K
  class space    used 2091K, capacity 2250K, committed 2304K, reserved 1048576K
}
Event: 1.724 GC heap after
{Heap after GC invocations=7 (full 0):
 garbage-first heap   total 84992K, used 30914K [0x00000000e0000000, 0x0000000100000000)
  region size 1024K, 4 young (4096K), 4 survivors (4096K)
 Metaspace       used 20738K, capacity 21067K, committed 21248K, reserved 1069056K
  class space    used 2091K, capacity 2250K, committed 2304K, reserved 1048576K
}
Event: 1.851 GC heap before
{Heap before GC invocations=7 (full 0):
 garbage-first heap   total 84992K, used 58562K [0x00000000e0000000, 0x0000000100000000)
  region size 1024K, 31 young (31744K), 4 survivors (4096K)
 Metaspace       used 20740K, capacity 21131K, committed 21248K, reserved 1069056K
  class space    used 2091K, capacity 2250K, committed 2304K, reserved 1048576K
}
Event: 1.862 GC heap after
{Heap after GC invocations=8 (full 0):
 garbage-first heap   total 84992K, used 34480K [0x00000000e0000000, 0x0000000100000000)
  region size 1024K, 4 young (4096K), 4 survivors (4096K)
 Metaspace       used 20740K, capacity 21131K, committed 21248K, reserved 1069056K
  class space    used 2091K, capacity 2250K, committed 2304K, reserved 1048576K
}
Event: 1.905 GC heap before
{Heap before GC invocations=8 (full 0):
 garbage-first heap   total 84992K, used 41648K [0x00000000e0000000, 0x0000000100000000)
  region size 1024K, 12 young (12288K), 4 survivors (4096K)
 Metaspace       used 20815K, capacity 21137K, committed 21248K, reserved 1069056K
  class space    used 2101K, capacity 2251K, committed 2304K, reserved 1048576K
}
Event: 1.913 GC heap after
{Heap after GC invocations=9 (full 0):
 garbage-first heap   total 112640K, used 36105K [0x00000000e0000000, 0x0000000100000000)
  region size 1024K, 2 young (2048K), 2 survivors (2048K)
 Metaspace       used 20815K, capacity 21137K, committed 21248K, reserved 1069056K
  class space    used 2101K, capacity 2251K, committed 2304K, reserved 1048576K
}
Event: 2.151 GC heap before
{Heap before GC invocations=10 (full 0):
 garbage-first heap   total 112640K, used 71945K [0x00000000e0000000, 0x0000000100000000)
  region size 1024K, 37 young (37888K), 2 survivors (2048K)
 Metaspace       used 21304K, capacity 21662K, committed 21888K, reserved 1069056K
  class space    used 2172K, capacity 2319K, committed 2432K, reserved 1048576K
}
Event: 2.164 GC heap after
{Heap after GC invocations=11 (full 0):
 garbage-first heap   total 112640K, used 41289K [0x00000000e0000000, 0x0000000100000000)
  region size 1024K, 5 young (5120K), 5 survivors (5120K)
 Metaspace       used 21304K, capacity 21662K, committed 21888K, reserved 1069056K
  class space    used 2172K, capacity 2319K, committed 2432K, reserved 1048576K
}
Event: 2.297 GC heap before
{Heap before GC invocations=11 (full 0):
 garbage-first heap   total 112640K, used 79177K [0x00000000e0000000, 0x0000000100000000)
  region size 1024K, 43 young (44032K), 5 survivors (5120K)
 Metaspace       used 21322K, capacity 21662K, committed 21888K, reserved 1069056K
  class space    used 2172K, capacity 2319K, committed 2432K, reserved 1048576K
}
Event: 2.315 GC heap after
{Heap after GC invocations=12 (full 0):
 garbage-first heap   total 112640K, used 46800K [0x00000000e0000000, 0x0000000100000000)
  region size 1024K, 6 young (6144K), 6 survivors (6144K)
 Metaspace       used 21322K, capacity 21662K, committed 21888K, reserved 1069056K
  class space    used 2172K, capacity 2319K, committed 2432K, reserved 1048576K
}
Event: 2.508 GC heap before
{Heap before GC invocations=12 (full 0):
 garbage-first heap   total 112640K, used 81616K [0x00000000e0000000, 0x0000000100000000)
  region size 1024K, 41 young (41984K), 6 survivors (6144K)
 Metaspace       used 21561K, capacity 21886K, committed 22144K, reserved 1069056K
  class space    used 2206K, capacity 2351K, committed 2432K, reserved 1048576K
}
Event: 2.524 GC heap after
{Heap after GC invocations=13 (full 0):
 garbage-first heap   total 112640K, used 62464K [0x00000000e0000000, 0x0000000100000000)
  region size 1024K, 6 young (6144K), 6 survivors (6144K)
 Metaspace       used 21561K, capacity 21886K, committed 22144K, reserved 1069056K
  class space    used 2206K, capacity 2351K, committed 2432K, reserved 1048576K
}
Event: 2.561 GC heap before
{Heap before GC invocations=13 (full 0):
 garbage-first heap   total 112640K, used 84992K [0x00000000e0000000, 0x0000000100000000)
  region size 1024K, 29 young (29696K), 6 survivors (6144K)
 Metaspace       used 21572K, capacity 21886K, committed 22144K, reserved 1069056K
  class space    used 2206K, capacity 2351K, committed 2432K, reserved 1048576K
}

Deoptimization events (20 events):
Event: 2.294 Thread 0x000002172bbfd000 DEOPT PACKING pc=0x0000021731c1dcb7 sp=0x0000002538efe150
Event: 2.294 Thread 0x000002172bbfd000 DEOPT UNPACKING pc=0x000002173113a95e sp=0x0000002538efd6d8 mode 0
Event: 2.294 Thread 0x000002172bbfd000 DEOPT PACKING pc=0x0000021731c1dcb7 sp=0x0000002538efe150
Event: 2.294 Thread 0x000002172bbfd000 DEOPT UNPACKING pc=0x000002173113a95e sp=0x0000002538efd6d8 mode 0
Event: 2.474 Thread 0x000002172bbfd000 DEOPT PACKING pc=0x000002173186fc77 sp=0x0000002538efe490
Event: 2.474 Thread 0x000002172bbfd000 DEOPT UNPACKING pc=0x000002173113a95e sp=0x0000002538efd8a0 mode 0
Event: 2.505 Thread 0x000002172bbfd000 DEOPT PACKING pc=0x0000021731c30ffd sp=0x0000002538efe640
Event: 2.505 Thread 0x000002172bbfd000 DEOPT UNPACKING pc=0x000002173113a95e sp=0x0000002538efdc10 mode 0
Event: 2.530 Thread 0x000002172bbfd000 DEOPT PACKING pc=0x0000021731c30ffd sp=0x0000002538efe640
Event: 2.530 Thread 0x000002172bbfd000 DEOPT UNPACKING pc=0x000002173113a95e sp=0x0000002538efdc10 mode 0
Event: 2.538 Thread 0x000002172bbfd000 DEOPT PACKING pc=0x0000021731c30ffd sp=0x0000002538efe640
Event: 2.538 Thread 0x000002172bbfd000 DEOPT UNPACKING pc=0x000002173113a95e sp=0x0000002538efdc10 mode 0
Event: 2.542 Thread 0x000002172bbfd000 DEOPT PACKING pc=0x0000021731c5cb14 sp=0x0000002538efe490
Event: 2.542 Thread 0x000002172bbfd000 DEOPT UNPACKING pc=0x000002173113a95e sp=0x0000002538efd9a0 mode 0
Event: 2.542 Thread 0x000002172bbfd000 DEOPT PACKING pc=0x0000021731c5cb14 sp=0x0000002538efe490
Event: 2.542 Thread 0x000002172bbfd000 DEOPT UNPACKING pc=0x000002173113a95e sp=0x0000002538efd9a0 mode 0
Event: 2.552 Thread 0x000002172bbfd000 DEOPT PACKING pc=0x0000021731c30ffd sp=0x0000002538efe640
Event: 2.552 Thread 0x000002172bbfd000 DEOPT UNPACKING pc=0x000002173113a95e sp=0x0000002538efdc10 mode 0
Event: 2.559 Thread 0x000002172bbfd000 DEOPT PACKING pc=0x0000021731c5cb14 sp=0x0000002538efe490
Event: 2.559 Thread 0x000002172bbfd000 DEOPT UNPACKING pc=0x000002173113a95e sp=0x0000002538efd9a0 mode 0

Classes redefined (0 events):
No events

Internal exceptions (20 events):
Event: 0.168 Thread 0x000002172bbfd000 Exception <a 'java/lang/NullPointerException'{0x00000000e3accbc0}> (0x00000000e3accbc0) thrown at [./src/hotspot/share/interpreter/linkResolver.cpp, line 1358]
Event: 0.185 Thread 0x000002172bbfd000 Exception <a 'java/lang/NoSuchMethodError'{0x00000000e3911510}: 'int java.lang.invoke.DirectMethodHandle$Holder.invokeSpecialIFC(java.lang.Object, java.lang.Object, int)'> (0x00000000e3911510) thrown at [./src/hotspot/share/interpreter/linkResolver.cpp, line 773]
Event: 0.248 Thread 0x000002172bbfd000 Exception <a 'java/lang/NullPointerException'{0x00000000e39ce568}> (0x00000000e39ce568) thrown at [./src/hotspot/share/interpreter/linkResolver.cpp, line 1358]
Event: 0.248 Thread 0x000002172bbfd000 Exception <a 'java/lang/NullPointerException'{0x00000000e39ce838}> (0x00000000e39ce838) thrown at [./src/hotspot/share/interpreter/linkResolver.cpp, line 1358]
Event: 0.248 Thread 0x000002172bbfd000 Exception <a 'java/lang/NullPointerException'{0x00000000e39ceb08}> (0x00000000e39ceb08) thrown at [./src/hotspot/share/interpreter/linkResolver.cpp, line 1358]
Event: 0.249 Thread 0x000002172bbfd000 Exception <a 'java/lang/NullPointerException'{0x00000000e39d7848}> (0x00000000e39d7848) thrown at [./src/hotspot/share/interpreter/linkResolver.cpp, line 1358]
Event: 0.249 Thread 0x000002172bbfd000 Exception <a 'java/lang/NullPointerException'{0x00000000e39f0e00}> (0x00000000e39f0e00) thrown at [./src/hotspot/share/interpreter/linkResolver.cpp, line 1358]
Event: 0.249 Thread 0x000002172bbfd000 Exception <a 'java/lang/NullPointerException'{0x00000000e39f10d0}> (0x00000000e39f10d0) thrown at [./src/hotspot/share/interpreter/linkResolver.cpp, line 1358]
Event: 0.249 Thread 0x000002172bbfd000 Exception <a 'java/lang/NullPointerException'{0x00000000e39f13a0}> (0x00000000e39f13a0) thrown at [./src/hotspot/share/interpreter/linkResolver.cpp, line 1358]
Event: 0.250 Thread 0x000002172bbfd000 Exception <a 'java/lang/NullPointerException'{0x00000000e39f1670}> (0x00000000e39f1670) thrown at [./src/hotspot/share/interpreter/linkResolver.cpp, line 1358]
Event: 0.519 Thread 0x000002172bbfd000 Exception <a 'java/lang/NoClassDefFoundError'{0x00000000e3cc27c8}: org/apache/log4j/Priority> (0x00000000e3cc27c8) thrown at [./src/hotspot/share/classfile/systemDictionary.cpp, line 220]
Event: 0.531 Thread 0x000002172bbfd000 Exception <a 'java/lang/NoSuchMethodError'{0x00000000e3b67f88}: 'java.lang.Object java.lang.invoke.DirectMethodHandle$Holder.invokeStatic(java.lang.Object, java.lang.Object, java.lang.Object, java.lang.Object, java.lang.Object, java.lang.Object, java.lang.Object, java.lang.Object, java.lang.Object, java.lang.Object, java.lang.Object, java.lang.Object, java.lang.Object, java.lang.Object, java.lang.Object)'> (0x00000000e3b67f88) thrown at [./src/hotspot/share/interpreter/linkResolver.cpp, line 773]
Event: 0.532 Thread 0x000002172bbfd000 Exception <a 'java/lang/NoSuchMethodError'{0x00000000e3b75d20}: 'java.lang.Object java.lang.invoke.DirectMethodHandle$Holder.invokeStatic(java.lang.Object, java.lang.Object, java.lang.Object, java.lang.Object, java.lang.Object, java.lang.Object, java.lang.Object, java.lang.Object, java.lang.Object, java.lang.Object, java.lang.Object, java.lang.Object, java.lang.Object, java.lang.Object, java.lang.Object, java.lang.Object)'> (0x00000000e3b75d20) thrown at [./src/hotspot/share/interpreter/linkResolver.cpp, l
Event: 0.533 Thread 0x000002172bbfd000 Exception <a 'java/lang/NoSuchMethodError'{0x00000000e3b83c00}: 'java.lang.Object java.lang.invoke.DirectMethodHandle$Holder.invokeSpecial(java.lang.Object, java.lang.Object, int, int, java.lang.Object, java.lang.Object, java.lang.Object)'> (0x00000000e3b83c00) thrown at [./src/hotspot/share/interpreter/linkResolver.cpp, line 773]
Event: 0.533 Thread 0x000002172bbfd000 Exception <a 'java/lang/NoSuchMethodError'{0x00000000e3b87190}: 'java.lang.Object java.lang.invoke.DelegatingMethodHandle$Holder.reinvoke_L(java.lang.Object, int, int, java.lang.Object, java.lang.Object, java.lang.Object)'> (0x00000000e3b87190) thrown at [./src/hotspot/share/interpreter/linkResolver.cpp, line 773]
Event: 0.533 Thread 0x000002172bbfd000 Exception <a 'java/lang/NoSuchMethodError'{0x00000000e3b8b518}: 'java.lang.Object java.lang.invoke.DirectMethodHandle$Holder.invokeStatic(java.lang.Object, java.lang.Object, java.lang.Object, java.lang.Object, int)'> (0x00000000e3b8b518) thrown at [./src/hotspot/share/interpreter/linkResolver.cpp, line 773]
Event: 0.565 Thread 0x000002172bbfd000 Exception <a 'java/lang/ClassNotFoundException'{0x00000000e3ac6780}: com/sun/org/apache/xerces/internal/impl/xpath/regex/spi/messageProvider> (0x00000000e3ac6780) thrown at [./src/hotspot/share/classfile/systemDictionary.cpp, line 231]
Event: 0.728 Thread 0x000002172bbfd000 Exception <a 'java/lang/NoSuchMethodError'{0x00000000e2b77d38}: 'java.lang.Object java.lang.invoke.DirectMethodHandle$Holder.invokeVirtual(java.lang.Object, java.lang.Object, java.lang.Object, java.lang.Object)'> (0x00000000e2b77d38) thrown at [./src/hotspot/share/interpreter/linkResolver.cpp, line 773]
Event: 0.846 Thread 0x000002172bbfd000 Exception <a 'java/lang/NoSuchMethodError'{0x00000000e37e9f58}: 'int java.lang.invoke.DirectMethodHandle$Holder.invokeVirtual(java.lang.Object, java.lang.Object, java.lang.Object)'> (0x00000000e37e9f58) thrown at [./src/hotspot/share/interpreter/linkResolver.cpp, line 773]
Event: 0.847 Thread 0x000002172bbfd000 Exception <a 'java/lang/NoSuchMethodError'{0x00000000e37efec0}: 'java.lang.Object java.lang.invoke.DirectMethodHandle$Holder.invokeVirtual(java.lang.Object, java.lang.Object, java.lang.Object)'> (0x00000000e37efec0) thrown at [./src/hotspot/share/interpreter/linkResolver.cpp, line 773]

Events (20 events):
Event: 2.469 loading class org/languagetool/language/LanguageIdentifier$RemoveEMailSignatureFilter done
Event: 2.470 loading class org/languagetool/language/LanguageIdentifier$RemoveMentionFilter
Event: 2.470 loading class org/languagetool/language/LanguageIdentifier$RemoveMentionFilter done
Event: 2.470 loading class org/languagetool/language/LanguageIdentifier$RemoveNonBreakingSpaces
Event: 2.470 loading class org/languagetool/language/LanguageIdentifier$RemoveNonBreakingSpaces done
Event: 2.470 loading class com/optimaize/langdetect/text/TextObjectFactory
Event: 2.470 loading class com/optimaize/langdetect/text/TextObjectFactory done
Event: 2.470 loading class com/optimaize/langdetect/text/MultiTextFilter
Event: 2.470 loading class com/optimaize/langdetect/text/MultiTextFilter done
Event: 2.470 loading class org/bsplines/ltexls/server/CodeActionProvider
Event: 2.470 loading class org/bsplines/ltexls/server/CodeActionProvider done
Event: 2.471 loading class org/bsplines/ltexls/server/CodeActionProvider$Companion
Event: 2.471 loading class org/bsplines/ltexls/server/CodeActionProvider$Companion done
Event: 2.471 loading class org/bsplines/ltexls/server/CompletionListProvider
Event: 2.471 loading class org/bsplines/ltexls/server/CompletionListProvider done
Event: 2.471 loading class org/bsplines/ltexls/server/CompletionListProvider$Companion
Event: 2.471 loading class org/bsplines/ltexls/server/CompletionListProvider$Companion done
Event: 2.508 Executing VM operation: G1CollectForAllocation
Event: 2.524 Executing VM operation: G1CollectForAllocation done
Event: 2.561 Executing VM operation: G1CollectForAllocation


Dynamic libraries:
0x00007ff7b08b0000 - 0x00007ff7b08bd000 	d:\estragio\.vscode\extensions\valentjn.vscode-ltex-13.1.0\lib\ltex-ls-15.2.0\jdk-11.0.12+7\bin\java.exe
0x00007ffe4e4a0000 - 0x00007ffe4e690000 	C:\windows\SYSTEM32\ntdll.dll
0x00007ffe4c5d0000 - 0x00007ffe4c682000 	C:\windows\System32\KERNEL32.DLL
0x00007ffe4bb90000 - 0x00007ffe4be35000 	C:\windows\System32\KERNELBASE.dll
0x00007ffe4be60000 - 0x00007ffe4bf5a000 	C:\windows\System32\ucrtbase.dll
0x00007ffe2ff70000 - 0x00007ffe2ff87000 	d:\estragio\.vscode\extensions\valentjn.vscode-ltex-13.1.0\lib\ltex-ls-15.2.0\jdk-11.0.12+7\bin\jli.dll
0x00007ffe2ff50000 - 0x00007ffe2ff65000 	d:\estragio\.vscode\extensions\valentjn.vscode-ltex-13.1.0\lib\ltex-ls-15.2.0\jdk-11.0.12+7\bin\VCRUNTIME140.dll
0x00007ffe4dd20000 - 0x00007ffe4deb4000 	C:\windows\System32\USER32.dll
0x00007ffe34800000 - 0x00007ffe34a84000 	C:\windows\WinSxS\amd64_microsoft.windows.common-controls_6595b64144ccf1df_6.0.18362.1556_none_9e7e372fe45e41d5\COMCTL32.dll
0x00007ffe4c220000 - 0x00007ffe4c241000 	C:\windows\System32\win32u.dll
0x00007ffe4e160000 - 0x00007ffe4e1fe000 	C:\windows\System32\msvcrt.dll
0x00007ffe4e410000 - 0x00007ffe4e436000 	C:\windows\System32\GDI32.dll
0x00007ffe4d910000 - 0x00007ffe4dc46000 	C:\windows\System32\combase.dll
0x00007ffe4c050000 - 0x00007ffe4c1e8000 	C:\windows\System32\gdi32full.dll
0x00007ffe4dfe0000 - 0x00007ffe4e0ff000 	C:\windows\System32\RPCRT4.dll
0x00007ffe4c3b0000 - 0x00007ffe4c44e000 	C:\windows\System32\msvcp_win.dll
0x00007ffe4bfc0000 - 0x00007ffe4c041000 	C:\windows\System32\bcryptPrimitives.dll
0x00007ffe4d5c0000 - 0x00007ffe4d5ee000 	C:\windows\System32\IMM32.DLL
0x00007ffe1d560000 - 0x00007ffe1d604000 	C:\Program Files\McAfee\Endpoint Security\Threat Prevention\Ips\EpMPApi.dll
0x00007ffe4c8c0000 - 0x00007ffe4c963000 	C:\windows\System32\ADVAPI32.dll
0x00007ffe4d5f0000 - 0x00007ffe4d687000 	C:\windows\System32\sechost.dll
0x00007ffe4bf60000 - 0x00007ffe4bfbc000 	C:\windows\System32\WINTRUST.dll
0x00007ffe4b3d0000 - 0x00007ffe4b3e2000 	C:\windows\System32\MSASN1.dll
0x00007ffe4c250000 - 0x00007ffe4c3a1000 	C:\windows\System32\CRYPT32.dll
0x0000000069070000 - 0x000000006907c000 	C:\Program Files\McAfee\Endpoint Security\Threat Prevention\Ips\EpMPThe.dll
0x00007ffe1d340000 - 0x00007ffe1d39b000 	C:\Program Files\McAfee\Endpoint Security\Threat Prevention\Ips\HIPHandlers64.dll
0x00007ffe4ce40000 - 0x00007ffe4d527000 	C:\windows\System32\SHELL32.dll
0x00007ffe4c500000 - 0x00007ffe4c54a000 	C:\windows\System32\cfgmgr32.dll
0x00007ffe4dec0000 - 0x00007ffe4df68000 	C:\windows\System32\shcore.dll
0x00007ffe4b410000 - 0x00007ffe4bb8b000 	C:\windows\System32\windows.storage.dll
0x00007ffe4b360000 - 0x00007ffe4b37e000 	C:\windows\System32\profapi.dll
0x00007ffe4b380000 - 0x00007ffe4b3ca000 	C:\windows\System32\powrprof.dll
0x00007ffe4b350000 - 0x00007ffe4b360000 	C:\windows\System32\UMPDC.dll
0x00007ffe4cde0000 - 0x00007ffe4ce32000 	C:\windows\System32\shlwapi.dll
0x00007ffe4b3f0000 - 0x00007ffe4b401000 	C:\windows\System32\kernel.appcore.dll
0x00007ffe4be40000 - 0x00007ffe4be57000 	C:\windows\System32\cryptsp.dll
0x00007ffe46ab0000 - 0x00007ffe46ca4000 	C:\windows\SYSTEM32\dbghelp.dll
0x00007ffddbe30000 - 0x00007ffddbecb000 	d:\estragio\.vscode\extensions\valentjn.vscode-ltex-13.1.0\lib\ltex-ls-15.2.0\jdk-11.0.12+7\bin\msvcp140.dll
0x00007ffddb2d0000 - 0x00007ffddbe29000 	d:\estragio\.vscode\extensions\valentjn.vscode-ltex-13.1.0\lib\ltex-ls-15.2.0\jdk-11.0.12+7\bin\server\jvm.dll
0x00007ffe4e450000 - 0x00007ffe4e458000 	C:\windows\System32\PSAPI.DLL
0x00007ffe2cb40000 - 0x00007ffe2cb49000 	C:\windows\SYSTEM32\WSOCK32.dll
0x00007ffe3e590000 - 0x00007ffe3e59a000 	C:\windows\SYSTEM32\VERSION.dll
0x00007ffe444e0000 - 0x00007ffe44504000 	C:\windows\SYSTEM32\WINMM.dll
0x00007ffe4d6f0000 - 0x00007ffe4d75f000 	C:\windows\System32\WS2_32.dll
0x00007ffe44400000 - 0x00007ffe4442d000 	C:\windows\SYSTEM32\winmmbase.dll
0x00007ffe31220000 - 0x00007ffe31230000 	d:\estragio\.vscode\extensions\valentjn.vscode-ltex-13.1.0\lib\ltex-ls-15.2.0\jdk-11.0.12+7\bin\verify.dll
0x00007ffe1c170000 - 0x00007ffe1c19a000 	C:\windows\SYSTEM32\dbgcore.DLL
0x00007ffe311f0000 - 0x00007ffe31218000 	d:\estragio\.vscode\extensions\valentjn.vscode-ltex-13.1.0\lib\ltex-ls-15.2.0\jdk-11.0.12+7\bin\java.dll
0x00007ffe311e0000 - 0x00007ffe311ea000 	d:\estragio\.vscode\extensions\valentjn.vscode-ltex-13.1.0\lib\ltex-ls-15.2.0\jdk-11.0.12+7\bin\jimage.dll
0x00007ffe311c0000 - 0x00007ffe311d7000 	d:\estragio\.vscode\extensions\valentjn.vscode-ltex-13.1.0\lib\ltex-ls-15.2.0\jdk-11.0.12+7\bin\zip.dll
0x00007ffdd9100000 - 0x00007ffdd9119000 	D:\estragio\.vscode\extensions\valentjn.vscode-ltex-13.1.0\lib\ltex-ls-15.2.0\jdk-11.0.12+7\bin\net.dll
0x00007ffe38b10000 - 0x00007ffe38c0a000 	C:\windows\SYSTEM32\WINHTTP.dll
0x00007ffe4ab90000 - 0x00007ffe4abf7000 	C:\windows\system32\mswsock.dll
0x00007ffdd90e0000 - 0x00007ffdd90f2000 	D:\estragio\.vscode\extensions\valentjn.vscode-ltex-13.1.0\lib\ltex-ls-15.2.0\jdk-11.0.12+7\bin\nio.dll
0x0000000069ac0000 - 0x0000000069ae4000 	D:\estragio\AppData\Local\Temp\jansi-2.4.0-e0e784d128ba67c9-jansi.dll

dbghelp: loaded successfully - version: 4.0.5 - missing functions: none
symbol engine: initialized successfully - sym options: 0x614 - pdb path: .;d:\estragio\.vscode\extensions\valentjn.vscode-ltex-13.1.0\lib\ltex-ls-15.2.0\jdk-11.0.12+7\bin;C:\windows\SYSTEM32;C:\windows\WinSxS\amd64_microsoft.windows.common-controls_6595b64144ccf1df_6.0.18362.1556_none_9e7e372fe45e41d5;C:\Program Files\McAfee\Endpoint Security\Threat Prevention\Ips;d:\estragio\.vscode\extensions\valentjn.vscode-ltex-13.1.0\lib\ltex-ls-15.2.0\jdk-11.0.12+7\bin\server;D:\estragio\AppData\Local\Temp

VM Arguments:
jvm_args: -Xms64m -Xmx512m -Dapp.name=ltex-ls -Dapp.repo=d:\estragio\.vscode\extensions\valentjn.vscode-ltex-13.1.0\lib\ltex-ls-15.2.0\lib -Dapp.home=d:\estragio\.vscode\extensions\valentjn.vscode-ltex-13.1.0\lib\ltex-ls-15.2.0 -Dbasedir=d:\estragio\.vscode\extensions\valentjn.vscode-ltex-13.1.0\lib\ltex-ls-15.2.0 
java_command: org.bsplines.ltexls.LtexLanguageServerLauncher
java_class_path (initial): d:\estragio\.vscode\extensions\valentjn.vscode-ltex-13.1.0\lib\ltex-ls-15.2.0\etc;d:\estragio\.vscode\extensions\valentjn.vscode-ltex-13.1.0\lib\ltex-ls-15.2.0\lib\aho-corasick-double-array-trie-1.2.2.jar;d:\estragio\.vscode\extensions\valentjn.vscode-ltex-13.1.0\lib\ltex-ls-15.2.0\lib\animal-sniffer-annotations-1.17.jar;d:\estragio\.vscode\extensions\valentjn.vscode-ltex-13.1.0\lib\ltex-ls-15.2.0\lib\annotations-12.0.jar;d:\estragio\.vscode\extensions\valentjn.vscode-ltex-13.1.0\lib\ltex-ls-15.2.0\lib\annotations-13.0.jar;d:\estragio\.vscode\extensions\valentjn.vscode-ltex-13.1.0\lib\ltex-ls-15.2.0\lib\annotations-20.1.0.jar;d:\estragio\.vscode\extensions\valentjn.vscode-ltex-13.1.0\lib\ltex-ls-15.2.0\lib\annotations-4.1.1.4.jar;d:\estragio\.vscode\extensions\valentjn.vscode-ltex-13.1.0\lib\ltex-ls-15.2.0\lib\bridj-0.7.0.jar;d:\estragio\.vscode\extensions\valentjn.vscode-ltex-13.1.0\lib\ltex-ls-15.2.0\lib\catalan-pos-dict-2.16.jar;d:\estragio\.vscode\extensions\valentjn.vscode-ltex-13.1.0\lib\ltex-ls-15.2.0\lib\checker-qual-2.5.2.jar;d:\estragio\.vscode\extensions\valentjn.vscode-ltex-13.1.0\lib\ltex-ls-15.2.0\lib\checker-qual-3.5.0.jar;d:\estragio\.vscode\extensions\valentjn.vscode-ltex-13.1.0\lib\ltex-ls-15.2.0\lib\cjftransform-1.0.1.jar;d:\estragio\.vscode\extensions\valentjn.vscode-ltex-13.1.0\lib\ltex-ls-15.2.0\lib\commons-lang3-3.11.jar;d:\estragio\.vscode\extensions\valentjn.vscode-ltex-13.1.0\lib\ltex-ls-15.2.0\lib\commons-logging-1.2.jar;d:\estragio\.vscode\extensions\valentjn.vscode-ltex-13.1.0\lib\ltex-ls-15.2.0\lib\commons-pool2-2.9.0.jar;d:\estragio\.vscode\extensions\valentjn.vscode-ltex-13.1.0\lib\ltex-ls-15.2.0\lib\commons-text-1.9.jar;d:\estragio\.vscode\extensions\valentjn.vscode-ltex-13.1.0\lib\ltex-ls-15.2.0\lib\dx-1.7.jar;d:\estragio\.vscode\extensions\valentjn.vscode-ltex-13.1.0\lib\ltex-ls-15.2.0\lib\emoji-java-5.1.1.jar;d:\estragio\.vscode\extensions\valentjn.vscode-ltex-13.1.0\lib\ltex-ls-15.2.0\lib\error_prone_
Launcher Type: SUN_STANDARD

[Global flags]
     intx CICompilerCount                          = 4                                         {product} {ergonomic}
     uint ConcGCThreads                            = 2                                         {product} {ergonomic}
     uint G1ConcRefinementThreads                  = 8                                         {product} {ergonomic}
   size_t G1HeapRegionSize                         = 1048576                                   {product} {ergonomic}
    uintx GCDrainStackTargetSize                   = 64                                        {product} {ergonomic}
   size_t InitialHeapSize                          = 67108864                                  {product} {command line}
   size_t MarkStackSize                            = 4194304                                   {product} {ergonomic}
   size_t MaxHeapSize                              = 536870912                                 {product} {command line}
   size_t MaxNewSize                               = 321912832                                 {product} {ergonomic}
   size_t MinHeapDeltaBytes                        = 1048576                                   {product} {ergonomic}
    uintx NonNMethodCodeHeapSize                   = 5836300                                {pd product} {ergonomic}
    uintx NonProfiledCodeHeapSize                  = 122910970                              {pd product} {ergonomic}
    uintx ProfiledCodeHeapSize                     = 122910970                              {pd product} {ergonomic}
    uintx ReservedCodeCacheSize                    = 251658240                              {pd product} {ergonomic}
     bool SegmentedCodeCache                       = true                                      {product} {ergonomic}
     bool UseCompressedClassPointers               = true                                 {lp64_product} {ergonomic}
     bool UseCompressedOops                        = true                                 {lp64_product} {ergonomic}
     bool UseG1GC                                  = true                                      {product} {ergonomic}
     bool UseLargePagesIndividualAllocation        = false                                  {pd product} {ergonomic}

Logging:
Log output configuration:
 #0: stdout all=warning uptime,level,tags
 #1: stderr all=off uptime,level,tags

Environment Variables:
JAVA_HOME=d:\estragio\.vscode\extensions\valentjn.vscode-ltex-13.1.0\lib\ltex-ls-15.2.0\jdk-11.0.12+7
CLASSPATH="d:\estragio\.vscode\extensions\valentjn.vscode-ltex-13.1.0\lib\ltex-ls-15.2.0"\etc;"d:\estragio\.vscode\extensions\valentjn.vscode-ltex-13.1.0\lib\ltex-ls-15.2.0\lib"\*
PATH=C:\windows\system32;C:\windows;C:\windows\System32\Wbem;C:\windows\System32\WindowsPowerShell\v1.0\;C:\windows\System32\OpenSSH\;C:\Users\Administrateur\AppData\Local\Microsoft\WindowsApps;C:\Program Files\CMake\bin;C:\Program Files (x86)\FreeFem++;C:\Program Files\TortoiseGit\bin;C:\Program Files\TortoiseSVN\bin;C:\Program Files\Git\cmd;C:\Program Files\MiKTeX\miktex\bin\x64\;C:\Program Files (x86)\PuTTY\;C:\Program Files\PuTTY\;C:\Program Files\OpenJDK\bin;D:\estragio\AppData\Local\Microsoft\WindowsApps;D:\estragio\AppData\Local\Programs\Microsoft VS Code\bin;D:\estragio\AppData\Local\GitHubDesktop\bin;D:\estragio\PhD\98_Portable-Software\strawberry-perl-5.32.1.1-64bit\c\bin;D:\estragio\PhD\98_Portable-Software\strawberry-perl-5.32.1.1-64bit\perl\site\bin;D:\estragio\PhD\98_Portable-Software\strawberry-perl-5.32.1.1-64bit\perl\bin
USERNAME=estragio
OS=Windows_NT
PROCESSOR_IDENTIFIER=Intel64 Family 6 Model 158 Stepping 13, GenuineIntel



---------------  S Y S T E M  ---------------

OS: Windows 10 , 64 bit Build 18362 (10.0.18362.1500)
OS uptime: 8 days 1:46 hours

CPU:total 8 (initial active 8) (4 cores per cpu, 2 threads per core) family 6 model 158 stepping 13 microcode 0xd6, cmov, cx8, fxsr, mmx, sse, sse2, sse3, ssse3, sse4.1, sse4.2, popcnt, avx, avx2, aes, clmul, erms, 3dnowpref, lzcnt, ht, tsc, tscinvbit, bmi1, bmi2, adx, fma

Memory: 4k page, system-wide physical 16166M (4127M free)
TotalPageFile size 31166M (AvailPageFile size 9M)
current process WorkingSet (physical memory assigned to process): 238M, peak: 239M
current process commit charge ("private bytes"): 277M, peak: 322M

vm_info: OpenJDK 64-Bit Server VM (11.0.12+7) for windows-amd64 JRE (11.0.12+7), built on Jul 21 2021 16:23:49 by "" with unknown MS VC++:1916

END.
