#
# There is insufficient memory for the Java Runtime Environment to continue.
# Native memory allocation (malloc) failed to allocate 298656 bytes for Chunk::new
# Possible reasons:
#   The system is out of physical RAM or swap space
#   The process is running with CompressedOops enabled, and the Java Heap may be blocking the growth of the native heap
# Possible solutions:
#   Reduce memory load on the system
#   Increase physical memory or swap space
#   Check if swap backing store is full
#   Decrease Java heap size (-Xmx/-Xms)
#   Decrease number of Java threads
#   Decrease Java thread stack sizes (-Xss)
#   Set larger code cache with -XX:ReservedCodeCacheSize=
#   JVM is running with Unscaled Compressed Oops mode in which the Java heap is
#     placed in the first 4GB address space. The Java Heap base address is the
#     maximum limit for the native heap growth. Please use -XX:HeapBaseMinAddress
#     to set the Java Heap base and to place the Java Heap above 4GB virtual address.
# This output file may be truncated or incomplete.
#
#  Out of Memory Error (./src/hotspot/share/memory/arena.cpp:197), pid=19868, tid=16040
#
# JRE version: OpenJDK Runtime Environment Temurin-11.0.12+7 (11.0.12+7) (build 11.0.12+7)
# Java VM: OpenJDK 64-Bit Server VM Temurin-11.0.12+7 (11.0.12+7, mixed mode, tiered, compressed oops, g1 gc, windows-amd64)
# No core dump will be written. Minidumps are not enabled by default on client versions of Windows
#

---------------  S U M M A R Y ------------

Command Line: -Xms64m -Xmx512m -Dapp.name=ltex-ls -Dapp.repo=d:\estragio\.vscode\extensions\valentjn.vscode-ltex-13.1.0\lib\ltex-ls-15.2.0\lib -Dapp.home=d:\estragio\.vscode\extensions\valentjn.vscode-ltex-13.1.0\lib\ltex-ls-15.2.0 -Dbasedir=d:\estragio\.vscode\extensions\valentjn.vscode-ltex-13.1.0\lib\ltex-ls-15.2.0 org.bsplines.ltexls.LtexLanguageServerLauncher

Host: Intel(R) Core(TM) i5-9400H CPU @ 2.50GHz, 8 cores, 15G,  Windows 10 , 64 bit Build 18362 (10.0.18362.1500)
Time: Thu Nov  9 17:52:31 2023 Paris, Madrid elapsed time: 5.960195 seconds (0d 0h 0m 5s)

---------------  T H R E A D  ---------------

Current thread (0x000001ae612ec800):  JavaThread "C2 CompilerThread0" daemon [_thread_in_native, id=16040, stack(0x0000000be6c00000,0x0000000be6d00000)]


Current CompileTask:
C2:   5960 4044       4       gnu.trove.TObjectHash::index (146 bytes)

Stack: [0x0000000be6c00000,0x0000000be6d00000]
Native frames: (J=compiled Java code, j=interpreted, Vv=VM code, C=native code)
V  [jvm.dll+0x601d0a]
V  [jvm.dll+0x78ab6e]
V  [jvm.dll+0x78c23f]
V  [jvm.dll+0x78c903]
V  [jvm.dll+0x24be68]
V  [jvm.dll+0xc219c]
V  [jvm.dll+0xc275c]
V  [jvm.dll+0x2bde24]
V  [jvm.dll+0x512bd9]
V  [jvm.dll+0x20d6ed]
V  [jvm.dll+0x207634]
V  [jvm.dll+0x2045da]
V  [jvm.dll+0x1898fc]
V  [jvm.dll+0x213d67]
V  [jvm.dll+0x211f2b]
V  [jvm.dll+0x74ec19]
V  [jvm.dll+0x747c84]
V  [jvm.dll+0x600ba6]
C  [ucrtbase.dll+0x210b2]
C  [KERNEL32.DLL+0x17c24]
C  [ntdll.dll+0x6d721]


---------------  P R O C E S S  ---------------

Threads class SMR info:
_java_thread_list=0x000001ae66781470, length=14, elements={
0x000001ae490b9800, 0x000001ae612b4800, 0x000001ae612e3000, 0x000001ae61b01000,
0x000001ae612e8000, 0x000001ae612e9800, 0x000001ae612ec800, 0x000001ae61b09000,
0x000001ae61b0a800, 0x000001ae61c8a000, 0x000001ae62520000, 0x000001ae62e56000,
0x000001ae64adc800, 0x000001ae64a18800
}

Java Threads: ( => current thread )
  0x000001ae490b9800 JavaThread "main" [_thread_blocked, id=26132, stack(0x0000000be6000000,0x0000000be6100000)]
  0x000001ae612b4800 JavaThread "Reference Handler" daemon [_thread_blocked, id=2480, stack(0x0000000be6700000,0x0000000be6800000)]
  0x000001ae612e3000 JavaThread "Finalizer" daemon [_thread_blocked, id=13228, stack(0x0000000be6800000,0x0000000be6900000)]
  0x000001ae61b01000 JavaThread "Signal Dispatcher" daemon [_thread_blocked, id=27680, stack(0x0000000be6900000,0x0000000be6a00000)]
  0x000001ae612e8000 JavaThread "Attach Listener" daemon [_thread_blocked, id=14360, stack(0x0000000be6a00000,0x0000000be6b00000)]
  0x000001ae612e9800 JavaThread "Service Thread" daemon [_thread_blocked, id=18260, stack(0x0000000be6b00000,0x0000000be6c00000)]
=>0x000001ae612ec800 JavaThread "C2 CompilerThread0" daemon [_thread_in_native, id=16040, stack(0x0000000be6c00000,0x0000000be6d00000)]
  0x000001ae61b09000 JavaThread "C1 CompilerThread0" daemon [_thread_blocked, id=5276, stack(0x0000000be6d00000,0x0000000be6e00000)]
  0x000001ae61b0a800 JavaThread "Sweeper thread" daemon [_thread_blocked, id=24804, stack(0x0000000be6e00000,0x0000000be6f00000)]
  0x000001ae61c8a000 JavaThread "Common-Cleaner" daemon [_thread_blocked, id=26028, stack(0x0000000be7000000,0x0000000be7100000)]
  0x000001ae62520000 JavaThread "C2 CompilerThread1" daemon [_thread_in_native, id=21572, stack(0x0000000be7100000,0x0000000be7200000)]
  0x000001ae62e56000 JavaThread "C2 CompilerThread2" daemon [_thread_in_native, id=23516, stack(0x0000000be7300000,0x0000000be7400000)]
  0x000001ae64adc800 JavaThread "pool-2-thread-1" [_thread_in_native, id=23768, stack(0x0000000be7900000,0x0000000be7a00000)]
  0x000001ae64a18800 JavaThread "pool-1-thread-1" [_thread_in_Java, id=21480, stack(0x0000000be7b00000,0x0000000be7c00000)]

Other Threads:
  0x000001ae612b0000 VMThread "VM Thread" [stack: 0x0000000be6600000,0x0000000be6700000] [id=25824]
  0x000001ae61cbe000 WatcherThread [stack: 0x0000000be6f00000,0x0000000be7000000] [id=25428]
  0x000001ae490d2800 GCTaskThread "GC Thread#0" [stack: 0x0000000be6100000,0x0000000be6200000] [id=3692]
  0x000001ae62908800 GCTaskThread "GC Thread#1" [stack: 0x0000000be7200000,0x0000000be7300000] [id=17024]
  0x000001ae64311000 GCTaskThread "GC Thread#2" [stack: 0x0000000be7500000,0x0000000be7600000] [id=27876]
  0x000001ae65763000 GCTaskThread "GC Thread#3" [stack: 0x0000000be7a00000,0x0000000be7b00000] [id=26840]
  0x000001ae64031800 GCTaskThread "GC Thread#4" [stack: 0x0000000be7c00000,0x0000000be7d00000] [id=10580]
  0x000001ae64b54000 GCTaskThread "GC Thread#5" [stack: 0x0000000be7d00000,0x0000000be7e00000] [id=14940]
  0x000001ae490e7800 ConcurrentGCThread "G1 Main Marker" [stack: 0x0000000be6200000,0x0000000be6300000] [id=16636]
  0x000001ae490e9800 ConcurrentGCThread "G1 Conc#0" [stack: 0x0000000be6300000,0x0000000be6400000] [id=2852]
  0x000001ae64a5a800 ConcurrentGCThread "G1 Conc#1" [stack: 0x0000000be7400000,0x0000000be7500000] [id=13624]
  0x000001ae61127000 ConcurrentGCThread "G1 Refine#0" [stack: 0x0000000be6400000,0x0000000be6500000] [id=13552]
  0x000001ae66655800 ConcurrentGCThread "G1 Refine#1" [stack: 0x0000000be7600000,0x0000000be7700000] [id=15592]
  0x000001ae6492c800 ConcurrentGCThread "G1 Refine#2" [stack: 0x0000000be7700000,0x0000000be7800000] [id=21272]
  0x000001ae64b47000 ConcurrentGCThread "G1 Refine#3" [stack: 0x0000000be7800000,0x0000000be7900000] [id=21104]
  0x000001ae65893800 ConcurrentGCThread "G1 Refine#4" [stack: 0x0000000be7e00000,0x0000000be7f00000] [id=24736]
  0x000001ae677d5800 ConcurrentGCThread "G1 Refine#5" [stack: 0x0000000be7f00000,0x0000000be8000000] [id=24776]
  0x000001ae6573b800 ConcurrentGCThread "G1 Refine#6" [stack: 0x0000000be8000000,0x0000000be8100000] [id=28620]
  0x000001ae61128000 ConcurrentGCThread "G1 Young RemSet Sampling" [stack: 0x0000000be6500000,0x0000000be6600000] [id=16564]

Threads with active compile tasks:
C2 CompilerThread0   5992 4044       4       gnu.trove.TObjectHash::index (146 bytes)
C2 CompilerThread1   5992 4008       4       java.util.Arrays::sort (47 bytes)
C2 CompilerThread2   5992 4041       4       gnu.trove.TObjectHash::insertionIndex (273 bytes)

VM state:not at safepoint (normal execution)

VM Mutex/Monitor currently owned by a thread: None

Heap address: 0x00000000e0000000, size: 512 MB, Compressed Oops mode: 32-bit
Narrow klass base: 0x0000000000000000, Narrow klass shift: 3
Compressed class space size: 1073741824 Address: 0x0000000100000000

Heap:
 garbage-first heap   total 214016K, used 160583K [0x00000000e0000000, 0x0000000100000000)
  region size 1024K, 21 young (21504K), 3 survivors (3072K)
 Metaspace       used 27375K, capacity 27845K, committed 27904K, reserved 1075200K
  class space    used 2834K, capacity 3029K, committed 3072K, reserved 1048576K
Heap Regions: E=young(eden), S=young(survivor), O=old, HS=humongous(starts), HC=humongous(continues), CS=collection set, F=free, A=archive, TAMS=top-at-mark-start (previous, next)
|   0|0x00000000e0000000, 0x00000000e0100000, 0x00000000e0100000|100%| O|  |TAMS 0x00000000e0100000, 0x00000000e0000000| Untracked 
|   1|0x00000000e0100000, 0x00000000e0200000, 0x00000000e0200000|100%| O|  |TAMS 0x00000000e0200000, 0x00000000e0100000| Untracked 
|   2|0x00000000e0200000, 0x00000000e0300000, 0x00000000e0300000|100%| O|  |TAMS 0x00000000e0300000, 0x00000000e0200000| Untracked 
|   3|0x00000000e0300000, 0x00000000e0400000, 0x00000000e0400000|100%| O|  |TAMS 0x00000000e0400000, 0x00000000e0300000| Untracked 
|   4|0x00000000e0400000, 0x00000000e0500000, 0x00000000e0500000|100%| O|  |TAMS 0x00000000e0500000, 0x00000000e0400000| Untracked 
|   5|0x00000000e0500000, 0x00000000e0600000, 0x00000000e0600000|100%| O|  |TAMS 0x00000000e0600000, 0x00000000e0500000| Untracked 
|   6|0x00000000e0600000, 0x00000000e0700000, 0x00000000e0700000|100%| O|  |TAMS 0x00000000e0700000, 0x00000000e0600000| Untracked 
|   7|0x00000000e0700000, 0x00000000e0800000, 0x00000000e0800000|100%| O|  |TAMS 0x00000000e0800000, 0x00000000e0700000| Untracked 
|   8|0x00000000e0800000, 0x00000000e0900000, 0x00000000e0900000|100%| O|  |TAMS 0x00000000e0900000, 0x00000000e0800000| Untracked 
|   9|0x00000000e0900000, 0x00000000e0a00000, 0x00000000e0a00000|100%| O|  |TAMS 0x00000000e0a00000, 0x00000000e0900000| Untracked 
|  10|0x00000000e0a00000, 0x00000000e0b00000, 0x00000000e0b00000|100%| O|  |TAMS 0x00000000e0a00000, 0x00000000e0a00000| Untracked 
|  11|0x00000000e0b00000, 0x00000000e0c00000, 0x00000000e0c00000|100%| O|  |TAMS 0x00000000e0c00000, 0x00000000e0b00000| Untracked 
|  12|0x00000000e0c00000, 0x00000000e0d00000, 0x00000000e0d00000|100%| O|  |TAMS 0x00000000e0d00000, 0x00000000e0c00000| Untracked 
|  13|0x00000000e0d00000, 0x00000000e0e00000, 0x00000000e0e00000|100%| O|  |TAMS 0x00000000e0e00000, 0x00000000e0d00000| Untracked 
|  14|0x00000000e0e00000, 0x00000000e0f00000, 0x00000000e0f00000|100%| O|  |TAMS 0x00000000e0f00000, 0x00000000e0e00000| Untracked 
|  15|0x00000000e0f00000, 0x00000000e1000000, 0x00000000e1000000|100%| O|  |TAMS 0x00000000e1000000, 0x00000000e0f00000| Untracked 
|  16|0x00000000e1000000, 0x00000000e1100000, 0x00000000e1100000|100%| O|  |TAMS 0x00000000e1100000, 0x00000000e1000000| Untracked 
|  17|0x00000000e1100000, 0x00000000e1200000, 0x00000000e1200000|100%| O|  |TAMS 0x00000000e1200000, 0x00000000e1100000| Untracked 
|  18|0x00000000e1200000, 0x00000000e1300000, 0x00000000e1300000|100%| O|  |TAMS 0x00000000e1300000, 0x00000000e1200000| Untracked 
|  19|0x00000000e1300000, 0x00000000e1400000, 0x00000000e1400000|100%| O|  |TAMS 0x00000000e1400000, 0x00000000e1300000| Untracked 
|  20|0x00000000e1400000, 0x00000000e1500000, 0x00000000e1500000|100%| O|  |TAMS 0x00000000e1500000, 0x00000000e1400000| Untracked 
|  21|0x00000000e1500000, 0x00000000e1600000, 0x00000000e1600000|100%| O|  |TAMS 0x00000000e1600000, 0x00000000e1500000| Untracked 
|  22|0x00000000e1600000, 0x00000000e1700000, 0x00000000e1700000|100%| O|  |TAMS 0x00000000e1700000, 0x00000000e1600000| Untracked 
|  23|0x00000000e1700000, 0x00000000e1800000, 0x00000000e1800000|100%|HS|  |TAMS 0x00000000e1800000, 0x00000000e1700000| Complete 
|  24|0x00000000e1800000, 0x00000000e1900000, 0x00000000e1900000|100%| O|  |TAMS 0x00000000e1900000, 0x00000000e1800000| Untracked 
|  25|0x00000000e1900000, 0x00000000e1a00000, 0x00000000e1a00000|100%| O|  |TAMS 0x00000000e1a00000, 0x00000000e1900000| Untracked 
|  26|0x00000000e1a00000, 0x00000000e1b00000, 0x00000000e1b00000|100%| O|  |TAMS 0x00000000e1b00000, 0x00000000e1a00000| Untracked 
|  27|0x00000000e1b00000, 0x00000000e1c00000, 0x00000000e1c00000|100%| O|  |TAMS 0x00000000e1c00000, 0x00000000e1b00000| Untracked 
|  28|0x00000000e1c00000, 0x00000000e1d00000, 0x00000000e1d00000|100%| O|  |TAMS 0x00000000e1d00000, 0x00000000e1c00000| Untracked 
|  29|0x00000000e1d00000, 0x00000000e1e00000, 0x00000000e1e00000|100%| O|  |TAMS 0x00000000e1e00000, 0x00000000e1d00000| Untracked 
|  30|0x00000000e1e00000, 0x00000000e1f00000, 0x00000000e1f00000|100%| O|  |TAMS 0x00000000e1f00000, 0x00000000e1e00000| Untracked 
|  31|0x00000000e1f00000, 0x00000000e2000000, 0x00000000e2000000|100%| O|  |TAMS 0x00000000e2000000, 0x00000000e1f00000| Untracked 
|  32|0x00000000e2000000, 0x00000000e2100000, 0x00000000e2100000|100%| O|  |TAMS 0x00000000e2100000, 0x00000000e2000000| Untracked 
|  33|0x00000000e2100000, 0x00000000e2200000, 0x00000000e2200000|100%| O|  |TAMS 0x00000000e2200000, 0x00000000e2100000| Untracked 
|  34|0x00000000e2200000, 0x00000000e2300000, 0x00000000e2300000|100%| O|  |TAMS 0x00000000e2300000, 0x00000000e2200000| Untracked 
|  35|0x00000000e2300000, 0x00000000e2400000, 0x00000000e2400000|100%| O|  |TAMS 0x00000000e2400000, 0x00000000e2300000| Untracked 
|  36|0x00000000e2400000, 0x00000000e2500000, 0x00000000e2500000|100%| O|  |TAMS 0x00000000e2500000, 0x00000000e2400000| Untracked 
|  37|0x00000000e2500000, 0x00000000e2600000, 0x00000000e2600000|100%| O|  |TAMS 0x00000000e2600000, 0x00000000e2500000| Untracked 
|  38|0x00000000e2600000, 0x00000000e2700000, 0x00000000e2700000|100%| O|  |TAMS 0x00000000e2700000, 0x00000000e2600000| Untracked 
|  39|0x00000000e2700000, 0x00000000e2800000, 0x00000000e2800000|100%| O|  |TAMS 0x00000000e2800000, 0x00000000e2700000| Untracked 
|  40|0x00000000e2800000, 0x00000000e2900000, 0x00000000e2900000|100%| O|  |TAMS 0x00000000e2900000, 0x00000000e2800000| Untracked 
|  41|0x00000000e2900000, 0x00000000e2a00000, 0x00000000e2a00000|100%| O|  |TAMS 0x00000000e2a00000, 0x00000000e2900000| Untracked 
|  42|0x00000000e2a00000, 0x00000000e2b00000, 0x00000000e2b00000|100%| O|  |TAMS 0x00000000e2a00000, 0x00000000e2a00000| Untracked 
|  43|0x00000000e2b00000, 0x00000000e2c00000, 0x00000000e2c00000|100%| O|  |TAMS 0x00000000e2c00000, 0x00000000e2b00000| Untracked 
|  44|0x00000000e2c00000, 0x00000000e2cd1e00, 0x00000000e2d00000| 81%| O|  |TAMS 0x00000000e2c00000, 0x00000000e2c00000| Untracked 
|  45|0x00000000e2d00000, 0x00000000e2d00000, 0x00000000e2e00000|  0%| F|  |TAMS 0x00000000e2d00000, 0x00000000e2d00000| Untracked 
|  46|0x00000000e2e00000, 0x00000000e2e00000, 0x00000000e2f00000|  0%| F|  |TAMS 0x00000000e2e00000, 0x00000000e2e00000| Untracked 
|  47|0x00000000e2f00000, 0x00000000e3000000, 0x00000000e3000000|100%| O|  |TAMS 0x00000000e3000000, 0x00000000e2f00000| Untracked 
|  48|0x00000000e3000000, 0x00000000e3100000, 0x00000000e3100000|100%| O|  |TAMS 0x00000000e3100000, 0x00000000e3000000| Untracked 
|  49|0x00000000e3100000, 0x00000000e3100000, 0x00000000e3200000|  0%| F|  |TAMS 0x00000000e3100000, 0x00000000e3100000| Untracked 
|  50|0x00000000e3200000, 0x00000000e3300000, 0x00000000e3300000|100%| O|  |TAMS 0x00000000e3300000, 0x00000000e3200000| Untracked 
|  51|0x00000000e3300000, 0x00000000e3400000, 0x00000000e3400000|100%| O|  |TAMS 0x00000000e3400000, 0x00000000e3300000| Untracked 
|  52|0x00000000e3400000, 0x00000000e3500000, 0x00000000e3500000|100%| O|  |TAMS 0x00000000e3500000, 0x00000000e3400000| Untracked 
|  53|0x00000000e3500000, 0x00000000e3600000, 0x00000000e3600000|100%| O|  |TAMS 0x00000000e3600000, 0x00000000e3500000| Untracked 
|  54|0x00000000e3600000, 0x00000000e3700000, 0x00000000e3700000|100%| O|  |TAMS 0x00000000e3700000, 0x00000000e3600000| Untracked 
|  55|0x00000000e3700000, 0x00000000e3800000, 0x00000000e3800000|100%| O|  |TAMS 0x00000000e3800000, 0x00000000e3700000| Untracked 
|  56|0x00000000e3800000, 0x00000000e3800000, 0x00000000e3900000|  0%| F|  |TAMS 0x00000000e3800000, 0x00000000e3800000| Untracked 
|  57|0x00000000e3900000, 0x00000000e3900000, 0x00000000e3a00000|  0%| F|  |TAMS 0x00000000e3900000, 0x00000000e3900000| Untracked 
|  58|0x00000000e3a00000, 0x00000000e3b00000, 0x00000000e3b00000|100%| O|  |TAMS 0x00000000e3b00000, 0x00000000e3a00000| Untracked 
|  59|0x00000000e3b00000, 0x00000000e3c00000, 0x00000000e3c00000|100%| O|  |TAMS 0x00000000e3c00000, 0x00000000e3b00000| Untracked 
|  60|0x00000000e3c00000, 0x00000000e3c00000, 0x00000000e3d00000|  0%| F|  |TAMS 0x00000000e3c00000, 0x00000000e3c00000| Untracked 
|  61|0x00000000e3d00000, 0x00000000e3d00000, 0x00000000e3e00000|  0%| F|  |TAMS 0x00000000e3d00000, 0x00000000e3d00000| Untracked 
|  62|0x00000000e3e00000, 0x00000000e3e00000, 0x00000000e3f00000|  0%| F|  |TAMS 0x00000000e3e00000, 0x00000000e3e00000| Untracked 
|  63|0x00000000e3f00000, 0x00000000e3f00000, 0x00000000e4000000|  0%| F|  |TAMS 0x00000000e3f00000, 0x00000000e3f00000| Untracked 
|  64|0x00000000e4000000, 0x00000000e4000000, 0x00000000e4100000|  0%| F|  |TAMS 0x00000000e4000000, 0x00000000e4000000| Untracked 
|  65|0x00000000e4100000, 0x00000000e4100000, 0x00000000e4200000|  0%| F|  |TAMS 0x00000000e4100000, 0x00000000e4100000| Untracked 
|  66|0x00000000e4200000, 0x00000000e4300000, 0x00000000e4300000|100%| O|  |TAMS 0x00000000e4300000, 0x00000000e4200000| Untracked 
|  67|0x00000000e4300000, 0x00000000e4400000, 0x00000000e4400000|100%| O|  |TAMS 0x00000000e4400000, 0x00000000e4300000| Untracked 
|  68|0x00000000e4400000, 0x00000000e4500000, 0x00000000e4500000|100%| O|  |TAMS 0x00000000e4500000, 0x00000000e4400000| Untracked 
|  69|0x00000000e4500000, 0x00000000e4500000, 0x00000000e4600000|  0%| F|  |TAMS 0x00000000e4500000, 0x00000000e4500000| Untracked 
|  70|0x00000000e4600000, 0x00000000e4700000, 0x00000000e4700000|100%| O|  |TAMS 0x00000000e4700000, 0x00000000e4600000| Untracked 
|  71|0x00000000e4700000, 0x00000000e4800000, 0x00000000e4800000|100%| O|  |TAMS 0x00000000e4800000, 0x00000000e4700000| Untracked 
|  72|0x00000000e4800000, 0x00000000e4900000, 0x00000000e4900000|100%| O|  |TAMS 0x00000000e4900000, 0x00000000e4800000| Untracked 
|  73|0x00000000e4900000, 0x00000000e4a00000, 0x00000000e4a00000|100%| O|  |TAMS 0x00000000e4a00000, 0x00000000e4900000| Untracked 
|  74|0x00000000e4a00000, 0x00000000e4b00000, 0x00000000e4b00000|100%| O|  |TAMS 0x00000000e4b00000, 0x00000000e4a00000| Untracked 
|  75|0x00000000e4b00000, 0x00000000e4b00000, 0x00000000e4c00000|  0%| F|  |TAMS 0x00000000e4b00000, 0x00000000e4b00000| Untracked 
|  76|0x00000000e4c00000, 0x00000000e4d00000, 0x00000000e4d00000|100%|HS|  |TAMS 0x00000000e4c00000, 0x00000000e4c00000| Complete 
|  77|0x00000000e4d00000, 0x00000000e4d00000, 0x00000000e4e00000|  0%| F|  |TAMS 0x00000000e4d00000, 0x00000000e4d00000| Untracked 
|  78|0x00000000e4e00000, 0x00000000e4f00000, 0x00000000e4f00000|100%| O|  |TAMS 0x00000000e4f00000, 0x00000000e4e00000| Untracked 
|  79|0x00000000e4f00000, 0x00000000e5000000, 0x00000000e5000000|100%| O|  |TAMS 0x00000000e5000000, 0x00000000e4f00000| Untracked 
|  80|0x00000000e5000000, 0x00000000e5100000, 0x00000000e5100000|100%| O|  |TAMS 0x00000000e5000000, 0x00000000e5000000| Untracked 
|  81|0x00000000e5100000, 0x00000000e5200000, 0x00000000e5200000|100%| O|  |TAMS 0x00000000e5200000, 0x00000000e5100000| Untracked 
|  82|0x00000000e5200000, 0x00000000e5300000, 0x00000000e5300000|100%| O|  |TAMS 0x00000000e5300000, 0x00000000e5200000| Untracked 
|  83|0x00000000e5300000, 0x00000000e5400000, 0x00000000e5400000|100%| O|  |TAMS 0x00000000e5400000, 0x00000000e5300000| Untracked 
|  84|0x00000000e5400000, 0x00000000e5500000, 0x00000000e5500000|100%| O|  |TAMS 0x00000000e5500000, 0x00000000e5400000| Untracked 
|  85|0x00000000e5500000, 0x00000000e5600000, 0x00000000e5600000|100%| O|  |TAMS 0x00000000e5600000, 0x00000000e5500000| Untracked 
|  86|0x00000000e5600000, 0x00000000e5700000, 0x00000000e5700000|100%| O|  |TAMS 0x00000000e5700000, 0x00000000e5600000| Untracked 
|  87|0x00000000e5700000, 0x00000000e5800000, 0x00000000e5800000|100%| O|  |TAMS 0x00000000e5800000, 0x00000000e5700000| Untracked 
|  88|0x00000000e5800000, 0x00000000e5900000, 0x00000000e5900000|100%| O|  |TAMS 0x00000000e5900000, 0x00000000e5800000| Untracked 
|  89|0x00000000e5900000, 0x00000000e5900000, 0x00000000e5a00000|  0%| F|  |TAMS 0x00000000e5900000, 0x00000000e5900000| Untracked 
|  90|0x00000000e5a00000, 0x00000000e5b00000, 0x00000000e5b00000|100%| O|  |TAMS 0x00000000e5b00000, 0x00000000e5a00000| Untracked 
|  91|0x00000000e5b00000, 0x00000000e5c00000, 0x00000000e5c00000|100%| O|  |TAMS 0x00000000e5c00000, 0x00000000e5b00000| Untracked 
|  92|0x00000000e5c00000, 0x00000000e5d00000, 0x00000000e5d00000|100%| O|  |TAMS 0x00000000e5d00000, 0x00000000e5c00000| Untracked 
|  93|0x00000000e5d00000, 0x00000000e5e00000, 0x00000000e5e00000|100%| O|  |TAMS 0x00000000e5e00000, 0x00000000e5d00000| Untracked 
|  94|0x00000000e5e00000, 0x00000000e5f00000, 0x00000000e5f00000|100%|HS|  |TAMS 0x00000000e5e00000, 0x00000000e5e00000| Complete 
|  95|0x00000000e5f00000, 0x00000000e6000000, 0x00000000e6000000|100%|HC|  |TAMS 0x00000000e5f00000, 0x00000000e5f00000| Complete 
|  96|0x00000000e6000000, 0x00000000e6100000, 0x00000000e6100000|100%| O|  |TAMS 0x00000000e6000000, 0x00000000e6000000| Untracked 
|  97|0x00000000e6100000, 0x00000000e6200000, 0x00000000e6200000|100%| O|  |TAMS 0x00000000e6100000, 0x00000000e6100000| Untracked 
|  98|0x00000000e6200000, 0x00000000e6300000, 0x00000000e6300000|100%| O|  |TAMS 0x00000000e6200000, 0x00000000e6200000| Untracked 
|  99|0x00000000e6300000, 0x00000000e6400000, 0x00000000e6400000|100%|HS|  |TAMS 0x00000000e6300000, 0x00000000e6300000| Complete 
| 100|0x00000000e6400000, 0x00000000e6500000, 0x00000000e6500000|100%|HC|  |TAMS 0x00000000e6400000, 0x00000000e6400000| Complete 
| 101|0x00000000e6500000, 0x00000000e6600000, 0x00000000e6600000|100%|HC|  |TAMS 0x00000000e6500000, 0x00000000e6500000| Complete 
| 102|0x00000000e6600000, 0x00000000e6700000, 0x00000000e6700000|100%|HC|  |TAMS 0x00000000e6600000, 0x00000000e6600000| Complete 
| 103|0x00000000e6700000, 0x00000000e6800000, 0x00000000e6800000|100%|HC|  |TAMS 0x00000000e6700000, 0x00000000e6700000| Complete 
| 104|0x00000000e6800000, 0x00000000e6900000, 0x00000000e6900000|100%| O|  |TAMS 0x00000000e6800000, 0x00000000e6800000| Untracked 
| 105|0x00000000e6900000, 0x00000000e6a00000, 0x00000000e6a00000|100%| O|  |TAMS 0x00000000e6900000, 0x00000000e6900000| Untracked 
| 106|0x00000000e6a00000, 0x00000000e6b00000, 0x00000000e6b00000|100%| O|  |TAMS 0x00000000e6a00000, 0x00000000e6a00000| Untracked 
| 107|0x00000000e6b00000, 0x00000000e6c00000, 0x00000000e6c00000|100%| O|  |TAMS 0x00000000e6b00000, 0x00000000e6b00000| Untracked 
| 108|0x00000000e6c00000, 0x00000000e6d00000, 0x00000000e6d00000|100%| O|  |TAMS 0x00000000e6c00000, 0x00000000e6c00000| Untracked 
| 109|0x00000000e6d00000, 0x00000000e6e00000, 0x00000000e6e00000|100%| O|  |TAMS 0x00000000e6d00000, 0x00000000e6d00000| Untracked 
| 110|0x00000000e6e00000, 0x00000000e6f00000, 0x00000000e6f00000|100%| O|  |TAMS 0x00000000e6e00000, 0x00000000e6e00000| Untracked 
| 111|0x00000000e6f00000, 0x00000000e7000000, 0x00000000e7000000|100%| O|  |TAMS 0x00000000e6f00000, 0x00000000e6f00000| Untracked 
| 112|0x00000000e7000000, 0x00000000e7100000, 0x00000000e7100000|100%| O|  |TAMS 0x00000000e7000000, 0x00000000e7000000| Untracked 
| 113|0x00000000e7100000, 0x00000000e7200000, 0x00000000e7200000|100%| O|  |TAMS 0x00000000e7100000, 0x00000000e7100000| Untracked 
| 114|0x00000000e7200000, 0x00000000e7300000, 0x00000000e7300000|100%|HS|  |TAMS 0x00000000e7300000, 0x00000000e7200000| Complete 
| 115|0x00000000e7300000, 0x00000000e7400000, 0x00000000e7400000|100%|HC|  |TAMS 0x00000000e7400000, 0x00000000e7300000| Complete 
| 116|0x00000000e7400000, 0x00000000e7500000, 0x00000000e7500000|100%| O|  |TAMS 0x00000000e7500000, 0x00000000e7400000| Untracked 
| 117|0x00000000e7500000, 0x00000000e7600000, 0x00000000e7600000|100%| O|  |TAMS 0x00000000e7600000, 0x00000000e7500000| Untracked 
| 118|0x00000000e7600000, 0x00000000e7700000, 0x00000000e7700000|100%| O|  |TAMS 0x00000000e7700000, 0x00000000e7600000| Untracked 
| 119|0x00000000e7700000, 0x00000000e7800000, 0x00000000e7800000|100%| O|  |TAMS 0x00000000e7800000, 0x00000000e7700000| Untracked 
| 120|0x00000000e7800000, 0x00000000e7900000, 0x00000000e7900000|100%| O|  |TAMS 0x00000000e7900000, 0x00000000e7800000| Untracked 
| 121|0x00000000e7900000, 0x00000000e7a00000, 0x00000000e7a00000|100%| O|  |TAMS 0x00000000e7a00000, 0x00000000e7900000| Untracked 
| 122|0x00000000e7a00000, 0x00000000e7b00000, 0x00000000e7b00000|100%| O|  |TAMS 0x00000000e7b00000, 0x00000000e7a00000| Untracked 
| 123|0x00000000e7b00000, 0x00000000e7c00000, 0x00000000e7c00000|100%| O|  |TAMS 0x00000000e7c00000, 0x00000000e7b00000| Untracked 
| 124|0x00000000e7c00000, 0x00000000e7d00000, 0x00000000e7d00000|100%| O|  |TAMS 0x00000000e7d00000, 0x00000000e7c00000| Untracked 
| 125|0x00000000e7d00000, 0x00000000e7e00000, 0x00000000e7e00000|100%| O|  |TAMS 0x00000000e7e00000, 0x00000000e7d00000| Untracked 
| 126|0x00000000e7e00000, 0x00000000e7f00000, 0x00000000e7f00000|100%| O|  |TAMS 0x00000000e7f00000, 0x00000000e7e00000| Untracked 
| 127|0x00000000e7f00000, 0x00000000e8000000, 0x00000000e8000000|100%| O|  |TAMS 0x00000000e8000000, 0x00000000e7f00000| Untracked 
| 128|0x00000000e8000000, 0x00000000e8100000, 0x00000000e8100000|100%| O|  |TAMS 0x00000000e8100000, 0x00000000e8000000| Untracked 
| 129|0x00000000e8100000, 0x00000000e8200000, 0x00000000e8200000|100%| O|  |TAMS 0x00000000e8200000, 0x00000000e8100000| Untracked 
| 130|0x00000000e8200000, 0x00000000e8300000, 0x00000000e8300000|100%| O|  |TAMS 0x00000000e8300000, 0x00000000e8200000| Untracked 
| 131|0x00000000e8300000, 0x00000000e8400000, 0x00000000e8400000|100%| O|  |TAMS 0x00000000e8400000, 0x00000000e8300000| Untracked 
| 132|0x00000000e8400000, 0x00000000e8500000, 0x00000000e8500000|100%| O|  |TAMS 0x00000000e8500000, 0x00000000e8400000| Untracked 
| 133|0x00000000e8500000, 0x00000000e8600000, 0x00000000e8600000|100%| O|  |TAMS 0x00000000e8600000, 0x00000000e8500000| Untracked 
| 134|0x00000000e8600000, 0x00000000e8700000, 0x00000000e8700000|100%| O|  |TAMS 0x00000000e8700000, 0x00000000e8600000| Untracked 
| 135|0x00000000e8700000, 0x00000000e8800000, 0x00000000e8800000|100%| O|  |TAMS 0x00000000e87efc00, 0x00000000e8700000| Untracked 
| 136|0x00000000e8800000, 0x00000000e8900000, 0x00000000e8900000|100%| O|  |TAMS 0x00000000e8800000, 0x00000000e8800000| Untracked 
| 137|0x00000000e8900000, 0x00000000e8a00000, 0x00000000e8a00000|100%| O|  |TAMS 0x00000000e8900000, 0x00000000e8900000| Untracked 
| 138|0x00000000e8a00000, 0x00000000e8b00000, 0x00000000e8b00000|100%| O|  |TAMS 0x00000000e8a00000, 0x00000000e8a00000| Untracked 
| 139|0x00000000e8b00000, 0x00000000e8c00000, 0x00000000e8c00000|100%| O|  |TAMS 0x00000000e8b00000, 0x00000000e8b00000| Untracked 
| 140|0x00000000e8c00000, 0x00000000e8d00000, 0x00000000e8d00000|100%| O|  |TAMS 0x00000000e8c00000, 0x00000000e8c00000| Untracked 
| 141|0x00000000e8d00000, 0x00000000e8e00000, 0x00000000e8e00000|100%| O|  |TAMS 0x00000000e8d00000, 0x00000000e8d00000| Untracked 
| 142|0x00000000e8e00000, 0x00000000e8f00000, 0x00000000e8f00000|100%| O|  |TAMS 0x00000000e8e00000, 0x00000000e8e00000| Untracked 
| 143|0x00000000e8f00000, 0x00000000e9000000, 0x00000000e9000000|100%| O|  |TAMS 0x00000000e8f00000, 0x00000000e8f00000| Untracked 
| 144|0x00000000e9000000, 0x00000000e9100000, 0x00000000e9100000|100%| O|  |TAMS 0x00000000e9000000, 0x00000000e9000000| Untracked 
| 145|0x00000000e9100000, 0x00000000e9200000, 0x00000000e9200000|100%| O|  |TAMS 0x00000000e9100000, 0x00000000e9100000| Untracked 
| 146|0x00000000e9200000, 0x00000000e9300000, 0x00000000e9300000|100%| O|  |TAMS 0x00000000e9200000, 0x00000000e9200000| Untracked 
| 147|0x00000000e9300000, 0x00000000e9400000, 0x00000000e9400000|100%| O|  |TAMS 0x00000000e9300000, 0x00000000e9300000| Untracked 
| 148|0x00000000e9400000, 0x00000000e9500000, 0x00000000e9500000|100%| O|  |TAMS 0x00000000e9400000, 0x00000000e9400000| Untracked 
| 149|0x00000000e9500000, 0x00000000e9600000, 0x00000000e9600000|100%| O|  |TAMS 0x00000000e9500000, 0x00000000e9500000| Untracked 
| 150|0x00000000e9600000, 0x00000000e9700000, 0x00000000e9700000|100%| O|  |TAMS 0x00000000e9600000, 0x00000000e9600000| Untracked 
| 151|0x00000000e9700000, 0x00000000e9800000, 0x00000000e9800000|100%| O|  |TAMS 0x00000000e9700000, 0x00000000e9700000| Untracked 
| 152|0x00000000e9800000, 0x00000000e9800000, 0x00000000e9900000|  0%| F|  |TAMS 0x00000000e9800000, 0x00000000e9800000| Untracked 
| 153|0x00000000e9900000, 0x00000000e9900000, 0x00000000e9a00000|  0%| F|  |TAMS 0x00000000e9900000, 0x00000000e9900000| Untracked 
| 154|0x00000000e9a00000, 0x00000000e9a00000, 0x00000000e9b00000|  0%| F|  |TAMS 0x00000000e9a00000, 0x00000000e9a00000| Untracked 
| 155|0x00000000e9b00000, 0x00000000e9b00000, 0x00000000e9c00000|  0%| F|  |TAMS 0x00000000e9b00000, 0x00000000e9b00000| Untracked 
| 156|0x00000000e9c00000, 0x00000000e9c00000, 0x00000000e9d00000|  0%| F|  |TAMS 0x00000000e9c00000, 0x00000000e9c00000| Untracked 
| 157|0x00000000e9d00000, 0x00000000e9d00000, 0x00000000e9e00000|  0%| F|  |TAMS 0x00000000e9d00000, 0x00000000e9d00000| Untracked 
| 158|0x00000000e9e00000, 0x00000000e9e00000, 0x00000000e9f00000|  0%| F|  |TAMS 0x00000000e9e00000, 0x00000000e9e00000| Untracked 
| 159|0x00000000e9f00000, 0x00000000e9f00000, 0x00000000ea000000|  0%| F|  |TAMS 0x00000000e9f00000, 0x00000000e9f00000| Untracked 
| 160|0x00000000ea000000, 0x00000000ea000000, 0x00000000ea100000|  0%| F|  |TAMS 0x00000000ea000000, 0x00000000ea000000| Untracked 
| 161|0x00000000ea100000, 0x00000000ea100000, 0x00000000ea200000|  0%| F|  |TAMS 0x00000000ea100000, 0x00000000ea100000| Untracked 
| 162|0x00000000ea200000, 0x00000000ea200000, 0x00000000ea300000|  0%| F|  |TAMS 0x00000000ea200000, 0x00000000ea200000| Untracked 
| 163|0x00000000ea300000, 0x00000000ea300000, 0x00000000ea400000|  0%| F|  |TAMS 0x00000000ea300000, 0x00000000ea300000| Untracked 
| 164|0x00000000ea400000, 0x00000000ea400000, 0x00000000ea500000|  0%| F|  |TAMS 0x00000000ea400000, 0x00000000ea400000| Untracked 
| 165|0x00000000ea500000, 0x00000000ea500000, 0x00000000ea600000|  0%| F|  |TAMS 0x00000000ea500000, 0x00000000ea500000| Untracked 
| 166|0x00000000ea600000, 0x00000000ea600000, 0x00000000ea700000|  0%| F|  |TAMS 0x00000000ea600000, 0x00000000ea600000| Untracked 
| 167|0x00000000ea700000, 0x00000000ea700000, 0x00000000ea800000|  0%| F|  |TAMS 0x00000000ea700000, 0x00000000ea700000| Untracked 
| 168|0x00000000ea800000, 0x00000000ea800000, 0x00000000ea900000|  0%| F|  |TAMS 0x00000000ea800000, 0x00000000ea800000| Untracked 
| 169|0x00000000ea900000, 0x00000000ea900000, 0x00000000eaa00000|  0%| F|  |TAMS 0x00000000ea900000, 0x00000000ea900000| Untracked 
| 170|0x00000000eaa00000, 0x00000000eaa00000, 0x00000000eab00000|  0%| F|  |TAMS 0x00000000eaa00000, 0x00000000eaa00000| Untracked 
| 171|0x00000000eab00000, 0x00000000eab00000, 0x00000000eac00000|  0%| F|  |TAMS 0x00000000eab00000, 0x00000000eab00000| Untracked 
| 172|0x00000000eac00000, 0x00000000eac00000, 0x00000000ead00000|  0%| F|  |TAMS 0x00000000eac00000, 0x00000000eac00000| Untracked 
| 173|0x00000000ead00000, 0x00000000ead00000, 0x00000000eae00000|  0%| F|  |TAMS 0x00000000ead00000, 0x00000000ead00000| Untracked 
| 174|0x00000000eae00000, 0x00000000eae00000, 0x00000000eaf00000|  0%| F|  |TAMS 0x00000000eae00000, 0x00000000eae00000| Untracked 
| 175|0x00000000eaf00000, 0x00000000eaf00000, 0x00000000eb000000|  0%| F|  |TAMS 0x00000000eaf00000, 0x00000000eaf00000| Untracked 
| 176|0x00000000eb000000, 0x00000000eb000000, 0x00000000eb100000|  0%| F|  |TAMS 0x00000000eb000000, 0x00000000eb000000| Untracked 
| 177|0x00000000eb100000, 0x00000000eb100000, 0x00000000eb200000|  0%| F|  |TAMS 0x00000000eb100000, 0x00000000eb100000| Untracked 
| 178|0x00000000eb200000, 0x00000000eb200000, 0x00000000eb300000|  0%| F|  |TAMS 0x00000000eb200000, 0x00000000eb200000| Untracked 
| 179|0x00000000eb300000, 0x00000000eb300000, 0x00000000eb400000|  0%| F|  |TAMS 0x00000000eb300000, 0x00000000eb300000| Untracked 
| 180|0x00000000eb400000, 0x00000000eb400000, 0x00000000eb500000|  0%| F|  |TAMS 0x00000000eb400000, 0x00000000eb400000| Untracked 
| 181|0x00000000eb500000, 0x00000000eb500000, 0x00000000eb600000|  0%| F|  |TAMS 0x00000000eb500000, 0x00000000eb500000| Untracked 
| 182|0x00000000eb600000, 0x00000000eb600000, 0x00000000eb700000|  0%| F|  |TAMS 0x00000000eb600000, 0x00000000eb600000| Untracked 
| 183|0x00000000eb700000, 0x00000000eb700000, 0x00000000eb800000|  0%| F|  |TAMS 0x00000000eb700000, 0x00000000eb700000| Untracked 
| 184|0x00000000eb800000, 0x00000000eb800000, 0x00000000eb900000|  0%| F|  |TAMS 0x00000000eb800000, 0x00000000eb800000| Untracked 
| 185|0x00000000eb900000, 0x00000000eb900000, 0x00000000eba00000|  0%| F|  |TAMS 0x00000000eb900000, 0x00000000eb900000| Untracked 
| 186|0x00000000eba00000, 0x00000000eba00000, 0x00000000ebb00000|  0%| F|  |TAMS 0x00000000eba00000, 0x00000000eba00000| Untracked 
| 187|0x00000000ebb00000, 0x00000000ebc00000, 0x00000000ebc00000|100%| S|CS|TAMS 0x00000000ebb00000, 0x00000000ebb00000| Complete 
| 188|0x00000000ebc00000, 0x00000000ebd00000, 0x00000000ebd00000|100%| S|CS|TAMS 0x00000000ebc00000, 0x00000000ebc00000| Complete 
| 189|0x00000000ebd00000, 0x00000000ebe00000, 0x00000000ebe00000|100%| S|CS|TAMS 0x00000000ebd00000, 0x00000000ebd00000| Complete 
| 190|0x00000000ebe00000, 0x00000000ebec9d30, 0x00000000ebf00000| 78%| E|  |TAMS 0x00000000ebe00000, 0x00000000ebe00000| Complete 
| 191|0x00000000ebf00000, 0x00000000ec000000, 0x00000000ec000000|100%| E|CS|TAMS 0x00000000ebf00000, 0x00000000ebf00000| Complete 
| 192|0x00000000ec000000, 0x00000000ec100000, 0x00000000ec100000|100%| E|CS|TAMS 0x00000000ec000000, 0x00000000ec000000| Complete 
| 193|0x00000000ec100000, 0x00000000ec200000, 0x00000000ec200000|100%| E|CS|TAMS 0x00000000ec100000, 0x00000000ec100000| Complete 
| 194|0x00000000ec200000, 0x00000000ec300000, 0x00000000ec300000|100%| E|CS|TAMS 0x00000000ec200000, 0x00000000ec200000| Complete 
| 195|0x00000000ec300000, 0x00000000ec400000, 0x00000000ec400000|100%| E|CS|TAMS 0x00000000ec300000, 0x00000000ec300000| Complete 
| 196|0x00000000ec400000, 0x00000000ec500000, 0x00000000ec500000|100%| E|CS|TAMS 0x00000000ec400000, 0x00000000ec400000| Complete 
| 197|0x00000000ec500000, 0x00000000ec600000, 0x00000000ec600000|100%| E|CS|TAMS 0x00000000ec500000, 0x00000000ec500000| Complete 
| 198|0x00000000ec600000, 0x00000000ec700000, 0x00000000ec700000|100%| E|CS|TAMS 0x00000000ec600000, 0x00000000ec600000| Complete 
| 199|0x00000000ec700000, 0x00000000ec800000, 0x00000000ec800000|100%| E|CS|TAMS 0x00000000ec700000, 0x00000000ec700000| Complete 
| 200|0x00000000ec800000, 0x00000000ec900000, 0x00000000ec900000|100%| E|CS|TAMS 0x00000000ec800000, 0x00000000ec800000| Complete 
| 201|0x00000000ec900000, 0x00000000eca00000, 0x00000000eca00000|100%| E|CS|TAMS 0x00000000ec900000, 0x00000000ec900000| Complete 
| 202|0x00000000eca00000, 0x00000000ecb00000, 0x00000000ecb00000|100%| E|CS|TAMS 0x00000000eca00000, 0x00000000eca00000| Complete 
| 203|0x00000000ecb00000, 0x00000000ecc00000, 0x00000000ecc00000|100%| E|CS|TAMS 0x00000000ecb00000, 0x00000000ecb00000| Complete 
| 204|0x00000000ecc00000, 0x00000000ecd00000, 0x00000000ecd00000|100%| E|CS|TAMS 0x00000000ecc00000, 0x00000000ecc00000| Complete 
| 205|0x00000000ecd00000, 0x00000000ece00000, 0x00000000ece00000|100%| E|CS|TAMS 0x00000000ecd00000, 0x00000000ecd00000| Complete 
| 206|0x00000000ece00000, 0x00000000ecf00000, 0x00000000ecf00000|100%| E|CS|TAMS 0x00000000ece00000, 0x00000000ece00000| Complete 
| 207|0x00000000ecf00000, 0x00000000ed000000, 0x00000000ed000000|100%| E|CS|TAMS 0x00000000ecf00000, 0x00000000ecf00000| Complete 
| 208|0x00000000ed000000, 0x00000000ed100000, 0x00000000ed100000|100%| E|CS|TAMS 0x00000000ed000000, 0x00000000ed000000| Complete 

Card table byte_map: [0x000001ae5d670000,0x000001ae5d770000] _byte_map_base: 0x000001ae5cf70000

Marking Bits (Prev, Next): (CMBitMap*) 0x000001ae490e4918, (CMBitMap*) 0x000001ae490e4950
 Prev Bits: [0x000001ae5d870000, 0x000001ae5e070000)
 Next Bits: [0x000001ae5e070000, 0x000001ae5e870000)

Polling page: 0x000001ae46bc0000

Metaspace:

Usage:
  Non-class:     24.23 MB capacity,    23.97 MB ( 99%) used,   220.55 KB ( <1%) free+waste,    54.94 KB ( <1%) overhead. 
      Class:      2.96 MB capacity,     2.77 MB ( 94%) used,   170.86 KB (  6%) free+waste,    23.19 KB ( <1%) overhead. 
       Both:     27.19 MB capacity,    26.73 MB ( 98%) used,   391.41 KB (  1%) free+waste,    78.13 KB ( <1%) overhead. 

Virtual space:
  Non-class space:       26.00 MB reserved,      24.25 MB ( 93%) committed 
      Class space:        1.00 GB reserved,       3.00 MB ( <1%) committed 
             Both:        1.03 GB reserved,      27.25 MB (  3%) committed 

Chunk freelists:
   Non-Class:  16.00 KB
       Class:  11.00 KB
        Both:  27.00 KB

MaxMetaspaceSize: 17179869184.00 GB
CompressedClassSpaceSize: 1.00 GB
Initial GC threshold: 20.80 MB
Current GC threshold: 44.59 MB
CDS: off

CodeHeap 'non-profiled nmethods': size=120000Kb used=3365Kb max_used=3365Kb free=116634Kb
 bounds [0x000001ae55d10000, 0x000001ae56060000, 0x000001ae5d240000]
CodeHeap 'profiled nmethods': size=120000Kb used=9021Kb max_used=9021Kb free=110978Kb
 bounds [0x000001ae4e7e0000, 0x000001ae4f0b0000, 0x000001ae55d10000]
CodeHeap 'non-nmethods': size=5760Kb used=1252Kb max_used=1292Kb free=4507Kb
 bounds [0x000001ae4e240000, 0x000001ae4e4b0000, 0x000001ae4e7e0000]
 total_blobs=4501 nmethods=3974 adapters=439
 compilation: enabled
              stopped_count=0, restarted_count=0
 full_count=0

Compilation events (20 events):
Event: 5.929 Thread 0x000001ae62e56000 4034       4       java.util.Collections$UnmodifiableList::get (11 bytes)
Event: 5.929 Thread 0x000001ae62e56000 nmethod 4034 0x000001ae56058390 code [0x000001ae56058520, 0x000001ae560585b8]
Event: 5.932 Thread 0x000001ae612ec800 nmethod 4014 0x000001ae56058690 code [0x000001ae56058840, 0x000001ae56058f68]
Event: 5.939 Thread 0x000001ae61b09000 4036       3       java.util.BitSet::nextSetBit (102 bytes)
Event: 5.940 Thread 0x000001ae61b09000 nmethod 4036 0x000001ae4f08d510 code [0x000001ae4f08d7c0, 0x000001ae4f08e2f8]
Event: 5.940 Thread 0x000001ae61b09000 4037       3       java.lang.Long::numberOfTrailingZeros (116 bytes)
Event: 5.940 Thread 0x000001ae61b09000 nmethod 4037 0x000001ae4f08e790 code [0x000001ae4f08e940, 0x000001ae4f08ebf8]
Event: 5.940 Thread 0x000001ae61b09000 4038       1       org.languagetool.AnalyzedTokenReadings::isParagraphEnd (5 bytes)
Event: 5.940 Thread 0x000001ae61b09000 nmethod 4038 0x000001ae56059310 code [0x000001ae560594c0, 0x000001ae56059578]
Event: 5.944 Thread 0x000001ae61b09000 4039       3       jdk.internal.loader.BuiltinClassLoader$2::run (5 bytes)
Event: 5.944 Thread 0x000001ae61b09000 nmethod 4039 0x000001ae4f08ec90 code [0x000001ae4f08ee40, 0x000001ae4f08ef88]
Event: 5.947 Thread 0x000001ae61b09000 4040 % !   3       org.languagetool.broker.DefaultResourceDataBroker::getFromResourceDirAsLines @ 47 (340 bytes)
Event: 5.947 Thread 0x000001ae62e56000 4041       4       gnu.trove.TObjectHash::insertionIndex (273 bytes)
Event: 5.948 Thread 0x000001ae612ec800 4044       4       gnu.trove.TObjectHash::index (146 bytes)
Event: 5.949 Thread 0x000001ae61b09000 nmethod 4040% 0x000001ae4f08f010 code [0x000001ae4f08f560, 0x000001ae4f092438]
Event: 5.949 Thread 0x000001ae61b09000 4043       3       java.lang.String::split (327 bytes)
Event: 5.953 Thread 0x000001ae61b09000 nmethod 4043 0x000001ae4f093c90 code [0x000001ae4f0942c0, 0x000001ae4f097ff8]
Event: 5.953 Thread 0x000001ae61b09000 4048       3       java.util.regex.Pattern::sequence (647 bytes)
Event: 5.958 Thread 0x000001ae61b09000 nmethod 4048 0x000001ae4f099490 code [0x000001ae4f099c60, 0x000001ae4f09ea68]
Event: 5.958 Thread 0x000001ae61b09000 4042       3       java.lang.String::indexOf (29 bytes)

GC Heap History (20 events):
Event: 4.113 GC heap before
{Heap before GC invocations=19 (full 0):
 garbage-first heap   total 136192K, used 93945K [0x00000000e0000000, 0x0000000100000000)
  region size 1024K, 31 young (31744K), 1 survivors (1024K)
 Metaspace       used 21599K, capacity 21950K, committed 22144K, reserved 1069056K
  class space    used 2207K, capacity 2351K, committed 2432K, reserved 1048576K
}
Event: 4.124 GC heap after
{Heap after GC invocations=20 (full 0):
 garbage-first heap   total 136192K, used 78336K [0x00000000e0000000, 0x0000000100000000)
  region size 1024K, 4 young (4096K), 4 survivors (4096K)
 Metaspace       used 21599K, capacity 21950K, committed 22144K, reserved 1069056K
  class space    used 2207K, capacity 2351K, committed 2432K, reserved 1048576K
}
Event: 4.380 GC heap before
{Heap before GC invocations=21 (full 0):
 garbage-first heap   total 136192K, used 97792K [0x00000000e0000000, 0x0000000100000000)
  region size 1024K, 23 young (23552K), 4 survivors (4096K)
 Metaspace       used 24600K, capacity 24928K, committed 25088K, reserved 1071104K
  class space    used 2549K, capacity 2699K, committed 2816K, reserved 1048576K
}
Event: 4.386 GC heap after
{Heap after GC invocations=22 (full 0):
 garbage-first heap   total 182272K, used 81344K [0x00000000e0000000, 0x0000000100000000)
  region size 1024K, 2 young (2048K), 2 survivors (2048K)
 Metaspace       used 24600K, capacity 24928K, committed 25088K, reserved 1071104K
  class space    used 2549K, capacity 2699K, committed 2816K, reserved 1048576K
}
Event: 4.482 GC heap before
{Heap before GC invocations=22 (full 0):
 garbage-first heap   total 182272K, used 87488K [0x00000000e0000000, 0x0000000100000000)
  region size 1024K, 8 young (8192K), 2 survivors (2048K)
 Metaspace       used 24968K, capacity 25353K, committed 25600K, reserved 1073152K
  class space    used 2595K, capacity 2776K, committed 2816K, reserved 1048576K
}
Event: 4.485 GC heap after
{Heap after GC invocations=23 (full 0):
 garbage-first heap   total 182272K, used 82299K [0x00000000e0000000, 0x0000000100000000)
  region size 1024K, 1 young (1024K), 1 survivors (1024K)
 Metaspace       used 24968K, capacity 25353K, committed 25600K, reserved 1073152K
  class space    used 2595K, capacity 2776K, committed 2816K, reserved 1048576K
}
Event: 4.694 GC heap before
{Heap before GC invocations=23 (full 0):
 garbage-first heap   total 182272K, used 117115K [0x00000000e0000000, 0x0000000100000000)
  region size 1024K, 35 young (35840K), 1 survivors (1024K)
 Metaspace       used 25636K, capacity 26093K, committed 26240K, reserved 1073152K
  class space    used 2666K, capacity 2871K, committed 2944K, reserved 1048576K
}
Event: 4.697 GC heap after
{Heap after GC invocations=24 (full 0):
 garbage-first heap   total 182272K, used 83789K [0x00000000e0000000, 0x0000000100000000)
  region size 1024K, 3 young (3072K), 3 survivors (3072K)
 Metaspace       used 25636K, capacity 26093K, committed 26240K, reserved 1073152K
  class space    used 2666K, capacity 2871K, committed 2944K, reserved 1048576K
}
Event: 5.008 GC heap before
{Heap before GC invocations=24 (full 0):
 garbage-first heap   total 182272K, used 123725K [0x00000000e0000000, 0x0000000100000000)
  region size 1024K, 41 young (41984K), 3 survivors (3072K)
 Metaspace       used 26556K, capacity 27033K, committed 27392K, reserved 1073152K
  class space    used 2753K, capacity 2950K, committed 3072K, reserved 1048576K
}
Event: 5.017 GC heap after
{Heap after GC invocations=25 (full 0):
 garbage-first heap   total 182272K, used 94359K [0x00000000e0000000, 0x0000000100000000)
  region size 1024K, 6 young (6144K), 6 survivors (6144K)
 Metaspace       used 26556K, capacity 27033K, committed 27392K, reserved 1073152K
  class space    used 2753K, capacity 2950K, committed 3072K, reserved 1048576K
}
Event: 5.120 GC heap before
{Heap before GC invocations=25 (full 0):
 garbage-first heap   total 182272K, used 132247K [0x00000000e0000000, 0x0000000100000000)
  region size 1024K, 42 young (43008K), 6 survivors (6144K)
 Metaspace       used 26559K, capacity 27033K, committed 27392K, reserved 1073152K
  class space    used 2753K, capacity 2950K, committed 3072K, reserved 1048576K
}
Event: 5.128 GC heap after
{Heap after GC invocations=26 (full 0):
 garbage-first heap   total 182272K, used 100406K [0x00000000e0000000, 0x0000000100000000)
  region size 1024K, 5 young (5120K), 5 survivors (5120K)
 Metaspace       used 26559K, capacity 27033K, committed 27392K, reserved 1073152K
  class space    used 2753K, capacity 2950K, committed 3072K, reserved 1048576K
}
Event: 5.403 GC heap before
{Heap before GC invocations=26 (full 0):
 garbage-first heap   total 182272K, used 149558K [0x00000000e0000000, 0x0000000100000000)
  region size 1024K, 32 young (32768K), 5 survivors (5120K)
 Metaspace       used 26573K, capacity 27033K, committed 27392K, reserved 1073152K
  class space    used 2755K, capacity 2950K, committed 3072K, reserved 1048576K
}
Event: 5.421 GC heap after
{Heap after GC invocations=27 (full 0):
 garbage-first heap   total 182272K, used 133055K [0x00000000e0000000, 0x0000000100000000)
  region size 1024K, 5 young (5120K), 5 survivors (5120K)
 Metaspace       used 26573K, capacity 27033K, committed 27392K, reserved 1073152K
  class space    used 2755K, capacity 2950K, committed 3072K, reserved 1048576K
}
Event: 5.559 GC heap before
{Heap before GC invocations=28 (full 0):
 garbage-first heap   total 182272K, used 146367K [0x00000000e0000000, 0x0000000100000000)
  region size 1024K, 18 young (18432K), 5 survivors (5120K)
 Metaspace       used 26573K, capacity 27033K, committed 27392K, reserved 1073152K
  class space    used 2755K, capacity 2950K, committed 3072K, reserved 1048576K
}
Event: 5.577 GC heap after
{Heap after GC invocations=29 (full 0):
 garbage-first heap   total 182272K, used 142336K [0x00000000e0000000, 0x0000000100000000)
  region size 1024K, 3 young (3072K), 3 survivors (3072K)
 Metaspace       used 26573K, capacity 27033K, committed 27392K, reserved 1073152K
  class space    used 2755K, capacity 2950K, committed 3072K, reserved 1048576K
}
Event: 5.637 GC heap before
{Heap before GC invocations=29 (full 0):
 garbage-first heap   total 182272K, used 149504K [0x00000000e0000000, 0x0000000100000000)
  region size 1024K, 8 young (8192K), 3 survivors (3072K)
 Metaspace       used 26840K, capacity 27231K, committed 27392K, reserved 1073152K
  class space    used 2783K, capacity 2952K, committed 3072K, reserved 1048576K
}
Event: 5.654 GC heap after
{Heap after GC invocations=30 (full 0):
 garbage-first heap   total 214016K, used 138214K [0x00000000e0000000, 0x0000000100000000)
  region size 1024K, 1 young (1024K), 1 survivors (1024K)
 Metaspace       used 26840K, capacity 27231K, committed 27392K, reserved 1073152K
  class space    used 2783K, capacity 2952K, committed 3072K, reserved 1048576K
}
Event: 5.808 GC heap before
{Heap before GC invocations=30 (full 0):
 garbage-first heap   total 214016K, used 157670K [0x00000000e0000000, 0x0000000100000000)
  region size 1024K, 20 young (20480K), 1 survivors (1024K)
 Metaspace       used 26874K, capacity 27239K, committed 27392K, reserved 1073152K
  class space    used 2786K, capacity 2954K, committed 3072K, reserved 1048576K
}
Event: 5.816 GC heap after
{Heap after GC invocations=31 (full 0):
 garbage-first heap   total 214016K, used 143175K [0x00000000e0000000, 0x0000000100000000)
  region size 1024K, 3 young (3072K), 3 survivors (3072K)
 Metaspace       used 26874K, capacity 27239K, committed 27392K, reserved 1073152K
  class space    used 2786K, capacity 2954K, committed 3072K, reserved 1048576K
}

Deoptimization events (20 events):
Event: 5.947 Thread 0x000001ae64a18800 Uncommon trap: trap_request=0xffffffde fr.pc=0x000001ae55d94f70 relative=0x0000000000001310
Event: 5.947 Thread 0x000001ae64a18800 Uncommon trap: reason=class_check action=maybe_recompile pc=0x000001ae55d94f70 method=gnu.trove.TObjectHash.insertionIndex(Ljava/lang/Object;)I @ 13 c2
Event: 5.947 Thread 0x000001ae64a18800 DEOPT PACKING pc=0x000001ae55d94f70 sp=0x0000000be7bfda00
Event: 5.947 Thread 0x000001ae64a18800 DEOPT UNPACKING pc=0x000001ae4e28a1af sp=0x0000000be7bfd970 mode 2
Event: 5.947 Thread 0x000001ae64a18800 Uncommon trap: trap_request=0xffffffde fr.pc=0x000001ae560479a4 relative=0x00000000000008c4
Event: 5.947 Thread 0x000001ae64a18800 Uncommon trap: reason=class_check action=maybe_recompile pc=0x000001ae560479a4 method=gnu.trove.TObjectHash.index(Ljava/lang/Object;)I @ 22 c2
Event: 5.947 Thread 0x000001ae64a18800 DEOPT PACKING pc=0x000001ae560479a4 sp=0x0000000be7bfd9a0
Event: 5.947 Thread 0x000001ae64a18800 DEOPT UNPACKING pc=0x000001ae4e28a1af sp=0x0000000be7bfd918 mode 2
Event: 5.947 Thread 0x000001ae64a18800 Uncommon trap: trap_request=0xffffffde fr.pc=0x000001ae560479a4 relative=0x00000000000008c4
Event: 5.947 Thread 0x000001ae64a18800 Uncommon trap: reason=class_check action=maybe_recompile pc=0x000001ae560479a4 method=gnu.trove.TObjectHash.index(Ljava/lang/Object;)I @ 22 c2
Event: 5.947 Thread 0x000001ae64a18800 DEOPT PACKING pc=0x000001ae560479a4 sp=0x0000000be7bfd9a0
Event: 5.947 Thread 0x000001ae64a18800 DEOPT UNPACKING pc=0x000001ae4e28a1af sp=0x0000000be7bfd918 mode 2
Event: 5.947 Thread 0x000001ae64a18800 Uncommon trap: trap_request=0xffffffde fr.pc=0x000001ae560479a4 relative=0x00000000000008c4
Event: 5.947 Thread 0x000001ae64a18800 Uncommon trap: reason=class_check action=maybe_recompile pc=0x000001ae560479a4 method=gnu.trove.TObjectHash.index(Ljava/lang/Object;)I @ 22 c2
Event: 5.947 Thread 0x000001ae64a18800 DEOPT PACKING pc=0x000001ae560479a4 sp=0x0000000be7bfd9a0
Event: 5.947 Thread 0x000001ae64a18800 DEOPT UNPACKING pc=0x000001ae4e28a1af sp=0x0000000be7bfd918 mode 2
Event: 5.947 Thread 0x000001ae64a18800 Uncommon trap: trap_request=0xffffffde fr.pc=0x000001ae560479a4 relative=0x00000000000008c4
Event: 5.947 Thread 0x000001ae64a18800 Uncommon trap: reason=class_check action=maybe_recompile pc=0x000001ae560479a4 method=gnu.trove.TObjectHash.index(Ljava/lang/Object;)I @ 22 c2
Event: 5.947 Thread 0x000001ae64a18800 DEOPT PACKING pc=0x000001ae560479a4 sp=0x0000000be7bfd9a0
Event: 5.947 Thread 0x000001ae64a18800 DEOPT UNPACKING pc=0x000001ae4e28a1af sp=0x0000000be7bfd918 mode 2

Classes redefined (0 events):
No events

Internal exceptions (20 events):
Event: 0.774 Thread 0x000001ae490b9800 Exception <a 'java/lang/NoSuchMethodError'{0x00000000e3cfbf60}: 'java.lang.Object java.lang.invoke.DirectMethodHandle$Holder.invokeStatic(java.lang.Object, java.lang.Object, java.lang.Object, java.lang.Object, java.lang.Object, java.lang.Object, java.lang.Object, java.lang.Object, java.lang.Object, java.lang.Object, java.lang.Object, java.lang.Object, java.lang.Object, java.lang.Object, java.lang.Object, java.lang.Object)'> (0x00000000e3cfbf60) thrown at [./src/hotspot/share/interpreter/linkResolver.cpp, l
Event: 0.775 Thread 0x000001ae490b9800 Exception <a 'java/lang/NoSuchMethodError'{0x00000000e3b0a710}: 'java.lang.Object java.lang.invoke.DirectMethodHandle$Holder.invokeSpecial(java.lang.Object, java.lang.Object, int, int, java.lang.Object, java.lang.Object, java.lang.Object)'> (0x00000000e3b0a710) thrown at [./src/hotspot/share/interpreter/linkResolver.cpp, line 773]
Event: 0.775 Thread 0x000001ae490b9800 Exception <a 'java/lang/NoSuchMethodError'{0x00000000e3b0dca0}: 'java.lang.Object java.lang.invoke.DelegatingMethodHandle$Holder.reinvoke_L(java.lang.Object, int, int, java.lang.Object, java.lang.Object, java.lang.Object)'> (0x00000000e3b0dca0) thrown at [./src/hotspot/share/interpreter/linkResolver.cpp, line 773]
Event: 0.776 Thread 0x000001ae490b9800 Exception <a 'java/lang/NoSuchMethodError'{0x00000000e3b12028}: 'java.lang.Object java.lang.invoke.DirectMethodHandle$Holder.invokeStatic(java.lang.Object, java.lang.Object, java.lang.Object, java.lang.Object, int)'> (0x00000000e3b12028) thrown at [./src/hotspot/share/interpreter/linkResolver.cpp, line 773]
Event: 0.911 Thread 0x000001ae490b9800 Exception <a 'java/lang/ClassNotFoundException'{0x00000000e3a4cc00}: com/sun/org/apache/xerces/internal/impl/xpath/regex/spi/messageProvider> (0x00000000e3a4cc00) thrown at [./src/hotspot/share/classfile/systemDictionary.cpp, line 231]
Event: 1.309 Thread 0x000001ae490b9800 Exception <a 'java/lang/NoSuchMethodError'{0x00000000e2c7eeb8}: 'java.lang.Object java.lang.invoke.DirectMethodHandle$Holder.invokeVirtual(java.lang.Object, java.lang.Object, java.lang.Object, java.lang.Object)'> (0x00000000e2c7eeb8) thrown at [./src/hotspot/share/interpreter/linkResolver.cpp, line 773]
Event: 1.508 Thread 0x000001ae490b9800 Exception <a 'java/lang/NoSuchMethodError'{0x00000000e38db0d8}: 'int java.lang.invoke.DirectMethodHandle$Holder.invokeVirtual(java.lang.Object, java.lang.Object, java.lang.Object)'> (0x00000000e38db0d8) thrown at [./src/hotspot/share/interpreter/linkResolver.cpp, line 773]
Event: 1.508 Thread 0x000001ae490b9800 Exception <a 'java/lang/NoSuchMethodError'{0x00000000e38e1040}: 'java.lang.Object java.lang.invoke.DirectMethodHandle$Holder.invokeVirtual(java.lang.Object, java.lang.Object, java.lang.Object)'> (0x00000000e38e1040) thrown at [./src/hotspot/share/interpreter/linkResolver.cpp, line 773]
Event: 4.262 Thread 0x000001ae490b9800 Exception <a 'java/lang/NoSuchMethodError'{0x00000000e7a2b0f8}: 'void java.lang.invoke.DirectMethodHandle$Holder.invokeSpecial(java.lang.Object, java.lang.Object, java.lang.Object, java.lang.Object)'> (0x00000000e7a2b0f8) thrown at [./src/hotspot/share/interpreter/linkResolver.cpp, line 773]
Event: 4.362 Thread 0x000001ae64adc800 Exception <a 'java/lang/NoSuchMethodError'{0x00000000e73606e0}: 'java.lang.Object java.lang.invoke.DirectMethodHandle$Holder.invokeStatic(java.lang.Object, int, java.lang.Object)'> (0x00000000e73606e0) thrown at [./src/hotspot/share/interpreter/linkResolver.cpp, line 773]
Event: 4.365 Thread 0x000001ae64adc800 Exception <a 'java/lang/ClassNotFoundException'{0x00000000e7373eb8}: sun/util/logging/resources/spi/loggingProvider> (0x00000000e7373eb8) thrown at [./src/hotspot/share/classfile/systemDictionary.cpp, line 231]
Event: 4.403 Thread 0x000001ae64adc800 Implicit null exception at 0x000001ae55ef017c to 0x000001ae55ef0418
Event: 4.416 Thread 0x000001ae64a18800 Exception <a 'java/lang/NoSuchMethodError'{0x00000000eaf2c3d8}: 'int java.lang.invoke.DirectMethodHandle$Holder.invokeSpecialIFC(java.lang.Object, java.lang.Object, java.lang.Object, java.lang.Object)'> (0x00000000eaf2c3d8) thrown at [./src/hotspot/share/interpreter/linkResolver.cpp, line 773]
Event: 4.693 Thread 0x000001ae64a18800 Exception <a 'java/lang/NoSuchMethodError'{0x00000000e8fef8c8}: 'java.lang.Object java.lang.invoke.DirectMethodHandle$Holder.invokeStatic(java.lang.Object, java.lang.Object, java.lang.Object, java.lang.Object, java.lang.Object, java.lang.Object, java.lang.Object, java.lang.Object, java.lang.Object, java.lang.Object, java.lang.Object, int)'> (0x00000000e8fef8c8) thrown at [./src/hotspot/share/interpreter/linkResolver.cpp, line 773]
Event: 4.698 Thread 0x000001ae64a18800 Exception <a 'java/lang/NoSuchMethodError'{0x00000000eb10df48}: 'java.lang.Object java.lang.invoke.DirectMethodHandle$Holder.invokeStatic(java.lang.Object, java.lang.Object, java.lang.Object, java.lang.Object, java.lang.Object, java.lang.Object, java.lang.Object, java.lang.Object, java.lang.Object, java.lang.Object, java.lang.Object, int, int)'> (0x00000000eb10df48) thrown at [./src/hotspot/share/interpreter/linkResolver.cpp, line 773]
Event: 4.700 Thread 0x000001ae64a18800 Exception <a 'java/lang/NoSuchMethodError'{0x00000000eb12ccd8}: 'java.lang.Object java.lang.invoke.DirectMethodHandle$Holder.invokeStatic(java.lang.Object, java.lang.Object, java.lang.Object, java.lang.Object, java.lang.Object, java.lang.Object, java.lang.Object, java.lang.Object, java.lang.Object, java.lang.Object, java.lang.Object, int, int, java.lang.Object)'> (0x00000000eb12ccd8) thrown at [./src/hotspot/share/interpreter/linkResolver.cpp, line 773]
Event: 4.701 Thread 0x000001ae64a18800 Exception <a 'java/lang/NoSuchMethodError'{0x00000000eb14d190}: 'java.lang.Object java.lang.invoke.DirectMethodHandle$Holder.invokeStatic(java.lang.Object, java.lang.Object, java.lang.Object, java.lang.Object, java.lang.Object, java.lang.Object, java.lang.Object, java.lang.Object, java.lang.Object, java.lang.Object, java.lang.Object, int, int, java.lang.Object, java.lang.Object)'> (0x00000000eb14d190) thrown at [./src/hotspot/share/interpreter/linkResolver.cpp, line 773]
Event: 5.600 Thread 0x000001ae64a18800 Implicit null exception at 0x000001ae55dbcd14 to 0x000001ae55dbd308
Event: 5.849 Thread 0x000001ae64a18800 Exception <a 'java/lang/NoSuchMethodError'{0x00000000ecde3c00}: 'java.lang.Object java.lang.invoke.Invokers$Holder.linkToTargetMethod(java.lang.Object, java.lang.Object, java.lang.Object, java.lang.Object, java.lang.Object, java.lang.Object)'> (0x00000000ecde3c00) thrown at [./src/hotspot/share/interpreter/linkResolver.cpp, line 773]
Event: 5.939 Thread 0x000001ae64a18800 Implicit null exception at 0x000001ae55e324ef to 0x000001ae55e32598

Events (20 events):
Event: 5.905 loading class org/languagetool/rules/UnsyncStack
Event: 5.905 loading class org/languagetool/rules/UnsyncStack done
Event: 5.905 Executing VM operation: Deoptimize
Event: 5.906 Executing VM operation: Deoptimize done
Event: 5.907 loading class java/util/EmptyStackException
Event: 5.908 loading class java/util/EmptyStackException done
Event: 5.908 loading class com/google/common/base/Suppliers$NonSerializableMemoizingSupplier
Event: 5.908 loading class com/google/common/base/Suppliers$NonSerializableMemoizingSupplier done
Event: 5.909 loading class com/google/common/base/Suppliers$MemoizingSupplier
Event: 5.909 loading class com/google/common/base/Suppliers$MemoizingSupplier done
Event: 5.909 loading class org/languagetool/AnalyzedToken
Event: 5.909 loading class org/languagetool/AnalyzedToken done
Event: 5.929 loading class org/languagetool/InputSentence
Event: 5.929 loading class org/languagetool/InputSentence done
Event: 5.938 loading class org/apache/commons/lang3/builder/HashCodeBuilder
Event: 5.938 loading class org/apache/commons/lang3/builder/HashCodeBuilder done
Event: 5.938 loading class org/apache/commons/lang3/builder/Builder
Event: 5.938 loading class org/apache/commons/lang3/builder/Builder done
Event: 5.942 loading class org/languagetool/rules/CompoundRuleData
Event: 5.942 loading class org/languagetool/rules/CompoundRuleData done


Dynamic libraries:
0x00007ff7b08b0000 - 0x00007ff7b08bd000 	d:\estragio\.vscode\extensions\valentjn.vscode-ltex-13.1.0\lib\ltex-ls-15.2.0\jdk-11.0.12+7\bin\java.exe
0x00007ffe4e4a0000 - 0x00007ffe4e690000 	C:\windows\SYSTEM32\ntdll.dll
0x00007ffe4c5d0000 - 0x00007ffe4c682000 	C:\windows\System32\KERNEL32.DLL
0x00007ffe4bb90000 - 0x00007ffe4be35000 	C:\windows\System32\KERNELBASE.dll
0x00007ffe4be60000 - 0x00007ffe4bf5a000 	C:\windows\System32\ucrtbase.dll
0x00007ffe2ff50000 - 0x00007ffe2ff65000 	d:\estragio\.vscode\extensions\valentjn.vscode-ltex-13.1.0\lib\ltex-ls-15.2.0\jdk-11.0.12+7\bin\VCRUNTIME140.dll
0x00007ffe2ff70000 - 0x00007ffe2ff87000 	d:\estragio\.vscode\extensions\valentjn.vscode-ltex-13.1.0\lib\ltex-ls-15.2.0\jdk-11.0.12+7\bin\jli.dll
0x00007ffe4dd20000 - 0x00007ffe4deb4000 	C:\windows\System32\USER32.dll
0x00007ffe34800000 - 0x00007ffe34a84000 	C:\windows\WinSxS\amd64_microsoft.windows.common-controls_6595b64144ccf1df_6.0.18362.1556_none_9e7e372fe45e41d5\COMCTL32.dll
0x00007ffe4c220000 - 0x00007ffe4c241000 	C:\windows\System32\win32u.dll
0x00007ffe4e160000 - 0x00007ffe4e1fe000 	C:\windows\System32\msvcrt.dll
0x00007ffe4d910000 - 0x00007ffe4dc46000 	C:\windows\System32\combase.dll
0x00007ffe4e410000 - 0x00007ffe4e436000 	C:\windows\System32\GDI32.dll
0x00007ffe4dfe0000 - 0x00007ffe4e0ff000 	C:\windows\System32\RPCRT4.dll
0x00007ffe4c050000 - 0x00007ffe4c1e8000 	C:\windows\System32\gdi32full.dll
0x00007ffe4bfc0000 - 0x00007ffe4c041000 	C:\windows\System32\bcryptPrimitives.dll
0x00007ffe4c3b0000 - 0x00007ffe4c44e000 	C:\windows\System32\msvcp_win.dll
0x00007ffe4d5c0000 - 0x00007ffe4d5ee000 	C:\windows\System32\IMM32.DLL
0x00007ffe1d560000 - 0x00007ffe1d604000 	C:\Program Files\McAfee\Endpoint Security\Threat Prevention\Ips\EpMPApi.dll
0x00007ffe4c8c0000 - 0x00007ffe4c963000 	C:\windows\System32\ADVAPI32.dll
0x00007ffe4d5f0000 - 0x00007ffe4d687000 	C:\windows\System32\sechost.dll
0x00007ffe4bf60000 - 0x00007ffe4bfbc000 	C:\windows\System32\WINTRUST.dll
0x00007ffe4b3d0000 - 0x00007ffe4b3e2000 	C:\windows\System32\MSASN1.dll
0x00007ffe4c250000 - 0x00007ffe4c3a1000 	C:\windows\System32\CRYPT32.dll
0x0000000069070000 - 0x000000006907c000 	C:\Program Files\McAfee\Endpoint Security\Threat Prevention\Ips\EpMPThe.dll
0x00007ffe1d340000 - 0x00007ffe1d39b000 	C:\Program Files\McAfee\Endpoint Security\Threat Prevention\Ips\HIPHandlers64.dll
0x00007ffe4ce40000 - 0x00007ffe4d527000 	C:\windows\System32\SHELL32.dll
0x00007ffe4c500000 - 0x00007ffe4c54a000 	C:\windows\System32\cfgmgr32.dll
0x00007ffe4dec0000 - 0x00007ffe4df68000 	C:\windows\System32\shcore.dll
0x00007ffe4b410000 - 0x00007ffe4bb8b000 	C:\windows\System32\windows.storage.dll
0x00007ffe4b360000 - 0x00007ffe4b37e000 	C:\windows\System32\profapi.dll
0x00007ffe4b380000 - 0x00007ffe4b3ca000 	C:\windows\System32\powrprof.dll
0x00007ffe4b350000 - 0x00007ffe4b360000 	C:\windows\System32\UMPDC.dll
0x00007ffe4cde0000 - 0x00007ffe4ce32000 	C:\windows\System32\shlwapi.dll
0x00007ffe4b3f0000 - 0x00007ffe4b401000 	C:\windows\System32\kernel.appcore.dll
0x00007ffe4be40000 - 0x00007ffe4be57000 	C:\windows\System32\cryptsp.dll
0x00007ffe46ab0000 - 0x00007ffe46ca4000 	C:\windows\SYSTEM32\dbghelp.dll
0x00007ffddbe30000 - 0x00007ffddbecb000 	d:\estragio\.vscode\extensions\valentjn.vscode-ltex-13.1.0\lib\ltex-ls-15.2.0\jdk-11.0.12+7\bin\msvcp140.dll
0x00007ffddb2d0000 - 0x00007ffddbe29000 	d:\estragio\.vscode\extensions\valentjn.vscode-ltex-13.1.0\lib\ltex-ls-15.2.0\jdk-11.0.12+7\bin\server\jvm.dll
0x00007ffe4e450000 - 0x00007ffe4e458000 	C:\windows\System32\PSAPI.DLL
0x00007ffe2cb40000 - 0x00007ffe2cb49000 	C:\windows\SYSTEM32\WSOCK32.dll
0x00007ffe4d6f0000 - 0x00007ffe4d75f000 	C:\windows\System32\WS2_32.dll
0x00007ffe444e0000 - 0x00007ffe44504000 	C:\windows\SYSTEM32\WINMM.dll
0x00007ffe3e590000 - 0x00007ffe3e59a000 	C:\windows\SYSTEM32\VERSION.dll
0x00007ffe44400000 - 0x00007ffe4442d000 	C:\windows\SYSTEM32\WINMMBASE.dll
0x00007ffe31220000 - 0x00007ffe31230000 	d:\estragio\.vscode\extensions\valentjn.vscode-ltex-13.1.0\lib\ltex-ls-15.2.0\jdk-11.0.12+7\bin\verify.dll
0x00007ffe1c170000 - 0x00007ffe1c19a000 	C:\windows\SYSTEM32\dbgcore.DLL
0x00007ffe311f0000 - 0x00007ffe31218000 	d:\estragio\.vscode\extensions\valentjn.vscode-ltex-13.1.0\lib\ltex-ls-15.2.0\jdk-11.0.12+7\bin\java.dll
0x00007ffe311e0000 - 0x00007ffe311ea000 	d:\estragio\.vscode\extensions\valentjn.vscode-ltex-13.1.0\lib\ltex-ls-15.2.0\jdk-11.0.12+7\bin\jimage.dll
0x00007ffe311c0000 - 0x00007ffe311d7000 	d:\estragio\.vscode\extensions\valentjn.vscode-ltex-13.1.0\lib\ltex-ls-15.2.0\jdk-11.0.12+7\bin\zip.dll
0x00007ffdd9100000 - 0x00007ffdd9119000 	D:\estragio\.vscode\extensions\valentjn.vscode-ltex-13.1.0\lib\ltex-ls-15.2.0\jdk-11.0.12+7\bin\net.dll
0x00007ffe38b10000 - 0x00007ffe38c0a000 	C:\windows\SYSTEM32\WINHTTP.dll
0x00007ffe4ab90000 - 0x00007ffe4abf7000 	C:\windows\system32\mswsock.dll
0x00007ffdd90e0000 - 0x00007ffdd90f2000 	D:\estragio\.vscode\extensions\valentjn.vscode-ltex-13.1.0\lib\ltex-ls-15.2.0\jdk-11.0.12+7\bin\nio.dll
0x0000000069ac0000 - 0x0000000069ae4000 	D:\estragio\AppData\Local\Temp\jansi-2.4.0-39441682d064d851-jansi.dll

dbghelp: loaded successfully - version: 4.0.5 - missing functions: none
symbol engine: initialized successfully - sym options: 0x614 - pdb path: .;d:\estragio\.vscode\extensions\valentjn.vscode-ltex-13.1.0\lib\ltex-ls-15.2.0\jdk-11.0.12+7\bin;C:\windows\SYSTEM32;C:\windows\WinSxS\amd64_microsoft.windows.common-controls_6595b64144ccf1df_6.0.18362.1556_none_9e7e372fe45e41d5;C:\Program Files\McAfee\Endpoint Security\Threat Prevention\Ips;d:\estragio\.vscode\extensions\valentjn.vscode-ltex-13.1.0\lib\ltex-ls-15.2.0\jdk-11.0.12+7\bin\server;D:\estragio\AppData\Local\Temp

VM Arguments:
jvm_args: -Xms64m -Xmx512m -Dapp.name=ltex-ls -Dapp.repo=d:\estragio\.vscode\extensions\valentjn.vscode-ltex-13.1.0\lib\ltex-ls-15.2.0\lib -Dapp.home=d:\estragio\.vscode\extensions\valentjn.vscode-ltex-13.1.0\lib\ltex-ls-15.2.0 -Dbasedir=d:\estragio\.vscode\extensions\valentjn.vscode-ltex-13.1.0\lib\ltex-ls-15.2.0 
java_command: org.bsplines.ltexls.LtexLanguageServerLauncher
java_class_path (initial): d:\estragio\.vscode\extensions\valentjn.vscode-ltex-13.1.0\lib\ltex-ls-15.2.0\etc;d:\estragio\.vscode\extensions\valentjn.vscode-ltex-13.1.0\lib\ltex-ls-15.2.0\lib\aho-corasick-double-array-trie-1.2.2.jar;d:\estragio\.vscode\extensions\valentjn.vscode-ltex-13.1.0\lib\ltex-ls-15.2.0\lib\animal-sniffer-annotations-1.17.jar;d:\estragio\.vscode\extensions\valentjn.vscode-ltex-13.1.0\lib\ltex-ls-15.2.0\lib\annotations-12.0.jar;d:\estragio\.vscode\extensions\valentjn.vscode-ltex-13.1.0\lib\ltex-ls-15.2.0\lib\annotations-13.0.jar;d:\estragio\.vscode\extensions\valentjn.vscode-ltex-13.1.0\lib\ltex-ls-15.2.0\lib\annotations-20.1.0.jar;d:\estragio\.vscode\extensions\valentjn.vscode-ltex-13.1.0\lib\ltex-ls-15.2.0\lib\annotations-4.1.1.4.jar;d:\estragio\.vscode\extensions\valentjn.vscode-ltex-13.1.0\lib\ltex-ls-15.2.0\lib\bridj-0.7.0.jar;d:\estragio\.vscode\extensions\valentjn.vscode-ltex-13.1.0\lib\ltex-ls-15.2.0\lib\catalan-pos-dict-2.16.jar;d:\estragio\.vscode\extensions\valentjn.vscode-ltex-13.1.0\lib\ltex-ls-15.2.0\lib\checker-qual-2.5.2.jar;d:\estragio\.vscode\extensions\valentjn.vscode-ltex-13.1.0\lib\ltex-ls-15.2.0\lib\checker-qual-3.5.0.jar;d:\estragio\.vscode\extensions\valentjn.vscode-ltex-13.1.0\lib\ltex-ls-15.2.0\lib\cjftransform-1.0.1.jar;d:\estragio\.vscode\extensions\valentjn.vscode-ltex-13.1.0\lib\ltex-ls-15.2.0\lib\commons-lang3-3.11.jar;d:\estragio\.vscode\extensions\valentjn.vscode-ltex-13.1.0\lib\ltex-ls-15.2.0\lib\commons-logging-1.2.jar;d:\estragio\.vscode\extensions\valentjn.vscode-ltex-13.1.0\lib\ltex-ls-15.2.0\lib\commons-pool2-2.9.0.jar;d:\estragio\.vscode\extensions\valentjn.vscode-ltex-13.1.0\lib\ltex-ls-15.2.0\lib\commons-text-1.9.jar;d:\estragio\.vscode\extensions\valentjn.vscode-ltex-13.1.0\lib\ltex-ls-15.2.0\lib\dx-1.7.jar;d:\estragio\.vscode\extensions\valentjn.vscode-ltex-13.1.0\lib\ltex-ls-15.2.0\lib\emoji-java-5.1.1.jar;d:\estragio\.vscode\extensions\valentjn.vscode-ltex-13.1.0\lib\ltex-ls-15.2.0\lib\error_prone_
Launcher Type: SUN_STANDARD

[Global flags]
     intx CICompilerCount                          = 4                                         {product} {ergonomic}
     uint ConcGCThreads                            = 2                                         {product} {ergonomic}
     uint G1ConcRefinementThreads                  = 8                                         {product} {ergonomic}
   size_t G1HeapRegionSize                         = 1048576                                   {product} {ergonomic}
    uintx GCDrainStackTargetSize                   = 64                                        {product} {ergonomic}
   size_t InitialHeapSize                          = 67108864                                  {product} {command line}
   size_t MarkStackSize                            = 4194304                                   {product} {ergonomic}
   size_t MaxHeapSize                              = 536870912                                 {product} {command line}
   size_t MaxNewSize                               = 321912832                                 {product} {ergonomic}
   size_t MinHeapDeltaBytes                        = 1048576                                   {product} {ergonomic}
    uintx NonNMethodCodeHeapSize                   = 5836300                                {pd product} {ergonomic}
    uintx NonProfiledCodeHeapSize                  = 122910970                              {pd product} {ergonomic}
    uintx ProfiledCodeHeapSize                     = 122910970                              {pd product} {ergonomic}
    uintx ReservedCodeCacheSize                    = 251658240                              {pd product} {ergonomic}
     bool SegmentedCodeCache                       = true                                      {product} {ergonomic}
     bool UseCompressedClassPointers               = true                                 {lp64_product} {ergonomic}
     bool UseCompressedOops                        = true                                 {lp64_product} {ergonomic}
     bool UseG1GC                                  = true                                      {product} {ergonomic}
     bool UseLargePagesIndividualAllocation        = false                                  {pd product} {ergonomic}

Logging:
Log output configuration:
 #0: stdout all=warning uptime,level,tags
 #1: stderr all=off uptime,level,tags

Environment Variables:
JAVA_HOME=d:\estragio\.vscode\extensions\valentjn.vscode-ltex-13.1.0\lib\ltex-ls-15.2.0\jdk-11.0.12+7
CLASSPATH="d:\estragio\.vscode\extensions\valentjn.vscode-ltex-13.1.0\lib\ltex-ls-15.2.0"\etc;"d:\estragio\.vscode\extensions\valentjn.vscode-ltex-13.1.0\lib\ltex-ls-15.2.0\lib"\*
PATH=C:\windows\system32;C:\windows;C:\windows\System32\Wbem;C:\windows\System32\WindowsPowerShell\v1.0\;C:\windows\System32\OpenSSH\;C:\Users\Administrateur\AppData\Local\Microsoft\WindowsApps;C:\Program Files\CMake\bin;C:\Program Files (x86)\FreeFem++;C:\Program Files\TortoiseGit\bin;C:\Program Files\TortoiseSVN\bin;C:\Program Files\Git\cmd;C:\Program Files\MiKTeX\miktex\bin\x64\;C:\Program Files (x86)\PuTTY\;C:\Program Files\PuTTY\;C:\Program Files\OpenJDK\bin;D:\estragio\AppData\Local\Microsoft\WindowsApps;D:\estragio\AppData\Local\Programs\Microsoft VS Code\bin;D:\estragio\AppData\Local\GitHubDesktop\bin;D:\estragio\PhD\98_Portable-Software\strawberry-perl-5.32.1.1-64bit\c\bin;D:\estragio\PhD\98_Portable-Software\strawberry-perl-5.32.1.1-64bit\perl\site\bin;D:\estragio\PhD\98_Portable-Software\strawberry-perl-5.32.1.1-64bit\perl\bin
USERNAME=estragio
OS=Windows_NT
PROCESSOR_IDENTIFIER=Intel64 Family 6 Model 158 Stepping 13, GenuineIntel



---------------  S Y S T E M  ---------------

OS: Windows 10 , 64 bit Build 18362 (10.0.18362.1500)
OS uptime: 8 days 1:46 hours

CPU:total 8 (initial active 8) (4 cores per cpu, 2 threads per core) family 6 model 158 stepping 13 microcode 0xd6, cmov, cx8, fxsr, mmx, sse, sse2, sse3, ssse3, sse4.1, sse4.2, popcnt, avx, avx2, aes, clmul, erms, 3dnowpref, lzcnt, ht, tsc, tscinvbit, bmi1, bmi2, adx, fma

Memory: 4k page, system-wide physical 16166M (4108M free)
TotalPageFile size 31166M (AvailPageFile size 7M)
current process WorkingSet (physical memory assigned to process): 319M, peak: 321M
current process commit charge ("private bytes"): 364M, peak: 373M

vm_info: OpenJDK 64-Bit Server VM (11.0.12+7) for windows-amd64 JRE (11.0.12+7), built on Jul 21 2021 16:23:49 by "" with unknown MS VC++:1916

END.
