#
# There is insufficient memory for the Java Runtime Environment to continue.
# Native memory allocation (malloc) failed to allocate 32744 bytes for ChunkPool::allocate
# Possible reasons:
#   The system is out of physical RAM or swap space
#   The process is running with CompressedOops enabled, and the Java Heap may be blocking the growth of the native heap
# Possible solutions:
#   Reduce memory load on the system
#   Increase physical memory or swap space
#   Check if swap backing store is full
#   Decrease Java heap size (-Xmx/-Xms)
#   Decrease number of Java threads
#   Decrease Java thread stack sizes (-Xss)
#   Set larger code cache with -XX:ReservedCodeCacheSize=
#   JVM is running with Unscaled Compressed Oops mode in which the Java heap is
#     placed in the first 4GB address space. The Java Heap base address is the
#     maximum limit for the native heap growth. Please use -XX:HeapBaseMinAddress
#     to set the Java Heap base and to place the Java Heap above 4GB virtual address.
# This output file may be truncated or incomplete.
#
#  Out of Memory Error (./src/hotspot/share/memory/arena.cpp:81), pid=26516, tid=11152
#
# JRE version: OpenJDK Runtime Environment Temurin-11.0.12+7 (11.0.12+7) (build 11.0.12+7)
# Java VM: OpenJDK 64-Bit Server VM Temurin-11.0.12+7 (11.0.12+7, mixed mode, tiered, compressed oops, g1 gc, windows-amd64)
# No core dump will be written. Minidumps are not enabled by default on client versions of Windows
#

---------------  S U M M A R Y ------------

Command Line: -Xms64m -Xmx512m -Dapp.name=ltex-ls -Dapp.repo=d:\estragio\.vscode\extensions\valentjn.vscode-ltex-13.1.0\lib\ltex-ls-15.2.0\lib -Dapp.home=d:\estragio\.vscode\extensions\valentjn.vscode-ltex-13.1.0\lib\ltex-ls-15.2.0 -Dbasedir=d:\estragio\.vscode\extensions\valentjn.vscode-ltex-13.1.0\lib\ltex-ls-15.2.0 org.bsplines.ltexls.LtexLanguageServerLauncher

Host: Intel(R) Core(TM) i5-9400H CPU @ 2.50GHz, 8 cores, 15G,  Windows 10 , 64 bit Build 18362 (10.0.18362.1500)
Time: Wed Sep  6 17:43:48 2023 Paris, Madrid (heure d?été) elapsed time: 2.755897 seconds (0d 0h 0m 2s)

---------------  T H R E A D  ---------------

Current thread (0x000001ed2b932800):  JavaThread "C2 CompilerThread1" daemon [_thread_in_native, id=11152, stack(0x000000dfc5c00000,0x000000dfc5d00000)]


Current CompileTask:
C2:   2756 2226       4       org.languagetool.rules.patterns.StringMatcher$RegexpParser::atom (327 bytes)

Stack: [0x000000dfc5c00000,0x000000dfc5d00000]
Native frames: (J=compiled Java code, j=interpreted, Vv=VM code, C=native code)
V  [jvm.dll+0x601d0a]
V  [jvm.dll+0x78ab6e]
V  [jvm.dll+0x78c23f]
V  [jvm.dll+0x78c903]
V  [jvm.dll+0x24be68]
V  [jvm.dll+0xc23fb]
V  [jvm.dll+0xc275c]
V  [jvm.dll+0xc22ab]
V  [jvm.dll+0x5dfbdf]
V  [jvm.dll+0x632aa3]
V  [jvm.dll+0x19ddcd]
V  [jvm.dll+0x205622]
V  [jvm.dll+0x2046fd]
V  [jvm.dll+0x1898fc]
V  [jvm.dll+0x213d67]
V  [jvm.dll+0x211f2b]
V  [jvm.dll+0x74ec19]
V  [jvm.dll+0x747c84]
V  [jvm.dll+0x600ba6]
C  [ucrtbase.dll+0x210b2]
C  [KERNEL32.DLL+0x17c24]
C  [ntdll.dll+0x6d721]


---------------  P R O C E S S  ---------------

Threads class SMR info:
_java_thread_list=0x000001ed2addc690, length=12, elements={
0x000001ed1238d000, 0x000001ed2a5b3000, 0x000001ed2adc0800, 0x000001ed2add5000,
0x000001ed2add7000, 0x000001ed2add8000, 0x000001ed2addd000, 0x000001ed2addf000,
0x000001ed2ade1000, 0x000001ed2aec2800, 0x000001ed2b932800, 0x000001ed2b854000
}

Java Threads: ( => current thread )
  0x000001ed1238d000 JavaThread "main" [_thread_in_Java, id=27628, stack(0x000000dfc4b00000,0x000000dfc4c00000)]
  0x000001ed2a5b3000 JavaThread "Reference Handler" daemon [_thread_blocked, id=26972, stack(0x000000dfc5200000,0x000000dfc5300000)]
  0x000001ed2adc0800 JavaThread "Finalizer" daemon [_thread_blocked, id=22680, stack(0x000000dfc5300000,0x000000dfc5400000)]
  0x000001ed2add5000 JavaThread "Signal Dispatcher" daemon [_thread_blocked, id=21788, stack(0x000000dfc5400000,0x000000dfc5500000)]
  0x000001ed2add7000 JavaThread "Attach Listener" daemon [_thread_blocked, id=23508, stack(0x000000dfc5500000,0x000000dfc5600000)]
  0x000001ed2add8000 JavaThread "Service Thread" daemon [_thread_blocked, id=14736, stack(0x000000dfc5600000,0x000000dfc5700000)]
  0x000001ed2addd000 JavaThread "C2 CompilerThread0" daemon [_thread_in_native, id=26400, stack(0x000000dfc5700000,0x000000dfc5800000)]
  0x000001ed2addf000 JavaThread "C1 CompilerThread0" daemon [_thread_blocked, id=2532, stack(0x000000dfc5800000,0x000000dfc5900000)]
  0x000001ed2ade1000 JavaThread "Sweeper thread" daemon [_thread_blocked, id=6568, stack(0x000000dfc5900000,0x000000dfc5a00000)]
  0x000001ed2aec2800 JavaThread "Common-Cleaner" daemon [_thread_blocked, id=6016, stack(0x000000dfc5b00000,0x000000dfc5c00000)]
=>0x000001ed2b932800 JavaThread "C2 CompilerThread1" daemon [_thread_in_native, id=11152, stack(0x000000dfc5c00000,0x000000dfc5d00000)]
  0x000001ed2b854000 JavaThread "C2 CompilerThread2" daemon [_thread_in_native, id=24292, stack(0x000000dfc5d00000,0x000000dfc5e00000)]

Other Threads:
  0x000001ed2a582000 VMThread "VM Thread" [stack: 0x000000dfc5100000,0x000000dfc5200000] [id=15376]
  0x000001ed2af9e000 WatcherThread [stack: 0x000000dfc5a00000,0x000000dfc5b00000] [id=10680]
  0x000001ed123a6800 GCTaskThread "GC Thread#0" [stack: 0x000000dfc4c00000,0x000000dfc4d00000] [id=26364]
  0x000001ed2bf49800 GCTaskThread "GC Thread#1" [stack: 0x000000dfc5e00000,0x000000dfc5f00000] [id=25856]
  0x000001ed123b7800 ConcurrentGCThread "G1 Main Marker" [stack: 0x000000dfc4d00000,0x000000dfc4e00000] [id=6592]
  0x000001ed123ba000 ConcurrentGCThread "G1 Conc#0" [stack: 0x000000dfc4e00000,0x000000dfc4f00000] [id=20844]
  0x000001ed2a3f1800 ConcurrentGCThread "G1 Refine#0" [stack: 0x000000dfc4f00000,0x000000dfc5000000] [id=3168]
  0x000001ed2a3f2800 ConcurrentGCThread "G1 Young RemSet Sampling" [stack: 0x000000dfc5000000,0x000000dfc5100000] [id=27716]

Threads with active compile tasks:
C2 CompilerThread0   2793 2273       4       com.sun.org.apache.xerces.internal.impl.XMLDocumentFragmentScannerImpl::scanStartElement (449 bytes)
C2 CompilerThread1   2793 2226       4       org.languagetool.rules.patterns.StringMatcher$RegexpParser::atom (327 bytes)
C2 CompilerThread2   2793 2404       4       java.util.TimSort::binarySort (223 bytes)

VM state:not at safepoint (normal execution)

VM Mutex/Monitor currently owned by a thread: None

Heap address: 0x00000000e0000000, size: 512 MB, Compressed Oops mode: 32-bit
Narrow klass base: 0x0000000000000000, Narrow klass shift: 3
Compressed class space size: 1073741824 Address: 0x0000000100000000

Heap:
 garbage-first heap   total 65536K, used 24242K [0x00000000e0000000, 0x0000000100000000)
  region size 1024K, 9 young (9216K), 4 survivors (4096K)
 Metaspace       used 20437K, capacity 20775K, committed 20992K, reserved 1069056K
  class space    used 2054K, capacity 2217K, committed 2304K, reserved 1048576K
Heap Regions: E=young(eden), S=young(survivor), O=old, HS=humongous(starts), HC=humongous(continues), CS=collection set, F=free, A=archive, TAMS=top-at-mark-start (previous, next)
|   0|0x00000000e0000000, 0x00000000e0100000, 0x00000000e0100000|100%| O|  |TAMS 0x00000000e0000000, 0x00000000e0000000| Untracked 
|   1|0x00000000e0100000, 0x00000000e0200000, 0x00000000e0200000|100%| O|  |TAMS 0x00000000e0100000, 0x00000000e0100000| Untracked 
|   2|0x00000000e0200000, 0x00000000e0300000, 0x00000000e0300000|100%| O|  |TAMS 0x00000000e0200000, 0x00000000e0200000| Untracked 
|   3|0x00000000e0300000, 0x00000000e0400000, 0x00000000e0400000|100%| O|  |TAMS 0x00000000e0300000, 0x00000000e0300000| Untracked 
|   4|0x00000000e0400000, 0x00000000e0500000, 0x00000000e0500000|100%| O|  |TAMS 0x00000000e0400000, 0x00000000e0400000| Untracked 
|   5|0x00000000e0500000, 0x00000000e0600000, 0x00000000e0600000|100%| O|  |TAMS 0x00000000e0500000, 0x00000000e0500000| Untracked 
|   6|0x00000000e0600000, 0x00000000e0700000, 0x00000000e0700000|100%| O|  |TAMS 0x00000000e0600000, 0x00000000e0600000| Untracked 
|   7|0x00000000e0700000, 0x00000000e0800000, 0x00000000e0800000|100%| O|  |TAMS 0x00000000e0700000, 0x00000000e0700000| Untracked 
|   8|0x00000000e0800000, 0x00000000e0900000, 0x00000000e0900000|100%| O|  |TAMS 0x00000000e0800000, 0x00000000e0800000| Untracked 
|   9|0x00000000e0900000, 0x00000000e0a00000, 0x00000000e0a00000|100%| O|  |TAMS 0x00000000e0900000, 0x00000000e0900000| Untracked 
|  10|0x00000000e0a00000, 0x00000000e0b00000, 0x00000000e0b00000|100%| O|  |TAMS 0x00000000e0a00000, 0x00000000e0a00000| Untracked 
|  11|0x00000000e0b00000, 0x00000000e0c00000, 0x00000000e0c00000|100%| O|  |TAMS 0x00000000e0b00000, 0x00000000e0b00000| Untracked 
|  12|0x00000000e0c00000, 0x00000000e0d00000, 0x00000000e0d00000|100%| O|  |TAMS 0x00000000e0c00000, 0x00000000e0c00000| Untracked 
|  13|0x00000000e0d00000, 0x00000000e0e00000, 0x00000000e0e00000|100%| O|  |TAMS 0x00000000e0d00000, 0x00000000e0d00000| Untracked 
|  14|0x00000000e0e00000, 0x00000000e0f00000, 0x00000000e0f00000|100%| O|  |TAMS 0x00000000e0e00000, 0x00000000e0e00000| Untracked 
|  15|0x00000000e0f00000, 0x00000000e1000000, 0x00000000e1000000|100%| O|  |TAMS 0x00000000e0f00000, 0x00000000e0f00000| Untracked 
|  16|0x00000000e1000000, 0x00000000e1055c00, 0x00000000e1100000| 33%| O|  |TAMS 0x00000000e1000000, 0x00000000e1000000| Untracked 
|  17|0x00000000e1100000, 0x00000000e1100000, 0x00000000e1200000|  0%| F|  |TAMS 0x00000000e1100000, 0x00000000e1100000| Untracked 
|  18|0x00000000e1200000, 0x00000000e1200000, 0x00000000e1300000|  0%| F|  |TAMS 0x00000000e1200000, 0x00000000e1200000| Untracked 
|  19|0x00000000e1300000, 0x00000000e1300000, 0x00000000e1400000|  0%| F|  |TAMS 0x00000000e1300000, 0x00000000e1300000| Untracked 
|  20|0x00000000e1400000, 0x00000000e1400000, 0x00000000e1500000|  0%| F|  |TAMS 0x00000000e1400000, 0x00000000e1400000| Untracked 
|  21|0x00000000e1500000, 0x00000000e1500000, 0x00000000e1600000|  0%| F|  |TAMS 0x00000000e1500000, 0x00000000e1500000| Untracked 
|  22|0x00000000e1600000, 0x00000000e1600000, 0x00000000e1700000|  0%| F|  |TAMS 0x00000000e1600000, 0x00000000e1600000| Untracked 
|  23|0x00000000e1700000, 0x00000000e1700000, 0x00000000e1800000|  0%| F|  |TAMS 0x00000000e1700000, 0x00000000e1700000| Untracked 
|  24|0x00000000e1800000, 0x00000000e1800000, 0x00000000e1900000|  0%| F|  |TAMS 0x00000000e1800000, 0x00000000e1800000| Untracked 
|  25|0x00000000e1900000, 0x00000000e1900000, 0x00000000e1a00000|  0%| F|  |TAMS 0x00000000e1900000, 0x00000000e1900000| Untracked 
|  26|0x00000000e1a00000, 0x00000000e1a00000, 0x00000000e1b00000|  0%| F|  |TAMS 0x00000000e1a00000, 0x00000000e1a00000| Untracked 
|  27|0x00000000e1b00000, 0x00000000e1b00000, 0x00000000e1c00000|  0%| F|  |TAMS 0x00000000e1b00000, 0x00000000e1b00000| Untracked 
|  28|0x00000000e1c00000, 0x00000000e1c00000, 0x00000000e1d00000|  0%| F|  |TAMS 0x00000000e1c00000, 0x00000000e1c00000| Untracked 
|  29|0x00000000e1d00000, 0x00000000e1d00000, 0x00000000e1e00000|  0%| F|  |TAMS 0x00000000e1d00000, 0x00000000e1d00000| Untracked 
|  30|0x00000000e1e00000, 0x00000000e1e00000, 0x00000000e1f00000|  0%| F|  |TAMS 0x00000000e1e00000, 0x00000000e1e00000| Untracked 
|  31|0x00000000e1f00000, 0x00000000e1f00000, 0x00000000e2000000|  0%| F|  |TAMS 0x00000000e1f00000, 0x00000000e1f00000| Untracked 
|  32|0x00000000e2000000, 0x00000000e2000000, 0x00000000e2100000|  0%| F|  |TAMS 0x00000000e2000000, 0x00000000e2000000| Untracked 
|  33|0x00000000e2100000, 0x00000000e2156d50, 0x00000000e2200000| 33%| S|CS|TAMS 0x00000000e2100000, 0x00000000e2100000| Complete 
|  34|0x00000000e2200000, 0x00000000e2300000, 0x00000000e2300000|100%| S|CS|TAMS 0x00000000e2200000, 0x00000000e2200000| Complete 
|  35|0x00000000e2300000, 0x00000000e2400000, 0x00000000e2400000|100%| S|CS|TAMS 0x00000000e2300000, 0x00000000e2300000| Complete 
|  36|0x00000000e2400000, 0x00000000e2400000, 0x00000000e2500000|  0%| F|  |TAMS 0x00000000e2400000, 0x00000000e2400000| Untracked 
|  37|0x00000000e2500000, 0x00000000e2500000, 0x00000000e2600000|  0%| F|  |TAMS 0x00000000e2500000, 0x00000000e2500000| Untracked 
|  38|0x00000000e2600000, 0x00000000e2600000, 0x00000000e2700000|  0%| F|  |TAMS 0x00000000e2600000, 0x00000000e2600000| Untracked 
|  39|0x00000000e2700000, 0x00000000e2700000, 0x00000000e2800000|  0%| F|  |TAMS 0x00000000e2700000, 0x00000000e2700000| Untracked 
|  40|0x00000000e2800000, 0x00000000e2900000, 0x00000000e2900000|100%| S|CS|TAMS 0x00000000e2800000, 0x00000000e2800000| Complete 
|  41|0x00000000e2900000, 0x00000000e2900000, 0x00000000e2a00000|  0%| F|  |TAMS 0x00000000e2900000, 0x00000000e2900000| Untracked 
|  42|0x00000000e2a00000, 0x00000000e2a00000, 0x00000000e2b00000|  0%| F|  |TAMS 0x00000000e2a00000, 0x00000000e2a00000| Untracked 
|  43|0x00000000e2b00000, 0x00000000e2b00000, 0x00000000e2c00000|  0%| F|  |TAMS 0x00000000e2b00000, 0x00000000e2b00000| Untracked 
|  44|0x00000000e2c00000, 0x00000000e2c00000, 0x00000000e2d00000|  0%| F|  |TAMS 0x00000000e2c00000, 0x00000000e2c00000| Untracked 
|  45|0x00000000e2d00000, 0x00000000e2d00000, 0x00000000e2e00000|  0%| F|  |TAMS 0x00000000e2d00000, 0x00000000e2d00000| Untracked 
|  46|0x00000000e2e00000, 0x00000000e2e00000, 0x00000000e2f00000|  0%| F|  |TAMS 0x00000000e2e00000, 0x00000000e2e00000| Untracked 
|  47|0x00000000e2f00000, 0x00000000e2f00000, 0x00000000e3000000|  0%| F|  |TAMS 0x00000000e2f00000, 0x00000000e2f00000| Untracked 
|  48|0x00000000e3000000, 0x00000000e3000000, 0x00000000e3100000|  0%| F|  |TAMS 0x00000000e3000000, 0x00000000e3000000| Untracked 
|  49|0x00000000e3100000, 0x00000000e3100000, 0x00000000e3200000|  0%| F|  |TAMS 0x00000000e3100000, 0x00000000e3100000| Untracked 
|  50|0x00000000e3200000, 0x00000000e3200000, 0x00000000e3300000|  0%| F|  |TAMS 0x00000000e3200000, 0x00000000e3200000| Untracked 
|  51|0x00000000e3300000, 0x00000000e3300000, 0x00000000e3400000|  0%| F|  |TAMS 0x00000000e3300000, 0x00000000e3300000| Untracked 
|  52|0x00000000e3400000, 0x00000000e3400000, 0x00000000e3500000|  0%| F|  |TAMS 0x00000000e3400000, 0x00000000e3400000| Untracked 
|  53|0x00000000e3500000, 0x00000000e3500000, 0x00000000e3600000|  0%| F|  |TAMS 0x00000000e3500000, 0x00000000e3500000| Untracked 
|  54|0x00000000e3600000, 0x00000000e3600000, 0x00000000e3700000|  0%| F|  |TAMS 0x00000000e3600000, 0x00000000e3600000| Untracked 
|  55|0x00000000e3700000, 0x00000000e3700000, 0x00000000e3800000|  0%| F|  |TAMS 0x00000000e3700000, 0x00000000e3700000| Untracked 
|  56|0x00000000e3800000, 0x00000000e3800000, 0x00000000e3900000|  0%| F|  |TAMS 0x00000000e3800000, 0x00000000e3800000| Untracked 
|  57|0x00000000e3900000, 0x00000000e3900000, 0x00000000e3a00000|  0%| F|  |TAMS 0x00000000e3900000, 0x00000000e3900000| Untracked 
|  58|0x00000000e3a00000, 0x00000000e3a00000, 0x00000000e3b00000|  0%| F|  |TAMS 0x00000000e3a00000, 0x00000000e3a00000| Untracked 
|  59|0x00000000e3b00000, 0x00000000e3be02f0, 0x00000000e3c00000| 87%| E|  |TAMS 0x00000000e3b00000, 0x00000000e3b00000| Complete 
|  60|0x00000000e3c00000, 0x00000000e3d00000, 0x00000000e3d00000|100%| E|CS|TAMS 0x00000000e3c00000, 0x00000000e3c00000| Complete 
|  61|0x00000000e3d00000, 0x00000000e3e00000, 0x00000000e3e00000|100%| E|CS|TAMS 0x00000000e3d00000, 0x00000000e3d00000| Complete 
|  62|0x00000000e3e00000, 0x00000000e3f00000, 0x00000000e3f00000|100%| E|CS|TAMS 0x00000000e3e00000, 0x00000000e3e00000| Complete 
|  63|0x00000000e3f00000, 0x00000000e4000000, 0x00000000e4000000|100%| E|CS|TAMS 0x00000000e3f00000, 0x00000000e3f00000| Complete 

Card table byte_map: [0x000001ed26940000,0x000001ed26a40000] _byte_map_base: 0x000001ed26240000

Marking Bits (Prev, Next): (CMBitMap*) 0x000001ed123b4eb8, (CMBitMap*) 0x000001ed123b4ef0
 Prev Bits: [0x000001ed26b40000, 0x000001ed27340000)
 Next Bits: [0x000001ed27340000, 0x000001ed27b40000)

Polling page: 0x000001ed0ff10000

Metaspace:

Usage:
  Non-class:     18.12 MB capacity,    17.95 MB (>99%) used,   139.38 KB ( <1%) free+waste,    35.81 KB ( <1%) overhead. 
      Class:      2.17 MB capacity,     2.01 MB ( 93%) used,   146.97 KB (  7%) free+waste,    15.06 KB ( <1%) overhead. 
       Both:     20.29 MB capacity,    19.96 MB ( 98%) used,   286.34 KB (  1%) free+waste,    50.88 KB ( <1%) overhead. 

Virtual space:
  Non-class space:       20.00 MB reserved,      18.25 MB ( 91%) committed 
      Class space:        1.00 GB reserved,       2.25 MB ( <1%) committed 
             Both:        1.02 GB reserved,      20.50 MB (  2%) committed 

Chunk freelists:
   Non-Class:  2.00 KB
       Class:  23.00 KB
        Both:  25.00 KB

MaxMetaspaceSize: 17179869184.00 GB
CompressedClassSpaceSize: 1.00 GB
Initial GC threshold: 20.80 MB
Current GC threshold: 20.80 MB
CDS: off

CodeHeap 'non-profiled nmethods': size=120000Kb used=1159Kb max_used=1159Kb free=118840Kb
 bounds [0x000001ed1efe0000, 0x000001ed1f250000, 0x000001ed26510000]
CodeHeap 'profiled nmethods': size=120000Kb used=5274Kb max_used=5274Kb free=114725Kb
 bounds [0x000001ed17ab0000, 0x000001ed17fe0000, 0x000001ed1efe0000]
CodeHeap 'non-nmethods': size=5760Kb used=1213Kb max_used=1238Kb free=4546Kb
 bounds [0x000001ed17510000, 0x000001ed17780000, 0x000001ed17ab0000]
 total_blobs=2854 nmethods=2377 adapters=389
 compilation: enabled
              stopped_count=0, restarted_count=0
 full_count=0

Compilation events (20 events):
Event: 2.668 Thread 0x000001ed2addf000 2393       2       com.sun.xml.internal.stream.Entity$ScannedEntity::<init> (152 bytes)
Event: 2.668 Thread 0x000001ed2addf000 nmethod 2393 0x000001ed17fd1790 code [0x000001ed17fd1980, 0x000001ed17fd1f38]
Event: 2.669 Thread 0x000001ed2addf000 2397       2       com.sun.org.apache.xerces.internal.impl.XMLDocumentScannerImpl::endEntity (52 bytes)
Event: 2.670 Thread 0x000001ed2addf000 nmethod 2397 0x000001ed17fd2090 code [0x000001ed17fd2260, 0x000001ed17fd2488]
Event: 2.670 Thread 0x000001ed2addf000 2398       2       com.sun.org.apache.xerces.internal.impl.XMLScanner::endEntity (18 bytes)
Event: 2.670 Thread 0x000001ed2addf000 nmethod 2398 0x000001ed17fd2610 code [0x000001ed17fd27c0, 0x000001ed17fd28d8]
Event: 2.670 Thread 0x000001ed2addf000 2399   !   2       java.io.StringReader::close (23 bytes)
Event: 2.670 Thread 0x000001ed2addf000 nmethod 2399 0x000001ed17fd2990 code [0x000001ed17fd2b40, 0x000001ed17fd2df8]
Event: 2.672 Thread 0x000001ed2addf000 2401       2       com.sun.org.apache.xerces.internal.xni.parser.XMLInputSource::<init> (37 bytes)
Event: 2.672 Thread 0x000001ed2addf000 nmethod 2401 0x000001ed17fd2f10 code [0x000001ed17fd30c0, 0x000001ed17fd3398]
Event: 2.672 Thread 0x000001ed2addf000 2402       2       com.sun.org.apache.xerces.internal.impl.XMLEntityManager::startEntity (142 bytes)
Event: 2.673 Thread 0x000001ed2addf000 nmethod 2402 0x000001ed17fd3410 code [0x000001ed17fd3640, 0x000001ed17fd3b58]
Event: 2.675 Thread 0x000001ed2addf000 2403       2       com.sun.org.apache.xerces.internal.impl.XMLDocumentFragmentScannerImpl::endEntity (66 bytes)
Event: 2.676 Thread 0x000001ed2addf000 nmethod 2403 0x000001ed17fd3f10 code [0x000001ed17fd4100, 0x000001ed17fd4368]
Event: 2.701 Thread 0x000001ed2b854000 nmethod 2343 0x000001ed1f0fd110 code [0x000001ed1f0fd400, 0x000001ed1f0fede0]
Event: 2.701 Thread 0x000001ed2b854000 2380       4       java.lang.StringLatin1::trim (76 bytes)
Event: 2.727 Thread 0x000001ed2b854000 nmethod 2380 0x000001ed1f100510 code [0x000001ed1f1006c0, 0x000001ed1f100b78]
Event: 2.727 Thread 0x000001ed2b854000 2334       4       com.sun.org.apache.xerces.internal.impl.XMLEntityScanner::checkEntityLimit (50 bytes)
Event: 2.737 Thread 0x000001ed2b854000 nmethod 2334 0x000001ed1f100d90 code [0x000001ed1f100fa0, 0x000001ed1f101638]
Event: 2.737 Thread 0x000001ed2b854000 2404       4       java.util.TimSort::binarySort (223 bytes)

GC Heap History (8 events):
Event: 0.866 GC heap before
{Heap before GC invocations=0 (full 0):
 garbage-first heap   total 65536K, used 24576K [0x00000000e0000000, 0x0000000100000000)
  region size 1024K, 24 young (24576K), 0 survivors (0K)
 Metaspace       used 12544K, capacity 12733K, committed 12928K, reserved 1060864K
  class space    used 1210K, capacity 1286K, committed 1408K, reserved 1048576K
}
Event: 0.874 GC heap after
{Heap after GC invocations=1 (full 0):
 garbage-first heap   total 65536K, used 6651K [0x00000000e0000000, 0x0000000100000000)
  region size 1024K, 3 young (3072K), 3 survivors (3072K)
 Metaspace       used 12544K, capacity 12733K, committed 12928K, reserved 1060864K
  class space    used 1210K, capacity 1286K, committed 1408K, reserved 1048576K
}
Event: 1.371 GC heap before
{Heap before GC invocations=1 (full 0):
 garbage-first heap   total 65536K, used 32251K [0x00000000e0000000, 0x0000000100000000)
  region size 1024K, 28 young (28672K), 3 survivors (3072K)
 Metaspace       used 18908K, capacity 19171K, committed 19328K, reserved 1067008K
  class space    used 1938K, capacity 2075K, committed 2176K, reserved 1048576K
}
Event: 1.386 GC heap after
{Heap after GC invocations=2 (full 0):
 garbage-first heap   total 65536K, used 11264K [0x00000000e0000000, 0x0000000100000000)
  region size 1024K, 4 young (4096K), 4 survivors (4096K)
 Metaspace       used 18908K, capacity 19171K, committed 19328K, reserved 1067008K
  class space    used 1938K, capacity 2075K, committed 2176K, reserved 1048576K
}
Event: 2.302 GC heap before
{Heap before GC invocations=2 (full 0):
 garbage-first heap   total 65536K, used 34816K [0x00000000e0000000, 0x0000000100000000)
  region size 1024K, 28 young (28672K), 4 survivors (4096K)
 Metaspace       used 20306K, capacity 20636K, committed 20736K, reserved 1067008K
  class space    used 2049K, capacity 2215K, committed 2304K, reserved 1048576K
}
Event: 2.326 GC heap after
{Heap after GC invocations=3 (full 0):
 garbage-first heap   total 65536K, used 16222K [0x00000000e0000000, 0x0000000100000000)
  region size 1024K, 4 young (4096K), 4 survivors (4096K)
 Metaspace       used 20306K, capacity 20636K, committed 20736K, reserved 1067008K
  class space    used 2049K, capacity 2215K, committed 2304K, reserved 1048576K
}
Event: 2.702 GC heap before
{Heap before GC invocations=3 (full 0):
 garbage-first heap   total 65536K, used 39774K [0x00000000e0000000, 0x0000000100000000)
  region size 1024K, 27 young (27648K), 4 survivors (4096K)
 Metaspace       used 20435K, capacity 20775K, committed 20992K, reserved 1069056K
  class space    used 2054K, capacity 2217K, committed 2304K, reserved 1048576K
}
Event: 2.720 GC heap after
{Heap after GC invocations=4 (full 0):
 garbage-first heap   total 65536K, used 20146K [0x00000000e0000000, 0x0000000100000000)
  region size 1024K, 4 young (4096K), 4 survivors (4096K)
 Metaspace       used 20435K, capacity 20775K, committed 20992K, reserved 1069056K
  class space    used 2054K, capacity 2217K, committed 2304K, reserved 1048576K
}

Deoptimization events (20 events):
Event: 2.408 Thread 0x000001ed1238d000 Uncommon trap: trap_request=0xffffff4d fr.pc=0x000001ed1f0f1b98 relative=0x0000000000001298
Event: 2.408 Thread 0x000001ed1238d000 Uncommon trap: reason=unstable_if action=reinterpret pc=0x000001ed1f0f1b98 method=com.sun.org.apache.xerces.internal.impl.XMLEntityScanner.checkEntityLimit(Lcom/sun/org/apache/xerces/internal/impl/XMLScanner$NameType;Lcom/sun/xml/internal/stream/Entity$Sc
Event: 2.408 Thread 0x000001ed1238d000 DEOPT PACKING pc=0x000001ed1f0f1b98 sp=0x000000dfc4bfe470
Event: 2.408 Thread 0x000001ed1238d000 DEOPT UNPACKING pc=0x000001ed1755a1af sp=0x000000dfc4bfe3c8 mode 2
Event: 2.408 Thread 0x000001ed1238d000 Uncommon trap: trap_request=0xffffff4d fr.pc=0x000001ed1f0a58a8 relative=0x00000000000001c8
Event: 2.408 Thread 0x000001ed1238d000 Uncommon trap: reason=unstable_if action=reinterpret pc=0x000001ed1f0a58a8 method=com.sun.org.apache.xerces.internal.impl.XMLEntityScanner.checkEntityLimit(Lcom/sun/org/apache/xerces/internal/impl/XMLScanner$NameType;Lcom/sun/xml/internal/stream/Entity$Sc
Event: 2.408 Thread 0x000001ed1238d000 DEOPT PACKING pc=0x000001ed1f0a58a8 sp=0x000000dfc4bfe4b0
Event: 2.408 Thread 0x000001ed1238d000 DEOPT UNPACKING pc=0x000001ed1755a1af sp=0x000000dfc4bfe3d8 mode 2
Event: 2.408 Thread 0x000001ed1238d000 Uncommon trap: trap_request=0xffffff4d fr.pc=0x000001ed1f0efb0c relative=0x00000000000003ec
Event: 2.408 Thread 0x000001ed1238d000 Uncommon trap: reason=unstable_if action=reinterpret pc=0x000001ed1f0efb0c method=com.sun.org.apache.xerces.internal.impl.XMLEntityScanner.checkEntityLimit(Lcom/sun/org/apache/xerces/internal/impl/XMLScanner$NameType;Lcom/sun/xml/internal/stream/Entity$Sc
Event: 2.408 Thread 0x000001ed1238d000 DEOPT PACKING pc=0x000001ed1f0efb0c sp=0x000000dfc4bfe490
Event: 2.408 Thread 0x000001ed1238d000 DEOPT UNPACKING pc=0x000001ed1755a1af sp=0x000000dfc4bfe458 mode 2
Event: 2.512 Thread 0x000001ed1238d000 Uncommon trap: trap_request=0xffffff4d fr.pc=0x000001ed1f0b2750 relative=0x0000000000000190
Event: 2.512 Thread 0x000001ed1238d000 Uncommon trap: reason=unstable_if action=reinterpret pc=0x000001ed1f0b2750 method=java.util.stream.AbstractPipeline.copyInto(Ljava/util/stream/Sink;Ljava/util/Spliterator;)V @ 15 c2
Event: 2.512 Thread 0x000001ed1238d000 DEOPT PACKING pc=0x000001ed1f0b2750 sp=0x000000dfc4bfd400
Event: 2.513 Thread 0x000001ed1238d000 DEOPT UNPACKING pc=0x000001ed1755a1af sp=0x000000dfc4bfd350 mode 2
Event: 2.577 Thread 0x000001ed1238d000 Uncommon trap: trap_request=0xffffff4d fr.pc=0x000001ed1f0d4dbc relative=0x000000000000033c
Event: 2.577 Thread 0x000001ed1238d000 Uncommon trap: reason=unstable_if action=reinterpret pc=0x000001ed1f0d4dbc method=com.sun.org.apache.xerces.internal.impl.XMLEntityScanner.skipSpaces()Z @ 79 c2
Event: 2.577 Thread 0x000001ed1238d000 DEOPT PACKING pc=0x000001ed1f0d4dbc sp=0x000000dfc4bfe400
Event: 2.577 Thread 0x000001ed1238d000 DEOPT UNPACKING pc=0x000001ed1755a1af sp=0x000000dfc4bfe390 mode 2

Classes redefined (0 events):
No events

Internal exceptions (20 events):
Event: 0.336 Thread 0x000001ed1238d000 Exception <a 'java/lang/NullPointerException'{0x00000000e3acccd8}> (0x00000000e3acccd8) thrown at [./src/hotspot/share/interpreter/linkResolver.cpp, line 1358]
Event: 0.364 Thread 0x000001ed1238d000 Exception <a 'java/lang/NoSuchMethodError'{0x00000000e3911670}: 'int java.lang.invoke.DirectMethodHandle$Holder.invokeSpecialIFC(java.lang.Object, java.lang.Object, int)'> (0x00000000e3911670) thrown at [./src/hotspot/share/interpreter/linkResolver.cpp, line 773]
Event: 0.467 Thread 0x000001ed1238d000 Exception <a 'java/lang/NullPointerException'{0x00000000e39c4e78}> (0x00000000e39c4e78) thrown at [./src/hotspot/share/interpreter/linkResolver.cpp, line 1358]
Event: 0.467 Thread 0x000001ed1238d000 Exception <a 'java/lang/NullPointerException'{0x00000000e39c5148}> (0x00000000e39c5148) thrown at [./src/hotspot/share/interpreter/linkResolver.cpp, line 1358]
Event: 0.468 Thread 0x000001ed1238d000 Exception <a 'java/lang/NullPointerException'{0x00000000e39c5418}> (0x00000000e39c5418) thrown at [./src/hotspot/share/interpreter/linkResolver.cpp, line 1358]
Event: 0.468 Thread 0x000001ed1238d000 Exception <a 'java/lang/NullPointerException'{0x00000000e39ce158}> (0x00000000e39ce158) thrown at [./src/hotspot/share/interpreter/linkResolver.cpp, line 1358]
Event: 0.470 Thread 0x000001ed1238d000 Exception <a 'java/lang/NullPointerException'{0x00000000e39e7710}> (0x00000000e39e7710) thrown at [./src/hotspot/share/interpreter/linkResolver.cpp, line 1358]
Event: 0.470 Thread 0x000001ed1238d000 Exception <a 'java/lang/NullPointerException'{0x00000000e39e79e0}> (0x00000000e39e79e0) thrown at [./src/hotspot/share/interpreter/linkResolver.cpp, line 1358]
Event: 0.470 Thread 0x000001ed1238d000 Exception <a 'java/lang/NullPointerException'{0x00000000e39e7cb0}> (0x00000000e39e7cb0) thrown at [./src/hotspot/share/interpreter/linkResolver.cpp, line 1358]
Event: 0.470 Thread 0x000001ed1238d000 Exception <a 'java/lang/NullPointerException'{0x00000000e39e7f80}> (0x00000000e39e7f80) thrown at [./src/hotspot/share/interpreter/linkResolver.cpp, line 1358]
Event: 0.930 Thread 0x000001ed1238d000 Exception <a 'java/lang/NoClassDefFoundError'{0x00000000e3c545f8}: org/apache/log4j/Priority> (0x00000000e3c545f8) thrown at [./src/hotspot/share/classfile/systemDictionary.cpp, line 220]
Event: 0.952 Thread 0x000001ed1238d000 Exception <a 'java/lang/NoSuchMethodError'{0x00000000e3cf73c0}: 'java.lang.Object java.lang.invoke.DirectMethodHandle$Holder.invokeStatic(java.lang.Object, java.lang.Object, java.lang.Object, java.lang.Object, java.lang.Object, java.lang.Object, java.lang.Object, java.lang.Object, java.lang.Object, java.lang.Object, java.lang.Object, java.lang.Object, java.lang.Object, java.lang.Object, java.lang.Object)'> (0x00000000e3cf73c0) thrown at [./src/hotspot/share/interpreter/linkResolver.cpp, line 773]
Event: 0.954 Thread 0x000001ed1238d000 Exception <a 'java/lang/NoSuchMethodError'{0x00000000e3b05600}: 'java.lang.Object java.lang.invoke.DirectMethodHandle$Holder.invokeStatic(java.lang.Object, java.lang.Object, java.lang.Object, java.lang.Object, java.lang.Object, java.lang.Object, java.lang.Object, java.lang.Object, java.lang.Object, java.lang.Object, java.lang.Object, java.lang.Object, java.lang.Object, java.lang.Object, java.lang.Object, java.lang.Object)'> (0x00000000e3b05600) thrown at [./src/hotspot/share/interpreter/linkResolver.cpp, l
Event: 0.956 Thread 0x000001ed1238d000 Exception <a 'java/lang/NoSuchMethodError'{0x00000000e3b13270}: 'java.lang.Object java.lang.invoke.DirectMethodHandle$Holder.invokeSpecial(java.lang.Object, java.lang.Object, int, int, java.lang.Object, java.lang.Object, java.lang.Object)'> (0x00000000e3b13270) thrown at [./src/hotspot/share/interpreter/linkResolver.cpp, line 773]
Event: 0.956 Thread 0x000001ed1238d000 Exception <a 'java/lang/NoSuchMethodError'{0x00000000e3b16800}: 'java.lang.Object java.lang.invoke.DelegatingMethodHandle$Holder.reinvoke_L(java.lang.Object, int, int, java.lang.Object, java.lang.Object, java.lang.Object)'> (0x00000000e3b16800) thrown at [./src/hotspot/share/interpreter/linkResolver.cpp, line 773]
Event: 0.957 Thread 0x000001ed1238d000 Exception <a 'java/lang/NoSuchMethodError'{0x00000000e3b1ab88}: 'java.lang.Object java.lang.invoke.DirectMethodHandle$Holder.invokeStatic(java.lang.Object, java.lang.Object, java.lang.Object, java.lang.Object, int)'> (0x00000000e3b1ab88) thrown at [./src/hotspot/share/interpreter/linkResolver.cpp, line 773]
Event: 1.017 Thread 0x000001ed1238d000 Exception <a 'java/lang/ClassNotFoundException'{0x00000000e3a554c8}: com/sun/org/apache/xerces/internal/impl/xpath/regex/spi/messageProvider> (0x00000000e3a554c8) thrown at [./src/hotspot/share/classfile/systemDictionary.cpp, line 231]
Event: 1.310 Thread 0x000001ed1238d000 Exception <a 'java/lang/NoSuchMethodError'{0x00000000e2c83830}: 'java.lang.Object java.lang.invoke.DirectMethodHandle$Holder.invokeVirtual(java.lang.Object, java.lang.Object, java.lang.Object, java.lang.Object)'> (0x00000000e2c83830) thrown at [./src/hotspot/share/interpreter/linkResolver.cpp, line 773]
Event: 1.561 Thread 0x000001ed1238d000 Exception <a 'java/lang/NoSuchMethodError'{0x00000000e38db0c0}: 'int java.lang.invoke.DirectMethodHandle$Holder.invokeVirtual(java.lang.Object, java.lang.Object, java.lang.Object)'> (0x00000000e38db0c0) thrown at [./src/hotspot/share/interpreter/linkResolver.cpp, line 773]
Event: 1.562 Thread 0x000001ed1238d000 Exception <a 'java/lang/NoSuchMethodError'{0x00000000e38e1028}: 'java.lang.Object java.lang.invoke.DirectMethodHandle$Holder.invokeVirtual(java.lang.Object, java.lang.Object, java.lang.Object)'> (0x00000000e38e1028) thrown at [./src/hotspot/share/interpreter/linkResolver.cpp, line 773]

Events (20 events):
Event: 2.302 Executing VM operation: G1CollectForAllocation
Event: 2.326 Executing VM operation: G1CollectForAllocation done
Event: 2.510 loading class org/languagetool/Tag
Event: 2.510 loading class org/languagetool/Tag done
Event: 2.511 loading class org/languagetool/Tag
Event: 2.511 loading class org/languagetool/Tag done
Event: 2.511 loading class java/util/stream/MatchOps$MatchKind
Event: 2.511 loading class java/util/stream/MatchOps$MatchKind done
Event: 2.511 loading class java/util/stream/MatchOps
Event: 2.512 loading class java/util/stream/MatchOps done
Event: 2.512 loading class java/util/stream/MatchOps$MatchOp
Event: 2.512 loading class java/util/stream/MatchOps$MatchOp done
Event: 2.512 loading class java/util/stream/MatchOps$BooleanTerminalSink
Event: 2.512 loading class java/util/stream/MatchOps$BooleanTerminalSink done
Event: 2.512 loading class java/util/stream/MatchOps$1MatchSink
Event: 2.512 loading class java/util/stream/MatchOps$1MatchSink done
Event: 2.609 loading class java/util/regex/Pattern$2
Event: 2.609 loading class java/util/regex/Pattern$2 done
Event: 2.702 Executing VM operation: G1CollectForAllocation
Event: 2.720 Executing VM operation: G1CollectForAllocation done


Dynamic libraries:
0x00007ff615af0000 - 0x00007ff615afd000 	d:\estragio\.vscode\extensions\valentjn.vscode-ltex-13.1.0\lib\ltex-ls-15.2.0\jdk-11.0.12+7\bin\java.exe
0x00007ffa084a0000 - 0x00007ffa08690000 	C:\windows\SYSTEM32\ntdll.dll
0x00007ffa082d0000 - 0x00007ffa08382000 	C:\windows\System32\KERNEL32.DLL
0x00007ffa05870000 - 0x00007ffa05b15000 	C:\windows\System32\KERNELBASE.dll
0x00007ffa055e0000 - 0x00007ffa056da000 	C:\windows\System32\ucrtbase.dll
0x00007ff9a2da0000 - 0x00007ff9a2db7000 	d:\estragio\.vscode\extensions\valentjn.vscode-ltex-13.1.0\lib\ltex-ls-15.2.0\jdk-11.0.12+7\bin\jli.dll
0x00007ff9a2d80000 - 0x00007ff9a2d95000 	d:\estragio\.vscode\extensions\valentjn.vscode-ltex-13.1.0\lib\ltex-ls-15.2.0\jdk-11.0.12+7\bin\VCRUNTIME140.dll
0x00007ffa07390000 - 0x00007ffa07524000 	C:\windows\System32\USER32.dll
0x00007ff9eada0000 - 0x00007ff9eb024000 	C:\windows\WinSxS\amd64_microsoft.windows.common-controls_6595b64144ccf1df_6.0.18362.1556_none_9e7e372fe45e41d5\COMCTL32.dll
0x00007ffa055b0000 - 0x00007ffa055d1000 	C:\windows\System32\win32u.dll
0x00007ffa07830000 - 0x00007ffa078ce000 	C:\windows\System32\msvcrt.dll
0x00007ffa07800000 - 0x00007ffa07826000 	C:\windows\System32\GDI32.dll
0x00007ffa05410000 - 0x00007ffa055a8000 	C:\windows\System32\gdi32full.dll
0x00007ffa078d0000 - 0x00007ffa07c06000 	C:\windows\System32\combase.dll
0x00007ffa056e0000 - 0x00007ffa0577e000 	C:\windows\System32\msvcp_win.dll
0x00007ffa07fe0000 - 0x00007ffa080ff000 	C:\windows\System32\RPCRT4.dll
0x00007ffa05780000 - 0x00007ffa05801000 	C:\windows\System32\bcryptPrimitives.dll
0x00007ffa081b0000 - 0x00007ffa081de000 	C:\windows\System32\IMM32.DLL
0x00007ff9eff60000 - 0x00007ff9f0004000 	C:\Program Files\McAfee\Endpoint Security\Threat Prevention\Ips\EpMPApi.dll
0x00007ffa07c10000 - 0x00007ffa07cb3000 	C:\windows\System32\ADVAPI32.dll
0x00007ffa07590000 - 0x00007ffa07627000 	C:\windows\System32\sechost.dll
0x00007ffa05810000 - 0x00007ffa0586c000 	C:\windows\System32\WINTRUST.dll
0x00007ffa053f0000 - 0x00007ffa05402000 	C:\windows\System32\MSASN1.dll
0x00007ffa063f0000 - 0x00007ffa06541000 	C:\windows\System32\CRYPT32.dll
0x000000006a3a0000 - 0x000000006a3ac000 	C:\Program Files\McAfee\Endpoint Security\Threat Prevention\Ips\EpMPThe.dll
0x00007ff9efad0000 - 0x00007ff9efb2b000 	C:\Program Files\McAfee\Endpoint Security\Threat Prevention\Ips\HIPHandlers64.dll
0x00007ffa06790000 - 0x00007ffa06e77000 	C:\windows\System32\SHELL32.dll
0x00007ffa06380000 - 0x00007ffa063ca000 	C:\windows\System32\cfgmgr32.dll
0x00007ffa07f30000 - 0x00007ffa07fd8000 	C:\windows\System32\shcore.dll
0x00007ffa05bd0000 - 0x00007ffa0634b000 	C:\windows\System32\windows.storage.dll
0x00007ffa05360000 - 0x00007ffa0537e000 	C:\windows\System32\profapi.dll
0x00007ffa053a0000 - 0x00007ffa053ea000 	C:\windows\System32\powrprof.dll
0x00007ffa05350000 - 0x00007ffa05360000 	C:\windows\System32\UMPDC.dll
0x00007ffa08270000 - 0x00007ffa082c2000 	C:\windows\System32\shlwapi.dll
0x00007ffa05380000 - 0x00007ffa05391000 	C:\windows\System32\kernel.appcore.dll
0x00007ffa063d0000 - 0x00007ffa063e7000 	C:\windows\System32\cryptsp.dll
0x00007ffa003c0000 - 0x00007ffa005b4000 	C:\windows\SYSTEM32\dbghelp.dll
0x00007ff9a2ce0000 - 0x00007ff9a2d7b000 	d:\estragio\.vscode\extensions\valentjn.vscode-ltex-13.1.0\lib\ltex-ls-15.2.0\jdk-11.0.12+7\bin\msvcp140.dll
0x00007ff99fae0000 - 0x00007ff9a0639000 	d:\estragio\.vscode\extensions\valentjn.vscode-ltex-13.1.0\lib\ltex-ls-15.2.0\jdk-11.0.12+7\bin\server\jvm.dll
0x00007ffa077f0000 - 0x00007ffa077f8000 	C:\windows\System32\PSAPI.DLL
0x00007ff9fc0c0000 - 0x00007ff9fc0e4000 	C:\windows\SYSTEM32\WINMM.dll
0x00007ff9fb740000 - 0x00007ff9fb74a000 	C:\windows\SYSTEM32\VERSION.dll
0x00007ff9e5950000 - 0x00007ff9e5959000 	C:\windows\SYSTEM32\WSOCK32.dll
0x00007ffa066b0000 - 0x00007ffa0671f000 	C:\windows\System32\WS2_32.dll
0x00007ff9fc090000 - 0x00007ff9fc0bd000 	C:\windows\SYSTEM32\WINMMBASE.dll
0x00007ff9a2dd0000 - 0x00007ff9a2de0000 	d:\estragio\.vscode\extensions\valentjn.vscode-ltex-13.1.0\lib\ltex-ls-15.2.0\jdk-11.0.12+7\bin\verify.dll
0x00007ff9ee840000 - 0x00007ff9ee86a000 	C:\windows\SYSTEM32\dbgcore.DLL
0x00007ff9a2a20000 - 0x00007ff9a2a48000 	d:\estragio\.vscode\extensions\valentjn.vscode-ltex-13.1.0\lib\ltex-ls-15.2.0\jdk-11.0.12+7\bin\java.dll
0x00007ff9a2dc0000 - 0x00007ff9a2dca000 	d:\estragio\.vscode\extensions\valentjn.vscode-ltex-13.1.0\lib\ltex-ls-15.2.0\jdk-11.0.12+7\bin\jimage.dll
0x00007ff9a29e0000 - 0x00007ff9a29f7000 	d:\estragio\.vscode\extensions\valentjn.vscode-ltex-13.1.0\lib\ltex-ls-15.2.0\jdk-11.0.12+7\bin\zip.dll
0x00007ff9a29c0000 - 0x00007ff9a29d9000 	D:\estragio\.vscode\extensions\valentjn.vscode-ltex-13.1.0\lib\ltex-ls-15.2.0\jdk-11.0.12+7\bin\net.dll
0x00007ff9f6ec0000 - 0x00007ff9f6fba000 	C:\windows\SYSTEM32\WINHTTP.dll
0x00007ffa04b90000 - 0x00007ffa04bf7000 	C:\windows\system32\mswsock.dll
0x00007ff9a29a0000 - 0x00007ff9a29b2000 	D:\estragio\.vscode\extensions\valentjn.vscode-ltex-13.1.0\lib\ltex-ls-15.2.0\jdk-11.0.12+7\bin\nio.dll
0x0000000069ac0000 - 0x0000000069ae4000 	D:\estragio\AppData\Local\Temp\jansi-2.4.0-a291ff071cde531d-jansi.dll

dbghelp: loaded successfully - version: 4.0.5 - missing functions: none
symbol engine: initialized successfully - sym options: 0x614 - pdb path: .;d:\estragio\.vscode\extensions\valentjn.vscode-ltex-13.1.0\lib\ltex-ls-15.2.0\jdk-11.0.12+7\bin;C:\windows\SYSTEM32;C:\windows\WinSxS\amd64_microsoft.windows.common-controls_6595b64144ccf1df_6.0.18362.1556_none_9e7e372fe45e41d5;C:\Program Files\McAfee\Endpoint Security\Threat Prevention\Ips;d:\estragio\.vscode\extensions\valentjn.vscode-ltex-13.1.0\lib\ltex-ls-15.2.0\jdk-11.0.12+7\bin\server;D:\estragio\AppData\Local\Temp

VM Arguments:
jvm_args: -Xms64m -Xmx512m -Dapp.name=ltex-ls -Dapp.repo=d:\estragio\.vscode\extensions\valentjn.vscode-ltex-13.1.0\lib\ltex-ls-15.2.0\lib -Dapp.home=d:\estragio\.vscode\extensions\valentjn.vscode-ltex-13.1.0\lib\ltex-ls-15.2.0 -Dbasedir=d:\estragio\.vscode\extensions\valentjn.vscode-ltex-13.1.0\lib\ltex-ls-15.2.0 
java_command: org.bsplines.ltexls.LtexLanguageServerLauncher
java_class_path (initial): d:\estragio\.vscode\extensions\valentjn.vscode-ltex-13.1.0\lib\ltex-ls-15.2.0\etc;d:\estragio\.vscode\extensions\valentjn.vscode-ltex-13.1.0\lib\ltex-ls-15.2.0\lib\aho-corasick-double-array-trie-1.2.2.jar;d:\estragio\.vscode\extensions\valentjn.vscode-ltex-13.1.0\lib\ltex-ls-15.2.0\lib\animal-sniffer-annotations-1.17.jar;d:\estragio\.vscode\extensions\valentjn.vscode-ltex-13.1.0\lib\ltex-ls-15.2.0\lib\annotations-12.0.jar;d:\estragio\.vscode\extensions\valentjn.vscode-ltex-13.1.0\lib\ltex-ls-15.2.0\lib\annotations-13.0.jar;d:\estragio\.vscode\extensions\valentjn.vscode-ltex-13.1.0\lib\ltex-ls-15.2.0\lib\annotations-20.1.0.jar;d:\estragio\.vscode\extensions\valentjn.vscode-ltex-13.1.0\lib\ltex-ls-15.2.0\lib\annotations-4.1.1.4.jar;d:\estragio\.vscode\extensions\valentjn.vscode-ltex-13.1.0\lib\ltex-ls-15.2.0\lib\bridj-0.7.0.jar;d:\estragio\.vscode\extensions\valentjn.vscode-ltex-13.1.0\lib\ltex-ls-15.2.0\lib\catalan-pos-dict-2.16.jar;d:\estragio\.vscode\extensions\valentjn.vscode-ltex-13.1.0\lib\ltex-ls-15.2.0\lib\checker-qual-2.5.2.jar;d:\estragio\.vscode\extensions\valentjn.vscode-ltex-13.1.0\lib\ltex-ls-15.2.0\lib\checker-qual-3.5.0.jar;d:\estragio\.vscode\extensions\valentjn.vscode-ltex-13.1.0\lib\ltex-ls-15.2.0\lib\cjftransform-1.0.1.jar;d:\estragio\.vscode\extensions\valentjn.vscode-ltex-13.1.0\lib\ltex-ls-15.2.0\lib\commons-lang3-3.11.jar;d:\estragio\.vscode\extensions\valentjn.vscode-ltex-13.1.0\lib\ltex-ls-15.2.0\lib\commons-logging-1.2.jar;d:\estragio\.vscode\extensions\valentjn.vscode-ltex-13.1.0\lib\ltex-ls-15.2.0\lib\commons-pool2-2.9.0.jar;d:\estragio\.vscode\extensions\valentjn.vscode-ltex-13.1.0\lib\ltex-ls-15.2.0\lib\commons-text-1.9.jar;d:\estragio\.vscode\extensions\valentjn.vscode-ltex-13.1.0\lib\ltex-ls-15.2.0\lib\dx-1.7.jar;d:\estragio\.vscode\extensions\valentjn.vscode-ltex-13.1.0\lib\ltex-ls-15.2.0\lib\emoji-java-5.1.1.jar;d:\estragio\.vscode\extensions\valentjn.vscode-ltex-13.1.0\lib\ltex-ls-15.2.0\lib\error_prone_
Launcher Type: SUN_STANDARD

[Global flags]
     intx CICompilerCount                          = 4                                         {product} {ergonomic}
     uint ConcGCThreads                            = 2                                         {product} {ergonomic}
     uint G1ConcRefinementThreads                  = 8                                         {product} {ergonomic}
   size_t G1HeapRegionSize                         = 1048576                                   {product} {ergonomic}
    uintx GCDrainStackTargetSize                   = 64                                        {product} {ergonomic}
   size_t InitialHeapSize                          = 67108864                                  {product} {command line}
   size_t MarkStackSize                            = 4194304                                   {product} {ergonomic}
   size_t MaxHeapSize                              = 536870912                                 {product} {command line}
   size_t MaxNewSize                               = 321912832                                 {product} {ergonomic}
   size_t MinHeapDeltaBytes                        = 1048576                                   {product} {ergonomic}
    uintx NonNMethodCodeHeapSize                   = 5836300                                {pd product} {ergonomic}
    uintx NonProfiledCodeHeapSize                  = 122910970                              {pd product} {ergonomic}
    uintx ProfiledCodeHeapSize                     = 122910970                              {pd product} {ergonomic}
    uintx ReservedCodeCacheSize                    = 251658240                              {pd product} {ergonomic}
     bool SegmentedCodeCache                       = true                                      {product} {ergonomic}
     bool UseCompressedClassPointers               = true                                 {lp64_product} {ergonomic}
     bool UseCompressedOops                        = true                                 {lp64_product} {ergonomic}
     bool UseG1GC                                  = true                                      {product} {ergonomic}
     bool UseLargePagesIndividualAllocation        = false                                  {pd product} {ergonomic}

Logging:
Log output configuration:
 #0: stdout all=warning uptime,level,tags
 #1: stderr all=off uptime,level,tags

Environment Variables:
JAVA_HOME=d:\estragio\.vscode\extensions\valentjn.vscode-ltex-13.1.0\lib\ltex-ls-15.2.0\jdk-11.0.12+7
CLASSPATH="d:\estragio\.vscode\extensions\valentjn.vscode-ltex-13.1.0\lib\ltex-ls-15.2.0"\etc;"d:\estragio\.vscode\extensions\valentjn.vscode-ltex-13.1.0\lib\ltex-ls-15.2.0\lib"\*
PATH=C:\windows\system32;C:\windows;C:\windows\System32\Wbem;C:\windows\System32\WindowsPowerShell\v1.0\;C:\windows\System32\OpenSSH\;C:\Users\Administrateur\AppData\Local\Microsoft\WindowsApps;C:\Program Files\CMake\bin;C:\Program Files (x86)\FreeFem++;C:\Program Files\TortoiseGit\bin;C:\Program Files\TortoiseSVN\bin;C:\Program Files\Git\cmd;C:\Program Files\MiKTeX\miktex\bin\x64\;C:\Program Files (x86)\PuTTY\;C:\Program Files\PuTTY\;C:\Program Files\jdk-18.0.2.1\bin;D:\estragio\AppData\Local\Microsoft\WindowsApps;D:\estragio\AppData\Local\Programs\Microsoft VS Code\bin;D:\estragio\AppData\Local\GitHubDesktop\bin;D:\estragio\PhD\98_Portable-Software\strawberry-perl-5.32.1.1-64bit\c\bin;D:\estragio\PhD\98_Portable-Software\strawberry-perl-5.32.1.1-64bit\perl\site\bin;D:\estragio\PhD\98_Portable-Software\strawberry-perl-5.32.1.1-64bit\perl\bin
USERNAME=estragio
OS=Windows_NT
PROCESSOR_IDENTIFIER=Intel64 Family 6 Model 158 Stepping 13, GenuineIntel



---------------  S Y S T E M  ---------------

OS: Windows 10 , 64 bit Build 18362 (10.0.18362.1500)
OS uptime: 9 days 3:44 hours

CPU:total 8 (initial active 8) (4 cores per cpu, 2 threads per core) family 6 model 158 stepping 13 microcode 0xd6, cmov, cx8, fxsr, mmx, sse, sse2, sse3, ssse3, sse4.1, sse4.2, popcnt, avx, avx2, aes, clmul, erms, 3dnowpref, lzcnt, ht, tsc, tscinvbit, bmi1, bmi2, adx, fma

Memory: 4k page, system-wide physical 16166M (2354M free)
TotalPageFile size 31166M (AvailPageFile size 6M)
current process WorkingSet (physical memory assigned to process): 151M, peak: 151M
current process commit charge ("private bytes"): 206M, peak: 207M

vm_info: OpenJDK 64-Bit Server VM (11.0.12+7) for windows-amd64 JRE (11.0.12+7), built on Jul 21 2021 16:23:49 by "" with unknown MS VC++:1916

END.
