#
# There is insufficient memory for the Java Runtime Environment to continue.
# Native memory allocation (mmap) failed to map 69206016 bytes for Failed to commit area from 0x00000000e6c00000 to 0x00000000eae00000 of length 69206016.
# Possible reasons:
#   The system is out of physical RAM or swap space
#   The process is running with CompressedOops enabled, and the Java Heap may be blocking the growth of the native heap
# Possible solutions:
#   Reduce memory load on the system
#   Increase physical memory or swap space
#   Check if swap backing store is full
#   Decrease Java heap size (-Xmx/-Xms)
#   Decrease number of Java threads
#   Decrease Java thread stack sizes (-Xss)
#   Set larger code cache with -XX:ReservedCodeCacheSize=
#   JVM is running with Unscaled Compressed Oops mode in which the Java heap is
#     placed in the first 4GB address space. The Java Heap base address is the
#     maximum limit for the native heap growth. Please use -XX:HeapBaseMinAddress
#     to set the Java Heap base and to place the Java Heap above 4GB virtual address.
# This output file may be truncated or incomplete.
#
#  Out of Memory Error (./src/hotspot/os/windows/os_windows.cpp:3311), pid=9128, tid=23288
#
# JRE version: OpenJDK Runtime Environment Temurin-11.0.12+7 (11.0.12+7) (build 11.0.12+7)
# Java VM: OpenJDK 64-Bit Server VM Temurin-11.0.12+7 (11.0.12+7, mixed mode, tiered, compressed oops, g1 gc, windows-amd64)
# No core dump will be written. Minidumps are not enabled by default on client versions of Windows
#

---------------  S U M M A R Y ------------

Command Line: -Xms64m -Xmx512m -Dapp.name=ltex-ls -Dapp.repo=d:\estragio\.vscode\extensions\valentjn.vscode-ltex-13.1.0\lib\ltex-ls-15.2.0\lib -Dapp.home=d:\estragio\.vscode\extensions\valentjn.vscode-ltex-13.1.0\lib\ltex-ls-15.2.0 -Dbasedir=d:\estragio\.vscode\extensions\valentjn.vscode-ltex-13.1.0\lib\ltex-ls-15.2.0 org.bsplines.ltexls.LtexLanguageServerLauncher

Host: Intel(R) Core(TM) i5-9400H CPU @ 2.50GHz, 8 cores, 15G,  Windows 10 , 64 bit Build 18362 (10.0.18362.1500)
Time: Wed Sep  6 17:43:44 2023 Paris, Madrid (heure d?été) elapsed time: 5.721724 seconds (0d 0h 0m 5s)

---------------  T H R E A D  ---------------

Current thread (0x000001e0835fd000):  VMThread "VM Thread" [stack: 0x000000a26fe00000,0x000000a26ff00000] [id=23288]

Stack: [0x000000a26fe00000,0x000000a26ff00000]
[error occurred during error reporting (printing stack bounds), id 0xc0000005, EXCEPTION_ACCESS_VIOLATION (0xc0000005) at pc=0x000001e0efdb112d]

Native frames: (J=compiled Java code, j=interpreted, Vv=VM code, C=native code)
V  [jvm.dll+0x601d0a]
V  [jvm.dll+0x78ab6e]
V  [jvm.dll+0x78c23f]
V  [jvm.dll+0x78c865]
V  [jvm.dll+0x78c81b]
V  [jvm.dll+0x6011f3]
V  [jvm.dll+0x601908]
C  [ntdll.dll+0xa1fff]
C  [ntdll.dll+0x6aad9]
C  [ntdll.dll+0xa0c6e]
C  0x000001e0efdb112d

VM_Operation (0x000000a26f8fdfd0): G1CollectForAllocation, mode: safepoint, requested by thread 0x000001e0ea8b7800


---------------  P R O C E S S  ---------------

Threads class SMR info:
_java_thread_list=0x000001e08583f750, length=12, elements={
0x000001e0ea8b7800, 0x000001e083e41800, 0x000001e083e42000, 0x000001e083e47800,
0x000001e083e4d800, 0x000001e083e4e800, 0x000001e083e51800, 0x000001e083e56000,
0x000001e083e57800, 0x000001e084008800, 0x000001e08554d000, 0x000001e085aa6800
}

Java Threads: ( => current thread )
  0x000001e0ea8b7800 JavaThread "main" [_thread_blocked, id=16416, stack(0x000000a26f800000,0x000000a26f900000)]
  0x000001e083e41800 JavaThread "Reference Handler" daemon [_thread_blocked, id=4736, stack(0x000000a26ff00000,0x000000a270000000)]
  0x000001e083e42000 JavaThread "Finalizer" daemon [_thread_blocked, id=27880, stack(0x000000a270000000,0x000000a270100000)]
  0x000001e083e47800 JavaThread "Signal Dispatcher" daemon [_thread_blocked, id=23428, stack(0x000000a270100000,0x000000a270200000)]
  0x000001e083e4d800 JavaThread "Attach Listener" daemon [_thread_blocked, id=23644, stack(0x000000a270200000,0x000000a270300000)]
  0x000001e083e4e800 JavaThread "Service Thread" daemon [_thread_blocked, id=7364, stack(0x000000a270300000,0x000000a270400000)]
  0x000001e083e51800 JavaThread "C2 CompilerThread0" daemon [_thread_in_native, id=5616, stack(0x000000a270400000,0x000000a270500000)]
  0x000001e083e56000 JavaThread "C1 CompilerThread0" daemon [_thread_blocked, id=18564, stack(0x000000a270500000,0x000000a270600000)]
  0x000001e083e57800 JavaThread "Sweeper thread" daemon [_thread_blocked, id=2336, stack(0x000000a270600000,0x000000a270700000)]
  0x000001e084008800 JavaThread "Common-Cleaner" daemon [_thread_blocked, id=27068, stack(0x000000a270800000,0x000000a270900000)]
  0x000001e08554d000 JavaThread "C2 CompilerThread1" daemon [_thread_in_native, id=26244, stack(0x000000a270a00000,0x000000a270b00000)]
  0x000001e085aa6800 JavaThread "C2 CompilerThread2" daemon [_thread_in_native, id=27552, stack(0x000000a270b00000,0x000000a270c00000)]

Other Threads:
=>0x000001e0835fd000 VMThread "VM Thread" [stack: 0x000000a26fe00000,0x000000a26ff00000] [id=23288]
  0x000001e084006000 WatcherThread [stack: 0x000000a270700000,0x000000a270800000] [id=24676]
  0x000001e0ea8d2800 GCTaskThread "GC Thread#0" [stack: 0x000000a26f900000,0x000000a26fa00000] [id=18444]
  0x000001e08511c800 GCTaskThread "GC Thread#1" [stack: 0x000000a270900000,0x000000a270a00000] [id=25008]
  0x000001e0ea8e5800 ConcurrentGCThread "G1 Main Marker" [stack: 0x000000a26fa00000,0x000000a26fb00000] [id=25184]
  0x000001e0ea8e8000 ConcurrentGCThread "G1 Conc#0" [stack: 0x000000a26fb00000,0x000000a26fc00000] [id=15136]
  0x000001e0868e3800 ConcurrentGCThread "G1 Conc#1" [stack: 0x000000a270c00000,0x000000a270d00000] [id=10184]
  0x000001e08346f800 ConcurrentGCThread "G1 Refine#0" [stack: 0x000000a26fc00000,0x000000a26fd00000] [id=13428]
  0x000001e088d17800 ConcurrentGCThread "G1 Refine#1" [stack: 0x000000a270d00000,0x000000a270e00000] [id=21156]
  0x000001e083470800 ConcurrentGCThread "G1 Young RemSet Sampling" [stack: 0x000000a26fd00000,0x000000a26fe00000] [id=10416]

Threads with active compile tasks:
C2 CompilerThread0   5743 2754       4       com.optimaize.langdetect.profiles.LanguageProfileBuilder::addGram (97 bytes)
C2 CompilerThread1   5743 2775   !   4       com.optimaize.langdetect.profiles.OldLangProfileConverter::convert (103 bytes)
C2 CompilerThread2   5743 2700       4       java.util.Arrays::sort (47 bytes)

VM state:at safepoint (normal execution)

VM Mutex/Monitor currently owned by a thread:  ([mutex/lock_event])
[0x000001e0e8e4c520] Threads_lock - owner thread: 0x000001e0835fd000
[0x000001e0e8e4d180] Heap_lock - owner thread: 0x000001e0ea8b7800

Heap address: 0x00000000e0000000, size: 512 MB, Compressed Oops mode: 32-bit
Narrow klass base: 0x0000000000000000, Narrow klass shift: 3
Compressed class space size: 1073741824 Address: 0x0000000100000000

Heap:
 garbage-first heap   total 178176K, used 71559K [0x00000000e0000000, 0x0000000100000000)
  region size 1024K, 3 young (3072K), 3 survivors (3072K)
 Metaspace       used 21606K, capacity 21886K, committed 22144K, reserved 1069056K
  class space    used 2207K, capacity 2351K, committed 2432K, reserved 1048576K
Heap Regions: E=young(eden), S=young(survivor), O=old, HS=humongous(starts), HC=humongous(continues), CS=collection set, F=free, A=archive, TAMS=top-at-mark-start (previous, next)
|   0|0x00000000e0000000, 0x00000000e0100000, 0x00000000e0100000|100%| O|  |TAMS 0x00000000e0100000, 0x00000000e0000000| Updating 
|   1|0x00000000e0100000, 0x00000000e0200000, 0x00000000e0200000|100%| O|  |TAMS 0x00000000e0200000, 0x00000000e0100000| Updating 
|   2|0x00000000e0200000, 0x00000000e0300000, 0x00000000e0300000|100%| O|  |TAMS 0x00000000e0300000, 0x00000000e0200000| Updating 
|   3|0x00000000e0300000, 0x00000000e0400000, 0x00000000e0400000|100%| O|  |TAMS 0x00000000e0400000, 0x00000000e0300000| Updating 
|   4|0x00000000e0400000, 0x00000000e0500000, 0x00000000e0500000|100%| O|  |TAMS 0x00000000e0500000, 0x00000000e0400000| Updating 
|   5|0x00000000e0500000, 0x00000000e0600000, 0x00000000e0600000|100%| O|  |TAMS 0x00000000e0600000, 0x00000000e0500000| Updating 
|   6|0x00000000e0600000, 0x00000000e0700000, 0x00000000e0700000|100%| O|  |TAMS 0x00000000e0700000, 0x00000000e0600000| Updating 
|   7|0x00000000e0700000, 0x00000000e0800000, 0x00000000e0800000|100%| O|  |TAMS 0x00000000e0800000, 0x00000000e0700000| Updating 
|   8|0x00000000e0800000, 0x00000000e0900000, 0x00000000e0900000|100%| O|  |TAMS 0x00000000e0900000, 0x00000000e0800000| Updating 
|   9|0x00000000e0900000, 0x00000000e0a00000, 0x00000000e0a00000|100%| O|  |TAMS 0x00000000e0a00000, 0x00000000e0900000| Updating 
|  10|0x00000000e0a00000, 0x00000000e0b00000, 0x00000000e0b00000|100%| O|  |TAMS 0x00000000e0b00000, 0x00000000e0a00000| Updating 
|  11|0x00000000e0b00000, 0x00000000e0c00000, 0x00000000e0c00000|100%| O|  |TAMS 0x00000000e0c00000, 0x00000000e0b00000| Updating 
|  12|0x00000000e0c00000, 0x00000000e0d00000, 0x00000000e0d00000|100%| O|  |TAMS 0x00000000e0d00000, 0x00000000e0c00000| Updating 
|  13|0x00000000e0d00000, 0x00000000e0e00000, 0x00000000e0e00000|100%| O|  |TAMS 0x00000000e0e00000, 0x00000000e0d00000| Updating 
|  14|0x00000000e0e00000, 0x00000000e0f00000, 0x00000000e0f00000|100%| O|  |TAMS 0x00000000e0f00000, 0x00000000e0e00000| Updating 
|  15|0x00000000e0f00000, 0x00000000e1000000, 0x00000000e1000000|100%| O|  |TAMS 0x00000000e1000000, 0x00000000e0f00000| Updating 
|  16|0x00000000e1000000, 0x00000000e1100000, 0x00000000e1100000|100%| O|  |TAMS 0x00000000e1100000, 0x00000000e1000000| Updating 
|  17|0x00000000e1100000, 0x00000000e1200000, 0x00000000e1200000|100%| O|  |TAMS 0x00000000e1200000, 0x00000000e1100000| Updating 
|  18|0x00000000e1200000, 0x00000000e1300000, 0x00000000e1300000|100%| O|  |TAMS 0x00000000e1300000, 0x00000000e1200000| Updating 
|  19|0x00000000e1300000, 0x00000000e1400000, 0x00000000e1400000|100%| O|  |TAMS 0x00000000e1400000, 0x00000000e1300000| Updating 
|  20|0x00000000e1400000, 0x00000000e1500000, 0x00000000e1500000|100%| O|  |TAMS 0x00000000e1500000, 0x00000000e1400000| Updating 
|  21|0x00000000e1500000, 0x00000000e1600000, 0x00000000e1600000|100%| O|  |TAMS 0x00000000e1600000, 0x00000000e1500000| Updating 
|  22|0x00000000e1600000, 0x00000000e1700000, 0x00000000e1700000|100%| O|  |TAMS 0x00000000e1700000, 0x00000000e1600000| Updating 
|  23|0x00000000e1700000, 0x00000000e1800000, 0x00000000e1800000|100%|HS|  |TAMS 0x00000000e1800000, 0x00000000e1700000| Complete 
|  24|0x00000000e1800000, 0x00000000e1900000, 0x00000000e1900000|100%| O|  |TAMS 0x00000000e1900000, 0x00000000e1800000| Updating 
|  25|0x00000000e1900000, 0x00000000e1a00000, 0x00000000e1a00000|100%| O|  |TAMS 0x00000000e1a00000, 0x00000000e1900000| Updating 
|  26|0x00000000e1a00000, 0x00000000e1b00000, 0x00000000e1b00000|100%| O|  |TAMS 0x00000000e1b00000, 0x00000000e1a00000| Updating 
|  27|0x00000000e1b00000, 0x00000000e1c00000, 0x00000000e1c00000|100%| O|  |TAMS 0x00000000e1c00000, 0x00000000e1b00000| Updating 
|  28|0x00000000e1c00000, 0x00000000e1d00000, 0x00000000e1d00000|100%| O|  |TAMS 0x00000000e1d00000, 0x00000000e1c00000| Updating 
|  29|0x00000000e1d00000, 0x00000000e1e00000, 0x00000000e1e00000|100%| O|  |TAMS 0x00000000e1e00000, 0x00000000e1d00000| Updating 
|  30|0x00000000e1e00000, 0x00000000e1f00000, 0x00000000e1f00000|100%| O|  |TAMS 0x00000000e1f00000, 0x00000000e1e00000| Updating 
|  31|0x00000000e1f00000, 0x00000000e2000000, 0x00000000e2000000|100%| O|  |TAMS 0x00000000e2000000, 0x00000000e1f00000| Updating 
|  32|0x00000000e2000000, 0x00000000e2100000, 0x00000000e2100000|100%| O|  |TAMS 0x00000000e2100000, 0x00000000e2000000| Updating 
|  33|0x00000000e2100000, 0x00000000e2200000, 0x00000000e2200000|100%| O|  |TAMS 0x00000000e2200000, 0x00000000e2100000| Updating 
|  34|0x00000000e2200000, 0x00000000e2300000, 0x00000000e2300000|100%| O|  |TAMS 0x00000000e2300000, 0x00000000e2200000| Updating 
|  35|0x00000000e2300000, 0x00000000e2400000, 0x00000000e2400000|100%| O|  |TAMS 0x00000000e2400000, 0x00000000e2300000| Updating 
|  36|0x00000000e2400000, 0x00000000e2500000, 0x00000000e2500000|100%| O|  |TAMS 0x00000000e2500000, 0x00000000e2400000| Updating 
|  37|0x00000000e2500000, 0x00000000e2600000, 0x00000000e2600000|100%| O|  |TAMS 0x00000000e2600000, 0x00000000e2500000| Updating 
|  38|0x00000000e2600000, 0x00000000e2700000, 0x00000000e2700000|100%| O|  |TAMS 0x00000000e2700000, 0x00000000e2600000| Updating 
|  39|0x00000000e2700000, 0x00000000e2800000, 0x00000000e2800000|100%| O|  |TAMS 0x00000000e2800000, 0x00000000e2700000| Updating 
|  40|0x00000000e2800000, 0x00000000e2900000, 0x00000000e2900000|100%| O|  |TAMS 0x00000000e2900000, 0x00000000e2800000| Updating 
|  41|0x00000000e2900000, 0x00000000e2a00000, 0x00000000e2a00000|100%| O|  |TAMS 0x00000000e2a00000, 0x00000000e2900000| Updating 
|  42|0x00000000e2a00000, 0x00000000e2b00000, 0x00000000e2b00000|100%| O|  |TAMS 0x00000000e2b00000, 0x00000000e2a00000| Updating 
|  43|0x00000000e2b00000, 0x00000000e2c00000, 0x00000000e2c00000|100%| O|  |TAMS 0x00000000e2c00000, 0x00000000e2b00000| Updating 
|  44|0x00000000e2c00000, 0x00000000e2d00000, 0x00000000e2d00000|100%| O|  |TAMS 0x00000000e2d00000, 0x00000000e2c00000| Updating 
|  45|0x00000000e2d00000, 0x00000000e2e00000, 0x00000000e2e00000|100%| O|  |TAMS 0x00000000e2e00000, 0x00000000e2d00000| Updating 
|  46|0x00000000e2e00000, 0x00000000e2f00000, 0x00000000e2f00000|100%| O|  |TAMS 0x00000000e2f00000, 0x00000000e2e00000| Updating 
|  47|0x00000000e2f00000, 0x00000000e3000000, 0x00000000e3000000|100%| O|  |TAMS 0x00000000e3000000, 0x00000000e2f00000| Updating 
|  48|0x00000000e3000000, 0x00000000e3100000, 0x00000000e3100000|100%| O|  |TAMS 0x00000000e3100000, 0x00000000e3000000| Updating 
|  49|0x00000000e3100000, 0x00000000e3200000, 0x00000000e3200000|100%| O|  |TAMS 0x00000000e3200000, 0x00000000e3100000| Updating 
|  50|0x00000000e3200000, 0x00000000e3300000, 0x00000000e3300000|100%| O|  |TAMS 0x00000000e3300000, 0x00000000e3200000| Updating 
|  51|0x00000000e3300000, 0x00000000e3400000, 0x00000000e3400000|100%| O|  |TAMS 0x00000000e3400000, 0x00000000e3300000| Updating 
|  52|0x00000000e3400000, 0x00000000e3500000, 0x00000000e3500000|100%| O|  |TAMS 0x00000000e3500000, 0x00000000e3400000| Updating 
|  53|0x00000000e3500000, 0x00000000e3600000, 0x00000000e3600000|100%| O|  |TAMS 0x00000000e3600000, 0x00000000e3500000| Updating 
|  54|0x00000000e3600000, 0x00000000e3700000, 0x00000000e3700000|100%| O|  |TAMS 0x00000000e3700000, 0x00000000e3600000| Updating 
|  55|0x00000000e3700000, 0x00000000e3800000, 0x00000000e3800000|100%| O|  |TAMS 0x00000000e3800000, 0x00000000e3700000| Updating 
|  56|0x00000000e3800000, 0x00000000e3900000, 0x00000000e3900000|100%| O|  |TAMS 0x00000000e3900000, 0x00000000e3800000| Updating 
|  57|0x00000000e3900000, 0x00000000e3a00000, 0x00000000e3a00000|100%| O|  |TAMS 0x00000000e3a00000, 0x00000000e3900000| Updating 
|  58|0x00000000e3a00000, 0x00000000e3b00000, 0x00000000e3b00000|100%| O|  |TAMS 0x00000000e3b00000, 0x00000000e3a00000| Updating 
|  59|0x00000000e3b00000, 0x00000000e3c00000, 0x00000000e3c00000|100%| O|  |TAMS 0x00000000e3c00000, 0x00000000e3b00000| Updating 
|  60|0x00000000e3c00000, 0x00000000e3d00000, 0x00000000e3d00000|100%| O|  |TAMS 0x00000000e3d00000, 0x00000000e3c00000| Updating 
|  61|0x00000000e3d00000, 0x00000000e3e00000, 0x00000000e3e00000|100%| O|  |TAMS 0x00000000e3e00000, 0x00000000e3d00000| Updating 
|  62|0x00000000e3e00000, 0x00000000e3f00000, 0x00000000e3f00000|100%| O|  |TAMS 0x00000000e3f00000, 0x00000000e3e00000| Updating 
|  63|0x00000000e3f00000, 0x00000000e4000000, 0x00000000e4000000|100%| O|  |TAMS 0x00000000e3fe9000, 0x00000000e3f00000| Updating 
|  64|0x00000000e4000000, 0x00000000e4100000, 0x00000000e4100000|100%| O|  |TAMS 0x00000000e4000000, 0x00000000e4000000| Untracked 
|  65|0x00000000e4100000, 0x00000000e4200000, 0x00000000e4200000|100%| O|  |TAMS 0x00000000e4100000, 0x00000000e4100000| Untracked 
|  66|0x00000000e4200000, 0x00000000e42e1e00, 0x00000000e4300000| 88%| O|  |TAMS 0x00000000e4200000, 0x00000000e4200000| Untracked 
|  67|0x00000000e4300000, 0x00000000e4300000, 0x00000000e4400000|  0%| F|  |TAMS 0x00000000e4300000, 0x00000000e4300000| Untracked 
|  68|0x00000000e4400000, 0x00000000e4400000, 0x00000000e4500000|  0%| F|  |TAMS 0x00000000e4400000, 0x00000000e4400000| Untracked 
|  69|0x00000000e4500000, 0x00000000e4500000, 0x00000000e4600000|  0%| F|  |TAMS 0x00000000e4500000, 0x00000000e4500000| Untracked 
|  70|0x00000000e4600000, 0x00000000e4600000, 0x00000000e4700000|  0%| F|  |TAMS 0x00000000e4600000, 0x00000000e4600000| Untracked 
|  71|0x00000000e4700000, 0x00000000e4700000, 0x00000000e4800000|  0%| F|  |TAMS 0x00000000e4700000, 0x00000000e4700000| Untracked 
|  72|0x00000000e4800000, 0x00000000e4800000, 0x00000000e4900000|  0%| F|  |TAMS 0x00000000e4800000, 0x00000000e4800000| Untracked 
|  73|0x00000000e4900000, 0x00000000e4900000, 0x00000000e4a00000|  0%| F|  |TAMS 0x00000000e4900000, 0x00000000e4900000| Untracked 
|  74|0x00000000e4a00000, 0x00000000e4a00000, 0x00000000e4b00000|  0%| F|  |TAMS 0x00000000e4a00000, 0x00000000e4a00000| Untracked 
|  75|0x00000000e4b00000, 0x00000000e4b00000, 0x00000000e4c00000|  0%| F|  |TAMS 0x00000000e4b00000, 0x00000000e4b00000| Untracked 
|  76|0x00000000e4c00000, 0x00000000e4c00000, 0x00000000e4d00000|  0%| F|  |TAMS 0x00000000e4c00000, 0x00000000e4c00000| Untracked 
|  77|0x00000000e4d00000, 0x00000000e4d00000, 0x00000000e4e00000|  0%| F|  |TAMS 0x00000000e4d00000, 0x00000000e4d00000| Untracked 
|  78|0x00000000e4e00000, 0x00000000e4e00000, 0x00000000e4f00000|  0%| F|  |TAMS 0x00000000e4e00000, 0x00000000e4e00000| Untracked 
|  79|0x00000000e4f00000, 0x00000000e4f00000, 0x00000000e5000000|  0%| F|  |TAMS 0x00000000e4f00000, 0x00000000e4f00000| Untracked 
|  80|0x00000000e5000000, 0x00000000e5000000, 0x00000000e5100000|  0%| F|  |TAMS 0x00000000e5000000, 0x00000000e5000000| Untracked 
|  81|0x00000000e5100000, 0x00000000e5100000, 0x00000000e5200000|  0%| F|  |TAMS 0x00000000e5100000, 0x00000000e5100000| Untracked 
|  82|0x00000000e5200000, 0x00000000e5200000, 0x00000000e5300000|  0%| F|  |TAMS 0x00000000e5200000, 0x00000000e5200000| Untracked 
|  83|0x00000000e5300000, 0x00000000e5300000, 0x00000000e5400000|  0%| F|  |TAMS 0x00000000e5300000, 0x00000000e5300000| Untracked 
|  84|0x00000000e5400000, 0x00000000e5400000, 0x00000000e5500000|  0%| F|  |TAMS 0x00000000e5400000, 0x00000000e5400000| Untracked 
|  85|0x00000000e5500000, 0x00000000e5600000, 0x00000000e5600000|100%| S|CS|TAMS 0x00000000e5500000, 0x00000000e5500000| Complete 
|  86|0x00000000e5600000, 0x00000000e5700000, 0x00000000e5700000|100%| S|CS|TAMS 0x00000000e5600000, 0x00000000e5600000| Complete 
|  87|0x00000000e5700000, 0x00000000e5800000, 0x00000000e5800000|100%| S|CS|TAMS 0x00000000e5700000, 0x00000000e5700000| Complete 
|  88|0x00000000e5800000, 0x00000000e5800000, 0x00000000e5900000|  0%| F|  |TAMS 0x00000000e5800000, 0x00000000e5800000| Untracked 
|  89|0x00000000e5900000, 0x00000000e5900000, 0x00000000e5a00000|  0%| F|  |TAMS 0x00000000e5900000, 0x00000000e5900000| Untracked 
|  90|0x00000000e5a00000, 0x00000000e5a00000, 0x00000000e5b00000|  0%| F|  |TAMS 0x00000000e5a00000, 0x00000000e5a00000| Untracked 
|  91|0x00000000e5b00000, 0x00000000e5b00000, 0x00000000e5c00000|  0%| F|  |TAMS 0x00000000e5b00000, 0x00000000e5b00000| Untracked 
|  92|0x00000000e5c00000, 0x00000000e5c00000, 0x00000000e5d00000|  0%| F|  |TAMS 0x00000000e5c00000, 0x00000000e5c00000| Untracked 
|  93|0x00000000e5d00000, 0x00000000e5d00000, 0x00000000e5e00000|  0%| F|  |TAMS 0x00000000e5d00000, 0x00000000e5d00000| Untracked 
|  94|0x00000000e5e00000, 0x00000000e5e00000, 0x00000000e5f00000|  0%| F|  |TAMS 0x00000000e5e00000, 0x00000000e5e00000| Untracked 
|  95|0x00000000e5f00000, 0x00000000e5f00000, 0x00000000e6000000|  0%| F|  |TAMS 0x00000000e5f00000, 0x00000000e5f00000| Untracked 
|  96|0x00000000e6000000, 0x00000000e6000000, 0x00000000e6100000|  0%| F|  |TAMS 0x00000000e6000000, 0x00000000e6000000| Untracked 
|  97|0x00000000e6100000, 0x00000000e6100000, 0x00000000e6200000|  0%| F|  |TAMS 0x00000000e6100000, 0x00000000e6100000| Untracked 
|  98|0x00000000e6200000, 0x00000000e6200000, 0x00000000e6300000|  0%| F|  |TAMS 0x00000000e6200000, 0x00000000e6200000| Untracked 
|  99|0x00000000e6300000, 0x00000000e6300000, 0x00000000e6400000|  0%| F|  |TAMS 0x00000000e6300000, 0x00000000e6300000| Untracked 
| 100|0x00000000e6400000, 0x00000000e6400000, 0x00000000e6500000|  0%| F|  |TAMS 0x00000000e6400000, 0x00000000e6400000| Untracked 
| 101|0x00000000e6500000, 0x00000000e6500000, 0x00000000e6600000|  0%| F|  |TAMS 0x00000000e6500000, 0x00000000e6500000| Untracked 
| 102|0x00000000e6600000, 0x00000000e6600000, 0x00000000e6700000|  0%| F|  |TAMS 0x00000000e6600000, 0x00000000e6600000| Untracked 
| 103|0x00000000e6700000, 0x00000000e6700000, 0x00000000e6800000|  0%| F|  |TAMS 0x00000000e6700000, 0x00000000e6700000| Untracked 
| 104|0x00000000e6800000, 0x00000000e6800000, 0x00000000e6900000|  0%| F|  |TAMS 0x00000000e6800000, 0x00000000e6800000| Untracked 
| 105|0x00000000e6900000, 0x00000000e6900000, 0x00000000e6a00000|  0%| F|  |TAMS 0x00000000e6900000, 0x00000000e6900000| Untracked 
| 106|0x00000000e6a00000, 0x00000000e6a00000, 0x00000000e6b00000|  0%| F|  |TAMS 0x00000000e6a00000, 0x00000000e6a00000| Untracked 
| 107|0x00000000e6b00000, 0x00000000e6b00000, 0x00000000e6c00000|  0%| F|  |TAMS 0x00000000e6b00000, 0x00000000e6b00000| Untracked 

Card table byte_map: [0x000001e0ff920000,0x000001e0ffa20000] _byte_map_base: 0x000001e0ff220000

Marking Bits (Prev, Next): (CMBitMap*) 0x000001e0ea8e2d08, (CMBitMap*) 0x000001e0ea8e2d40
 Prev Bits: [0x000001e080000000, 0x000001e080800000)
 Next Bits: [0x000001e080800000, 0x000001e081000000)

Polling page: 0x000001e0ea920000

Metaspace:

Usage:
  Non-class:     19.08 MB capacity,    18.94 MB (>99%) used,    98.13 KB ( <1%) free+waste,    37.63 KB ( <1%) overhead. 
      Class:      2.30 MB capacity,     2.16 MB ( 94%) used,   127.69 KB (  5%) free+waste,    15.69 KB ( <1%) overhead. 
       Both:     21.37 MB capacity,    21.10 MB ( 99%) used,   225.82 KB (  1%) free+waste,    53.31 KB ( <1%) overhead. 

Virtual space:
  Non-class space:       20.00 MB reserved,      19.25 MB ( 96%) committed 
      Class space:        1.00 GB reserved,       2.38 MB ( <1%) committed 
             Both:        1.02 GB reserved,      21.63 MB (  2%) committed 

Chunk freelists:
   Non-Class:  49.00 KB
       Class:  17.00 KB
        Both:  66.00 KB

MaxMetaspaceSize: 17179869184.00 GB
CompressedClassSpaceSize: 1.00 GB
Initial GC threshold: 20.80 MB
Current GC threshold: 36.04 MB
CDS: off

CodeHeap 'non-profiled nmethods': size=120000Kb used=2132Kb max_used=2132Kb free=117867Kb
 bounds [0x000001e0f7880000, 0x000001e0f7af0000, 0x000001e0fedb0000]
CodeHeap 'profiled nmethods': size=120000Kb used=5992Kb max_used=5992Kb free=114007Kb
 bounds [0x000001e0f0350000, 0x000001e0f0930000, 0x000001e0f7880000]
CodeHeap 'non-nmethods': size=5760Kb used=1217Kb max_used=1301Kb free=4542Kb
 bounds [0x000001e0efdb0000, 0x000001e0f0020000, 0x000001e0f0350000]
 total_blobs=3234 nmethods=2751 adapters=395
 compilation: enabled
              stopped_count=0, restarted_count=0
 full_count=0

Compilation events (20 events):
Event: 5.638 Thread 0x000001e083e56000 2777       3       java.lang.StringUTF16::putCharsSB (21 bytes)
Event: 5.638 Thread 0x000001e083e56000 nmethod 2777 0x000001e0f0928210 code [0x000001e0f09283e0, 0x000001e0f0928618]
Event: 5.641 Thread 0x000001e08554d000 nmethod 2770 0x000001e0f7a8ba10 code [0x000001e0f7a8bda0, 0x000001e0f7a8ea40]
Event: 5.641 Thread 0x000001e08554d000 2775   !   4       com.optimaize.langdetect.profiles.OldLangProfileConverter::convert (103 bytes)
Event: 5.660 Thread 0x000001e083e51800 nmethod 2759 0x000001e0f7a90910 code [0x000001e0f7a90ce0, 0x000001e0f7a93198]
Event: 5.660 Thread 0x000001e083e51800 2768       4       java.util.regex.Matcher::reset (128 bytes)
Event: 5.667 Thread 0x000001e083e51800 nmethod 2768 0x000001e0f7a94790 code [0x000001e0f7a94960, 0x000001e0f7a94bd8]
Event: 5.667 Thread 0x000001e083e51800 2776       4       java.util.AbstractCollection::<init> (5 bytes)
Event: 5.668 Thread 0x000001e083e51800 nmethod 2776 0x000001e0f7a94d90 code [0x000001e0f7a94f20, 0x000001e0f7a94f78]
Event: 5.668 Thread 0x000001e083e51800 2754       4       com.optimaize.langdetect.profiles.LanguageProfileBuilder::addGram (97 bytes)
Event: 5.692 Thread 0x000001e083e56000 2779       3       com.google.common.collect.AbstractIndexedListIterator::hasNext (17 bytes)
Event: 5.692 Thread 0x000001e083e56000 nmethod 2779 0x000001e0f0928790 code [0x000001e0f0928940, 0x000001e0f0928a98]
Event: 5.699 Thread 0x000001e083e56000 2780       1       com.optimaize.langdetect.profiles.LanguageProfileImpl::getLocale (5 bytes)
Event: 5.699 Thread 0x000001e083e56000 nmethod 2780 0x000001e0f7a95090 code [0x000001e0f7a95240, 0x000001e0f7a952f8]
Event: 5.700 Thread 0x000001e083e56000 2781       3       com.google.common.collect.ImmutableMap::keySet (5 bytes)
Event: 5.700 Thread 0x000001e083e56000 nmethod 2781 0x000001e0f0928b10 code [0x000001e0f0928ce0, 0x000001e0f0929028]
Event: 5.700 Thread 0x000001e083e56000 2782       3       com.google.common.collect.ImmutableMap::keySet (23 bytes)
Event: 5.701 Thread 0x000001e083e56000 nmethod 2782 0x000001e0f0929110 code [0x000001e0f09292e0, 0x000001e0f0929548]
Event: 5.701 Thread 0x000001e083e56000 2783       3       com.google.common.collect.IndexedImmutableSet::copyIntoArray (10 bytes)
Event: 5.701 Thread 0x000001e083e56000 nmethod 2783 0x000001e0f0929610 code [0x000001e0f0929820, 0x000001e0f0929f28]

GC Heap History (20 events):
Event: 4.526 GC heap after
{Heap after GC invocations=9 (full 0):
 garbage-first heap   total 84992K, used 36486K [0x00000000e0000000, 0x0000000100000000)
  region size 1024K, 3 young (3072K), 3 survivors (3072K)
 Metaspace       used 20843K, capacity 21137K, committed 21248K, reserved 1069056K
  class space    used 2101K, capacity 2251K, committed 2304K, reserved 1048576K
}
Event: 4.821 GC heap before
{Heap before GC invocations=10 (full 0):
 garbage-first heap   total 84992K, used 61062K [0x00000000e0000000, 0x0000000100000000)
  region size 1024K, 28 young (28672K), 3 survivors (3072K)
 Metaspace       used 21306K, capacity 21662K, committed 21888K, reserved 1069056K
  class space    used 2173K, capacity 2319K, committed 2432K, reserved 1048576K
}
Event: 4.832 GC heap after
{Heap after GC invocations=11 (full 0):
 garbage-first heap   total 84992K, used 39936K [0x00000000e0000000, 0x0000000100000000)
  region size 1024K, 4 young (4096K), 4 survivors (4096K)
 Metaspace       used 21306K, capacity 21662K, committed 21888K, reserved 1069056K
  class space    used 2173K, capacity 2319K, committed 2432K, reserved 1048576K
}
Event: 4.838 GC heap before
{Heap before GC invocations=11 (full 0):
 garbage-first heap   total 84992K, used 39936K [0x00000000e0000000, 0x0000000100000000)
  region size 1024K, 5 young (5120K), 4 survivors (4096K)
 Metaspace       used 21307K, capacity 21662K, committed 21888K, reserved 1069056K
  class space    used 2173K, capacity 2319K, committed 2432K, reserved 1048576K
}
Event: 4.847 GC heap after
{Heap after GC invocations=12 (full 0):
 garbage-first heap   total 84992K, used 40654K [0x00000000e0000000, 0x0000000100000000)
  region size 1024K, 1 young (1024K), 1 survivors (1024K)
 Metaspace       used 21307K, capacity 21662K, committed 21888K, reserved 1069056K
  class space    used 2173K, capacity 2319K, committed 2432K, reserved 1048576K
}
Event: 4.970 GC heap before
{Heap before GC invocations=12 (full 0):
 garbage-first heap   total 84992K, used 63182K [0x00000000e0000000, 0x0000000100000000)
  region size 1024K, 24 young (24576K), 1 survivors (1024K)
 Metaspace       used 21332K, capacity 21662K, committed 21888K, reserved 1069056K
  class space    used 2173K, capacity 2319K, committed 2432K, reserved 1048576K
}
Event: 4.981 GC heap after
{Heap after GC invocations=13 (full 0):
 garbage-first heap   total 84992K, used 43380K [0x00000000e0000000, 0x0000000100000000)
  region size 1024K, 3 young (3072K), 3 survivors (3072K)
 Metaspace       used 21332K, capacity 21662K, committed 21888K, reserved 1069056K
  class space    used 2173K, capacity 2319K, committed 2432K, reserved 1048576K
}
Event: 5.090 GC heap before
{Heap before GC invocations=14 (full 0):
 garbage-first heap   total 84992K, used 63860K [0x00000000e0000000, 0x0000000100000000)
  region size 1024K, 24 young (24576K), 3 survivors (3072K)
 Metaspace       used 21340K, capacity 21662K, committed 21888K, reserved 1069056K
  class space    used 2173K, capacity 2319K, committed 2432K, reserved 1048576K
}
Event: 5.102 GC heap after
{Heap after GC invocations=15 (full 0):
 garbage-first heap   total 84992K, used 46642K [0x00000000e0000000, 0x0000000100000000)
  region size 1024K, 3 young (3072K), 3 survivors (3072K)
 Metaspace       used 21340K, capacity 21662K, committed 21888K, reserved 1069056K
  class space    used 2173K, capacity 2319K, committed 2432K, reserved 1048576K
}
Event: 5.104 GC heap before
{Heap before GC invocations=15 (full 0):
 garbage-first heap   total 84992K, used 47666K [0x00000000e0000000, 0x0000000100000000)
  region size 1024K, 4 young (4096K), 3 survivors (3072K)
 Metaspace       used 21340K, capacity 21662K, committed 21888K, reserved 1069056K
  class space    used 2173K, capacity 2319K, committed 2432K, reserved 1048576K
}
Event: 5.112 GC heap after
{Heap after GC invocations=16 (full 0):
 garbage-first heap   total 84992K, used 46405K [0x00000000e0000000, 0x0000000100000000)
  region size 1024K, 1 young (1024K), 1 survivors (1024K)
 Metaspace       used 21340K, capacity 21662K, committed 21888K, reserved 1069056K
  class space    used 2173K, capacity 2319K, committed 2432K, reserved 1048576K
}
Event: 5.331 GC heap before
{Heap before GC invocations=16 (full 0):
 garbage-first heap   total 84992K, used 64837K [0x00000000e0000000, 0x0000000100000000)
  region size 1024K, 20 young (20480K), 1 survivors (1024K)
 Metaspace       used 21587K, capacity 21886K, committed 22144K, reserved 1069056K
  class space    used 2207K, capacity 2351K, committed 2432K, reserved 1048576K
}
Event: 5.348 GC heap after
{Heap after GC invocations=17 (full 0):
 garbage-first heap   total 110592K, used 60416K [0x00000000e0000000, 0x0000000100000000)
  region size 1024K, 3 young (3072K), 3 survivors (3072K)
 Metaspace       used 21587K, capacity 21886K, committed 22144K, reserved 1069056K
  class space    used 2207K, capacity 2351K, committed 2432K, reserved 1048576K
}
Event: 5.420 GC heap before
{Heap before GC invocations=17 (full 0):
 garbage-first heap   total 110592K, used 77824K [0x00000000e0000000, 0x0000000100000000)
  region size 1024K, 21 young (21504K), 3 survivors (3072K)
 Metaspace       used 21591K, capacity 21886K, committed 22144K, reserved 1069056K
  class space    used 2207K, capacity 2351K, committed 2432K, reserved 1048576K
}
Event: 5.432 GC heap after
{Heap after GC invocations=18 (full 0):
 garbage-first heap   total 110592K, used 62824K [0x00000000e0000000, 0x0000000100000000)
  region size 1024K, 3 young (3072K), 3 survivors (3072K)
 Metaspace       used 21591K, capacity 21886K, committed 22144K, reserved 1069056K
  class space    used 2207K, capacity 2351K, committed 2432K, reserved 1048576K
}
Event: 5.513 GC heap before
{Heap before GC invocations=19 (full 0):
 garbage-first heap   total 110592K, used 80232K [0x00000000e0000000, 0x0000000100000000)
  region size 1024K, 21 young (21504K), 3 survivors (3072K)
 Metaspace       used 21602K, capacity 21886K, committed 22144K, reserved 1069056K
  class space    used 2207K, capacity 2351K, committed 2432K, reserved 1048576K
}
Event: 5.525 GC heap after
{Heap after GC invocations=20 (full 0):
 garbage-first heap   total 110592K, used 66322K [0x00000000e0000000, 0x0000000100000000)
  region size 1024K, 3 young (3072K), 3 survivors (3072K)
 Metaspace       used 21602K, capacity 21886K, committed 22144K, reserved 1069056K
  class space    used 2207K, capacity 2351K, committed 2432K, reserved 1048576K
}
Event: 5.600 GC heap before
{Heap before GC invocations=20 (full 0):
 garbage-first heap   total 110592K, used 82706K [0x00000000e0000000, 0x0000000100000000)
  region size 1024K, 20 young (20480K), 3 survivors (3072K)
 Metaspace       used 21602K, capacity 21886K, committed 22144K, reserved 1069056K
  class space    used 2207K, capacity 2351K, committed 2432K, reserved 1048576K
}
Event: 5.609 GC heap after
{Heap after GC invocations=21 (full 0):
 garbage-first heap   total 110592K, used 68516K [0x00000000e0000000, 0x0000000100000000)
  region size 1024K, 3 young (3072K), 3 survivors (3072K)
 Metaspace       used 21602K, capacity 21886K, committed 22144K, reserved 1069056K
  class space    used 2207K, capacity 2351K, committed 2432K, reserved 1048576K
}
Event: 5.703 GC heap before
{Heap before GC invocations=21 (full 0):
 garbage-first heap   total 110592K, used 85924K [0x00000000e0000000, 0x0000000100000000)
  region size 1024K, 20 young (20480K), 3 survivors (3072K)
 Metaspace       used 21606K, capacity 21886K, committed 22144K, reserved 1069056K
  class space    used 2207K, capacity 2351K, committed 2432K, reserved 1048576K
}

Deoptimization events (20 events):
Event: 5.576 Thread 0x000001e0ea8b7800 DEOPT PACKING pc=0x000001e0f08f14ed sp=0x000000a26f8fe6a0
Event: 5.576 Thread 0x000001e0ea8b7800 DEOPT UNPACKING pc=0x000001e0efdfa95e sp=0x000000a26f8fdc70 mode 0
Event: 5.583 Thread 0x000001e0ea8b7800 DEOPT PACKING pc=0x000001e0f08f3e61 sp=0x000000a26f8fe790
Event: 5.583 Thread 0x000001e0ea8b7800 DEOPT UNPACKING pc=0x000001e0efdfa95e sp=0x000000a26f8fdca8 mode 0
Event: 5.584 Thread 0x000001e0ea8b7800 DEOPT PACKING pc=0x000001e0f08f705f sp=0x000000a26f8fe580
Event: 5.585 Thread 0x000001e0ea8b7800 DEOPT UNPACKING pc=0x000001e0efdfa95e sp=0x000000a26f8fdac0 mode 0
Event: 5.616 Thread 0x000001e0ea8b7800 DEOPT PACKING pc=0x000001e0f08f14ed sp=0x000000a26f8fe6a0
Event: 5.616 Thread 0x000001e0ea8b7800 DEOPT UNPACKING pc=0x000001e0efdfa95e sp=0x000000a26f8fdc70 mode 0
Event: 5.620 Thread 0x000001e0ea8b7800 DEOPT PACKING pc=0x000001e0f08f3e61 sp=0x000000a26f8fe790
Event: 5.620 Thread 0x000001e0ea8b7800 DEOPT UNPACKING pc=0x000001e0efdfa95e sp=0x000000a26f8fdca8 mode 0
Event: 5.622 Thread 0x000001e0ea8b7800 DEOPT PACKING pc=0x000001e0f08f705f sp=0x000000a26f8fe580
Event: 5.622 Thread 0x000001e0ea8b7800 DEOPT UNPACKING pc=0x000001e0efdfa95e sp=0x000000a26f8fdac0 mode 0
Event: 5.640 Thread 0x000001e0ea8b7800 DEOPT PACKING pc=0x000001e0f08f14ed sp=0x000000a26f8fe6a0
Event: 5.640 Thread 0x000001e0ea8b7800 DEOPT UNPACKING pc=0x000001e0efdfa95e sp=0x000000a26f8fdc70 mode 0
Event: 5.643 Thread 0x000001e0ea8b7800 DEOPT PACKING pc=0x000001e0f08f3e61 sp=0x000000a26f8fe790
Event: 5.643 Thread 0x000001e0ea8b7800 DEOPT UNPACKING pc=0x000001e0efdfa95e sp=0x000000a26f8fdca8 mode 0
Event: 5.685 Thread 0x000001e0ea8b7800 DEOPT PACKING pc=0x000001e0f08f14ed sp=0x000000a26f8fe7c0
Event: 5.685 Thread 0x000001e0ea8b7800 DEOPT UNPACKING pc=0x000001e0efdfa95e sp=0x000000a26f8fdd90 mode 0
Event: 5.688 Thread 0x000001e0ea8b7800 DEOPT PACKING pc=0x000001e0f08f3e61 sp=0x000000a26f8fe8c0
Event: 5.688 Thread 0x000001e0ea8b7800 DEOPT UNPACKING pc=0x000001e0efdfa95e sp=0x000000a26f8fddd8 mode 0

Classes redefined (0 events):
No events

Internal exceptions (20 events):
Event: 0.368 Thread 0x000001e0ea8b7800 Exception <a 'java/lang/NullPointerException'{0x00000000e3ac1338}> (0x00000000e3ac1338) thrown at [./src/hotspot/share/interpreter/linkResolver.cpp, line 1358]
Event: 0.410 Thread 0x000001e0ea8b7800 Exception <a 'java/lang/NoSuchMethodError'{0x00000000e3905cb0}: 'int java.lang.invoke.DirectMethodHandle$Holder.invokeSpecialIFC(java.lang.Object, java.lang.Object, int)'> (0x00000000e3905cb0) thrown at [./src/hotspot/share/interpreter/linkResolver.cpp, line 773]
Event: 0.571 Thread 0x000001e0ea8b7800 Exception <a 'java/lang/NullPointerException'{0x00000000e39b9458}> (0x00000000e39b9458) thrown at [./src/hotspot/share/interpreter/linkResolver.cpp, line 1358]
Event: 0.571 Thread 0x000001e0ea8b7800 Exception <a 'java/lang/NullPointerException'{0x00000000e39b9728}> (0x00000000e39b9728) thrown at [./src/hotspot/share/interpreter/linkResolver.cpp, line 1358]
Event: 0.571 Thread 0x000001e0ea8b7800 Exception <a 'java/lang/NullPointerException'{0x00000000e39b99f8}> (0x00000000e39b99f8) thrown at [./src/hotspot/share/interpreter/linkResolver.cpp, line 1358]
Event: 0.572 Thread 0x000001e0ea8b7800 Exception <a 'java/lang/NullPointerException'{0x00000000e39c2738}> (0x00000000e39c2738) thrown at [./src/hotspot/share/interpreter/linkResolver.cpp, line 1358]
Event: 0.574 Thread 0x000001e0ea8b7800 Exception <a 'java/lang/NullPointerException'{0x00000000e39dbcf0}> (0x00000000e39dbcf0) thrown at [./src/hotspot/share/interpreter/linkResolver.cpp, line 1358]
Event: 0.574 Thread 0x000001e0ea8b7800 Exception <a 'java/lang/NullPointerException'{0x00000000e39dbfc0}> (0x00000000e39dbfc0) thrown at [./src/hotspot/share/interpreter/linkResolver.cpp, line 1358]
Event: 0.574 Thread 0x000001e0ea8b7800 Exception <a 'java/lang/NullPointerException'{0x00000000e39dc290}> (0x00000000e39dc290) thrown at [./src/hotspot/share/interpreter/linkResolver.cpp, line 1358]
Event: 0.574 Thread 0x000001e0ea8b7800 Exception <a 'java/lang/NullPointerException'{0x00000000e39dc560}> (0x00000000e39dc560) thrown at [./src/hotspot/share/interpreter/linkResolver.cpp, line 1358]
Event: 1.440 Thread 0x000001e0ea8b7800 Exception <a 'java/lang/NoClassDefFoundError'{0x00000000e3cafa70}: org/apache/log4j/Priority> (0x00000000e3cafa70) thrown at [./src/hotspot/share/classfile/systemDictionary.cpp, line 220]
Event: 1.491 Thread 0x000001e0ea8b7800 Exception <a 'java/lang/NoSuchMethodError'{0x00000000e3b55070}: 'java.lang.Object java.lang.invoke.DirectMethodHandle$Holder.invokeStatic(java.lang.Object, java.lang.Object, java.lang.Object, java.lang.Object, java.lang.Object, java.lang.Object, java.lang.Object, java.lang.Object, java.lang.Object, java.lang.Object, java.lang.Object, java.lang.Object, java.lang.Object, java.lang.Object, java.lang.Object)'> (0x00000000e3b55070) thrown at [./src/hotspot/share/interpreter/linkResolver.cpp, line 773]
Event: 1.493 Thread 0x000001e0ea8b7800 Exception <a 'java/lang/NoSuchMethodError'{0x00000000e3b62e08}: 'java.lang.Object java.lang.invoke.DirectMethodHandle$Holder.invokeStatic(java.lang.Object, java.lang.Object, java.lang.Object, java.lang.Object, java.lang.Object, java.lang.Object, java.lang.Object, java.lang.Object, java.lang.Object, java.lang.Object, java.lang.Object, java.lang.Object, java.lang.Object, java.lang.Object, java.lang.Object, java.lang.Object)'> (0x00000000e3b62e08) thrown at [./src/hotspot/share/interpreter/linkResolver.cpp, l
Event: 1.495 Thread 0x000001e0ea8b7800 Exception <a 'java/lang/NoSuchMethodError'{0x00000000e3b70a78}: 'java.lang.Object java.lang.invoke.DirectMethodHandle$Holder.invokeSpecial(java.lang.Object, java.lang.Object, int, int, java.lang.Object, java.lang.Object, java.lang.Object)'> (0x00000000e3b70a78) thrown at [./src/hotspot/share/interpreter/linkResolver.cpp, line 773]
Event: 1.495 Thread 0x000001e0ea8b7800 Exception <a 'java/lang/NoSuchMethodError'{0x00000000e3b74008}: 'java.lang.Object java.lang.invoke.DelegatingMethodHandle$Holder.reinvoke_L(java.lang.Object, int, int, java.lang.Object, java.lang.Object, java.lang.Object)'> (0x00000000e3b74008) thrown at [./src/hotspot/share/interpreter/linkResolver.cpp, line 773]
Event: 1.496 Thread 0x000001e0ea8b7800 Exception <a 'java/lang/NoSuchMethodError'{0x00000000e3b78390}: 'java.lang.Object java.lang.invoke.DirectMethodHandle$Holder.invokeStatic(java.lang.Object, java.lang.Object, java.lang.Object, java.lang.Object, int)'> (0x00000000e3b78390) thrown at [./src/hotspot/share/interpreter/linkResolver.cpp, line 773]
Event: 1.635 Thread 0x000001e0ea8b7800 Exception <a 'java/lang/ClassNotFoundException'{0x00000000e3af3a98}: com/sun/org/apache/xerces/internal/impl/xpath/regex/spi/messageProvider> (0x00000000e3af3a98) thrown at [./src/hotspot/share/classfile/systemDictionary.cpp, line 231]
Event: 2.286 Thread 0x000001e0ea8b7800 Exception <a 'java/lang/NoSuchMethodError'{0x00000000e2b66910}: 'java.lang.Object java.lang.invoke.DirectMethodHandle$Holder.invokeVirtual(java.lang.Object, java.lang.Object, java.lang.Object, java.lang.Object)'> (0x00000000e2b66910) thrown at [./src/hotspot/share/interpreter/linkResolver.cpp, line 773]
Event: 2.690 Thread 0x000001e0ea8b7800 Exception <a 'java/lang/NoSuchMethodError'{0x00000000e37d7e58}: 'int java.lang.invoke.DirectMethodHandle$Holder.invokeVirtual(java.lang.Object, java.lang.Object, java.lang.Object)'> (0x00000000e37d7e58) thrown at [./src/hotspot/share/interpreter/linkResolver.cpp, line 773]
Event: 2.691 Thread 0x000001e0ea8b7800 Exception <a 'java/lang/NoSuchMethodError'{0x00000000e37dddc0}: 'java.lang.Object java.lang.invoke.DirectMethodHandle$Holder.invokeVirtual(java.lang.Object, java.lang.Object, java.lang.Object)'> (0x00000000e37dddc0) thrown at [./src/hotspot/share/interpreter/linkResolver.cpp, line 773]

Events (20 events):
Event: 5.302 loading class org/bsplines/ltexls/server/CodeActionProvider$Companion done
Event: 5.303 loading class org/bsplines/ltexls/server/CompletionListProvider
Event: 5.303 loading class org/bsplines/ltexls/server/CompletionListProvider done
Event: 5.304 loading class org/bsplines/ltexls/server/CompletionListProvider$Companion
Event: 5.304 loading class org/bsplines/ltexls/server/CompletionListProvider$Companion done
Event: 5.331 Executing VM operation: G1CollectForAllocation
Event: 5.348 Executing VM operation: G1CollectForAllocation done
Event: 5.412 Executing VM operation: CGC_Operation
Event: 5.419 Executing VM operation: CGC_Operation done
Event: 5.419 Executing VM operation: G1CollectForAllocation
Event: 5.432 Executing VM operation: G1CollectForAllocation done
Event: 5.467 Executing VM operation: CGC_Operation
Event: 5.467 Executing VM operation: CGC_Operation done
Event: 5.513 Executing VM operation: G1CollectForAllocation
Event: 5.525 Executing VM operation: G1CollectForAllocation done
Event: 5.599 Executing VM operation: G1CollectForAllocation
Event: 5.609 Executing VM operation: G1CollectForAllocation done
Event: 5.671 Executing VM operation: CGC_Operation
Event: 5.682 Executing VM operation: CGC_Operation done
Event: 5.702 Executing VM operation: G1CollectForAllocation


Dynamic libraries:
0x00007ff615af0000 - 0x00007ff615afd000 	d:\estragio\.vscode\extensions\valentjn.vscode-ltex-13.1.0\lib\ltex-ls-15.2.0\jdk-11.0.12+7\bin\java.exe
0x00007ffa084a0000 - 0x00007ffa08690000 	C:\windows\SYSTEM32\ntdll.dll
0x00007ffa082d0000 - 0x00007ffa08382000 	C:\windows\System32\KERNEL32.DLL
0x00007ffa05870000 - 0x00007ffa05b15000 	C:\windows\System32\KERNELBASE.dll
0x00007ffa055e0000 - 0x00007ffa056da000 	C:\windows\System32\ucrtbase.dll
0x00007ff9a2d80000 - 0x00007ff9a2d95000 	d:\estragio\.vscode\extensions\valentjn.vscode-ltex-13.1.0\lib\ltex-ls-15.2.0\jdk-11.0.12+7\bin\VCRUNTIME140.dll
0x00007ff9a2da0000 - 0x00007ff9a2db7000 	d:\estragio\.vscode\extensions\valentjn.vscode-ltex-13.1.0\lib\ltex-ls-15.2.0\jdk-11.0.12+7\bin\jli.dll
0x00007ffa07390000 - 0x00007ffa07524000 	C:\windows\System32\USER32.dll
0x00007ff9eada0000 - 0x00007ff9eb024000 	C:\windows\WinSxS\amd64_microsoft.windows.common-controls_6595b64144ccf1df_6.0.18362.1556_none_9e7e372fe45e41d5\COMCTL32.dll
0x00007ffa055b0000 - 0x00007ffa055d1000 	C:\windows\System32\win32u.dll
0x00007ffa07830000 - 0x00007ffa078ce000 	C:\windows\System32\msvcrt.dll
0x00007ffa07800000 - 0x00007ffa07826000 	C:\windows\System32\GDI32.dll
0x00007ffa078d0000 - 0x00007ffa07c06000 	C:\windows\System32\combase.dll
0x00007ffa05410000 - 0x00007ffa055a8000 	C:\windows\System32\gdi32full.dll
0x00007ffa07fe0000 - 0x00007ffa080ff000 	C:\windows\System32\RPCRT4.dll
0x00007ffa056e0000 - 0x00007ffa0577e000 	C:\windows\System32\msvcp_win.dll
0x00007ffa05780000 - 0x00007ffa05801000 	C:\windows\System32\bcryptPrimitives.dll
0x00007ffa081b0000 - 0x00007ffa081de000 	C:\windows\System32\IMM32.DLL
0x00007ff9eff60000 - 0x00007ff9f0004000 	C:\Program Files\McAfee\Endpoint Security\Threat Prevention\Ips\EpMPApi.dll
0x00007ffa07c10000 - 0x00007ffa07cb3000 	C:\windows\System32\ADVAPI32.dll
0x00007ffa07590000 - 0x00007ffa07627000 	C:\windows\System32\sechost.dll
0x00007ffa05810000 - 0x00007ffa0586c000 	C:\windows\System32\WINTRUST.dll
0x00007ffa053f0000 - 0x00007ffa05402000 	C:\windows\System32\MSASN1.dll
0x00007ffa063f0000 - 0x00007ffa06541000 	C:\windows\System32\CRYPT32.dll
0x000000006a3a0000 - 0x000000006a3ac000 	C:\Program Files\McAfee\Endpoint Security\Threat Prevention\Ips\EpMPThe.dll
0x00007ff9efad0000 - 0x00007ff9efb2b000 	C:\Program Files\McAfee\Endpoint Security\Threat Prevention\Ips\HIPHandlers64.dll
0x00007ffa06790000 - 0x00007ffa06e77000 	C:\windows\System32\SHELL32.dll
0x00007ffa06380000 - 0x00007ffa063ca000 	C:\windows\System32\cfgmgr32.dll
0x00007ffa07f30000 - 0x00007ffa07fd8000 	C:\windows\System32\shcore.dll
0x00007ffa05bd0000 - 0x00007ffa0634b000 	C:\windows\System32\windows.storage.dll
0x00007ffa05360000 - 0x00007ffa0537e000 	C:\windows\System32\profapi.dll
0x00007ffa053a0000 - 0x00007ffa053ea000 	C:\windows\System32\powrprof.dll
0x00007ffa05350000 - 0x00007ffa05360000 	C:\windows\System32\UMPDC.dll
0x00007ffa08270000 - 0x00007ffa082c2000 	C:\windows\System32\shlwapi.dll
0x00007ffa05380000 - 0x00007ffa05391000 	C:\windows\System32\kernel.appcore.dll
0x00007ffa063d0000 - 0x00007ffa063e7000 	C:\windows\System32\cryptsp.dll
0x00007ffa003c0000 - 0x00007ffa005b4000 	C:\windows\SYSTEM32\dbghelp.dll
0x00007ff9a2ce0000 - 0x00007ff9a2d7b000 	d:\estragio\.vscode\extensions\valentjn.vscode-ltex-13.1.0\lib\ltex-ls-15.2.0\jdk-11.0.12+7\bin\msvcp140.dll
0x00007ff99fae0000 - 0x00007ff9a0639000 	d:\estragio\.vscode\extensions\valentjn.vscode-ltex-13.1.0\lib\ltex-ls-15.2.0\jdk-11.0.12+7\bin\server\jvm.dll
0x00007ffa077f0000 - 0x00007ffa077f8000 	C:\windows\System32\PSAPI.DLL
0x00007ff9fc0c0000 - 0x00007ff9fc0e4000 	C:\windows\SYSTEM32\WINMM.dll
0x00007ff9e5950000 - 0x00007ff9e5959000 	C:\windows\SYSTEM32\WSOCK32.dll
0x00007ff9fb740000 - 0x00007ff9fb74a000 	C:\windows\SYSTEM32\VERSION.dll
0x00007ffa066b0000 - 0x00007ffa0671f000 	C:\windows\System32\WS2_32.dll
0x00007ff9fc090000 - 0x00007ff9fc0bd000 	C:\windows\SYSTEM32\WINMMBASE.dll
0x00007ff9a2dd0000 - 0x00007ff9a2de0000 	d:\estragio\.vscode\extensions\valentjn.vscode-ltex-13.1.0\lib\ltex-ls-15.2.0\jdk-11.0.12+7\bin\verify.dll
0x00007ff9ee840000 - 0x00007ff9ee86a000 	C:\windows\SYSTEM32\dbgcore.DLL
0x00007ff9a2a20000 - 0x00007ff9a2a48000 	d:\estragio\.vscode\extensions\valentjn.vscode-ltex-13.1.0\lib\ltex-ls-15.2.0\jdk-11.0.12+7\bin\java.dll
0x00007ff9a2dc0000 - 0x00007ff9a2dca000 	d:\estragio\.vscode\extensions\valentjn.vscode-ltex-13.1.0\lib\ltex-ls-15.2.0\jdk-11.0.12+7\bin\jimage.dll
0x00007ff9a29e0000 - 0x00007ff9a29f7000 	d:\estragio\.vscode\extensions\valentjn.vscode-ltex-13.1.0\lib\ltex-ls-15.2.0\jdk-11.0.12+7\bin\zip.dll
0x00007ff9a29c0000 - 0x00007ff9a29d9000 	D:\estragio\.vscode\extensions\valentjn.vscode-ltex-13.1.0\lib\ltex-ls-15.2.0\jdk-11.0.12+7\bin\net.dll
0x00007ff9f6ec0000 - 0x00007ff9f6fba000 	C:\windows\SYSTEM32\WINHTTP.dll
0x00007ffa04b90000 - 0x00007ffa04bf7000 	C:\windows\system32\mswsock.dll
0x00007ff9a29a0000 - 0x00007ff9a29b2000 	D:\estragio\.vscode\extensions\valentjn.vscode-ltex-13.1.0\lib\ltex-ls-15.2.0\jdk-11.0.12+7\bin\nio.dll
0x0000000069ac0000 - 0x0000000069ae4000 	D:\estragio\AppData\Local\Temp\jansi-2.4.0-17a59287543eca40-jansi.dll

dbghelp: loaded successfully - version: 4.0.5 - missing functions: none
symbol engine: initialized successfully - sym options: 0x614 - pdb path: .;d:\estragio\.vscode\extensions\valentjn.vscode-ltex-13.1.0\lib\ltex-ls-15.2.0\jdk-11.0.12+7\bin;C:\windows\SYSTEM32;C:\windows\WinSxS\amd64_microsoft.windows.common-controls_6595b64144ccf1df_6.0.18362.1556_none_9e7e372fe45e41d5;C:\Program Files\McAfee\Endpoint Security\Threat Prevention\Ips;d:\estragio\.vscode\extensions\valentjn.vscode-ltex-13.1.0\lib\ltex-ls-15.2.0\jdk-11.0.12+7\bin\server;D:\estragio\AppData\Local\Temp

VM Arguments:
jvm_args: -Xms64m -Xmx512m -Dapp.name=ltex-ls -Dapp.repo=d:\estragio\.vscode\extensions\valentjn.vscode-ltex-13.1.0\lib\ltex-ls-15.2.0\lib -Dapp.home=d:\estragio\.vscode\extensions\valentjn.vscode-ltex-13.1.0\lib\ltex-ls-15.2.0 -Dbasedir=d:\estragio\.vscode\extensions\valentjn.vscode-ltex-13.1.0\lib\ltex-ls-15.2.0 
java_command: org.bsplines.ltexls.LtexLanguageServerLauncher
java_class_path (initial): d:\estragio\.vscode\extensions\valentjn.vscode-ltex-13.1.0\lib\ltex-ls-15.2.0\etc;d:\estragio\.vscode\extensions\valentjn.vscode-ltex-13.1.0\lib\ltex-ls-15.2.0\lib\aho-corasick-double-array-trie-1.2.2.jar;d:\estragio\.vscode\extensions\valentjn.vscode-ltex-13.1.0\lib\ltex-ls-15.2.0\lib\animal-sniffer-annotations-1.17.jar;d:\estragio\.vscode\extensions\valentjn.vscode-ltex-13.1.0\lib\ltex-ls-15.2.0\lib\annotations-12.0.jar;d:\estragio\.vscode\extensions\valentjn.vscode-ltex-13.1.0\lib\ltex-ls-15.2.0\lib\annotations-13.0.jar;d:\estragio\.vscode\extensions\valentjn.vscode-ltex-13.1.0\lib\ltex-ls-15.2.0\lib\annotations-20.1.0.jar;d:\estragio\.vscode\extensions\valentjn.vscode-ltex-13.1.0\lib\ltex-ls-15.2.0\lib\annotations-4.1.1.4.jar;d:\estragio\.vscode\extensions\valentjn.vscode-ltex-13.1.0\lib\ltex-ls-15.2.0\lib\bridj-0.7.0.jar;d:\estragio\.vscode\extensions\valentjn.vscode-ltex-13.1.0\lib\ltex-ls-15.2.0\lib\catalan-pos-dict-2.16.jar;d:\estragio\.vscode\extensions\valentjn.vscode-ltex-13.1.0\lib\ltex-ls-15.2.0\lib\checker-qual-2.5.2.jar;d:\estragio\.vscode\extensions\valentjn.vscode-ltex-13.1.0\lib\ltex-ls-15.2.0\lib\checker-qual-3.5.0.jar;d:\estragio\.vscode\extensions\valentjn.vscode-ltex-13.1.0\lib\ltex-ls-15.2.0\lib\cjftransform-1.0.1.jar;d:\estragio\.vscode\extensions\valentjn.vscode-ltex-13.1.0\lib\ltex-ls-15.2.0\lib\commons-lang3-3.11.jar;d:\estragio\.vscode\extensions\valentjn.vscode-ltex-13.1.0\lib\ltex-ls-15.2.0\lib\commons-logging-1.2.jar;d:\estragio\.vscode\extensions\valentjn.vscode-ltex-13.1.0\lib\ltex-ls-15.2.0\lib\commons-pool2-2.9.0.jar;d:\estragio\.vscode\extensions\valentjn.vscode-ltex-13.1.0\lib\ltex-ls-15.2.0\lib\commons-text-1.9.jar;d:\estragio\.vscode\extensions\valentjn.vscode-ltex-13.1.0\lib\ltex-ls-15.2.0\lib\dx-1.7.jar;d:\estragio\.vscode\extensions\valentjn.vscode-ltex-13.1.0\lib\ltex-ls-15.2.0\lib\emoji-java-5.1.1.jar;d:\estragio\.vscode\extensions\valentjn.vscode-ltex-13.1.0\lib\ltex-ls-15.2.0\lib\error_prone_
Launcher Type: SUN_STANDARD

[Global flags]
     intx CICompilerCount                          = 4                                         {product} {ergonomic}
     uint ConcGCThreads                            = 2                                         {product} {ergonomic}
     uint G1ConcRefinementThreads                  = 8                                         {product} {ergonomic}
   size_t G1HeapRegionSize                         = 1048576                                   {product} {ergonomic}
    uintx GCDrainStackTargetSize                   = 64                                        {product} {ergonomic}
   size_t InitialHeapSize                          = 67108864                                  {product} {command line}
   size_t MarkStackSize                            = 4194304                                   {product} {ergonomic}
   size_t MaxHeapSize                              = 536870912                                 {product} {command line}
   size_t MaxNewSize                               = 321912832                                 {product} {ergonomic}
   size_t MinHeapDeltaBytes                        = 1048576                                   {product} {ergonomic}
    uintx NonNMethodCodeHeapSize                   = 5836300                                {pd product} {ergonomic}
    uintx NonProfiledCodeHeapSize                  = 122910970                              {pd product} {ergonomic}
    uintx ProfiledCodeHeapSize                     = 122910970                              {pd product} {ergonomic}
    uintx ReservedCodeCacheSize                    = 251658240                              {pd product} {ergonomic}
     bool SegmentedCodeCache                       = true                                      {product} {ergonomic}
     bool UseCompressedClassPointers               = true                                 {lp64_product} {ergonomic}
     bool UseCompressedOops                        = true                                 {lp64_product} {ergonomic}
     bool UseG1GC                                  = true                                      {product} {ergonomic}
     bool UseLargePagesIndividualAllocation        = false                                  {pd product} {ergonomic}

Logging:
Log output configuration:
 #0: stdout all=warning uptime,level,tags
 #1: stderr all=off uptime,level,tags

Environment Variables:
JAVA_HOME=d:\estragio\.vscode\extensions\valentjn.vscode-ltex-13.1.0\lib\ltex-ls-15.2.0\jdk-11.0.12+7
CLASSPATH="d:\estragio\.vscode\extensions\valentjn.vscode-ltex-13.1.0\lib\ltex-ls-15.2.0"\etc;"d:\estragio\.vscode\extensions\valentjn.vscode-ltex-13.1.0\lib\ltex-ls-15.2.0\lib"\*
PATH=C:\windows\system32;C:\windows;C:\windows\System32\Wbem;C:\windows\System32\WindowsPowerShell\v1.0\;C:\windows\System32\OpenSSH\;C:\Users\Administrateur\AppData\Local\Microsoft\WindowsApps;C:\Program Files\CMake\bin;C:\Program Files (x86)\FreeFem++;C:\Program Files\TortoiseGit\bin;C:\Program Files\TortoiseSVN\bin;C:\Program Files\Git\cmd;C:\Program Files\MiKTeX\miktex\bin\x64\;C:\Program Files (x86)\PuTTY\;C:\Program Files\PuTTY\;C:\Program Files\jdk-18.0.2.1\bin;D:\estragio\AppData\Local\Microsoft\WindowsApps;D:\estragio\AppData\Local\Programs\Microsoft VS Code\bin;D:\estragio\AppData\Local\GitHubDesktop\bin;D:\estragio\PhD\98_Portable-Software\strawberry-perl-5.32.1.1-64bit\c\bin;D:\estragio\PhD\98_Portable-Software\strawberry-perl-5.32.1.1-64bit\perl\site\bin;D:\estragio\PhD\98_Portable-Software\strawberry-perl-5.32.1.1-64bit\perl\bin
USERNAME=estragio
OS=Windows_NT
PROCESSOR_IDENTIFIER=Intel64 Family 6 Model 158 Stepping 13, GenuineIntel



---------------  S Y S T E M  ---------------

OS: Windows 10 , 64 bit Build 18362 (10.0.18362.1500)
OS uptime: 9 days 3:44 hours

CPU:total 8 (initial active 8) (4 cores per cpu, 2 threads per core) family 6 model 158 stepping 13 microcode 0xd6, cmov, cx8, fxsr, mmx, sse, sse2, sse3, ssse3, sse4.1, sse4.2, popcnt, avx, avx2, aes, clmul, erms, 3dnowpref, lzcnt, ht, tsc, tscinvbit, bmi1, bmi2, adx, fma

Memory: 4k page, system-wide physical 16166M (2362M free)
TotalPageFile size 31166M (AvailPageFile size 48M)
current process WorkingSet (physical memory assigned to process): 221M, peak: 221M
current process commit charge ("private bytes"): 262M, peak: 322M

vm_info: OpenJDK 64-Bit Server VM (11.0.12+7) for windows-amd64 JRE (11.0.12+7), built on Jul 21 2021 16:23:49 by "" with unknown MS VC++:1916

END.
